<?xml version="1.0" encoding="UTF-8"?>
<coverage generated="1537142742726" clover="3.2.0">
  <project timestamp="1537142742726" name="All files">
    <metrics statements="390" coveredstatements="387" conditionals="514" coveredconditionals="500" methods="179" coveredmethods="178" elements="1083" coveredelements="1065" complexity="0" loc="390" ncloc="390" packages="2" files="61" classes="61">
      <package name="src">
        <metrics statements="279" coveredstatements="276" conditionals="446" coveredconditionals="438" methods="107" coveredmethods="106"/>
        <file name="a.js" path="/home/ajt/workspace/module.kopaxgroup.com/styled-components/bootstrap-styled-mixins/src/a.js">
          <metrics statements="2" coveredstatements="2" conditionals="5" coveredconditionals="5" methods="1" coveredmethods="1"/>
          <line num="4" count="2" type="stmt"/>
          <line num="19" count="2" type="stmt"/>
        </file>
        <file name="alert.js" path="/home/ajt/workspace/module.kopaxgroup.com/styled-components/bootstrap-styled-mixins/src/alert.js">
          <metrics statements="1" coveredstatements="1" conditionals="0" coveredconditionals="0" methods="1" coveredmethods="1"/>
          <line num="4" count="1" type="stmt"/>
        </file>
        <file name="background-variant.js" path="/home/ajt/workspace/module.kopaxgroup.com/styled-components/bootstrap-styled-mixins/src/background-variant.js">
          <metrics statements="2" coveredstatements="2" conditionals="1" coveredconditionals="1" methods="1" coveredmethods="1"/>
          <line num="4" count="3" type="stmt"/>
          <line num="9" count="30" type="stmt"/>
        </file>
        <file name="badge.js" path="/home/ajt/workspace/module.kopaxgroup.com/styled-components/bootstrap-styled-mixins/src/badge.js">
          <metrics statements="2" coveredstatements="2" conditionals="1" coveredconditionals="1" methods="1" coveredmethods="1"/>
          <line num="4" count="2" type="stmt"/>
          <line num="9" count="3" type="stmt"/>
        </file>
        <file name="border-radius.js" path="/home/ajt/workspace/module.kopaxgroup.com/styled-components/bootstrap-styled-mixins/src/border-radius.js">
          <metrics statements="16" coveredstatements="16" conditionals="20" coveredconditionals="20" methods="5" coveredmethods="5"/>
          <line num="1" count="11" type="stmt"/>
          <line num="7" count="52" type="cond" truecount="2" falsecount="0"/>
          <line num="8" count="46" type="stmt"/>
          <line num="12" count="6" type="stmt"/>
          <line num="16" count="20" type="cond" truecount="2" falsecount="0"/>
          <line num="17" count="18" type="stmt"/>
          <line num="22" count="2" type="stmt"/>
          <line num="26" count="23" type="cond" truecount="2" falsecount="0"/>
          <line num="27" count="19" type="stmt"/>
          <line num="32" count="4" type="stmt"/>
          <line num="36" count="16" type="cond" truecount="2" falsecount="0"/>
          <line num="37" count="14" type="stmt"/>
          <line num="42" count="2" type="stmt"/>
          <line num="46" count="23" type="cond" truecount="2" falsecount="0"/>
          <line num="47" count="19" type="stmt"/>
          <line num="52" count="4" type="stmt"/>
        </file>
        <file name="box-shadow.js" path="/home/ajt/workspace/module.kopaxgroup.com/styled-components/bootstrap-styled-mixins/src/box-shadow.js">
          <metrics statements="4" coveredstatements="4" conditionals="3" coveredconditionals="3" methods="1" coveredmethods="1"/>
          <line num="1" count="6" type="stmt"/>
          <line num="6" count="67" type="cond" truecount="2" falsecount="0"/>
          <line num="7" count="41" type="stmt"/>
          <line num="11" count="26" type="stmt"/>
        </file>
        <file name="breakpoints.js" path="/home/ajt/workspace/module.kopaxgroup.com/styled-components/bootstrap-styled-mixins/src/breakpoints.js">
          <metrics statements="31" coveredstatements="31" conditionals="31" coveredconditionals="31" methods="8" coveredmethods="8"/>
          <line num="3" count="11" type="stmt"/>
          <line num="29" count="56" type="stmt"/>
          <line num="30" count="56" type="cond" truecount="4" falsecount="0"/>
          <line num="31" count="41" type="stmt"/>
          <line num="33" count="15" type="stmt"/>
          <line num="41" count="1205" type="stmt"/>
          <line num="42" count="1205" type="cond" truecount="2" falsecount="0"/>
          <line num="51" count="31" type="stmt"/>
          <line num="52" count="31" type="cond" truecount="2" falsecount="0"/>
          <line num="53" count="21" type="stmt"/>
          <line num="54" count="21" type="stmt"/>
          <line num="56" count="10" type="stmt"/>
          <line num="68" count="97" type="cond" truecount="2" falsecount="0"/>
          <line num="74" count="1078" type="stmt"/>
          <line num="75" count="1078" type="cond" truecount="2" falsecount="0"/>
          <line num="76" count="856" type="stmt"/>
          <line num="82" count="222" type="stmt"/>
          <line num="90" count="22" type="stmt"/>
          <line num="91" count="22" type="cond" truecount="2" falsecount="0"/>
          <line num="92" count="17" type="stmt"/>
          <line num="98" count="5" type="stmt"/>
          <line num="109" count="6" type="stmt"/>
          <line num="110" count="6" type="stmt"/>
          <line num="111" count="6" type="cond" truecount="4" falsecount="0"/>
          <line num="112" count="2" type="stmt"/>
          <line num="117" count="4" type="cond" truecount="2" falsecount="0"/>
          <line num="118" count="1" type="stmt"/>
          <line num="123" count="3" type="cond" truecount="2" falsecount="0"/>
          <line num="124" count="1" type="stmt"/>
          <line num="130" count="2" type="stmt"/>
          <line num="140" count="2" type="stmt"/>
        </file>
        <file name="buttonGroup.js" path="/home/ajt/workspace/module.kopaxgroup.com/styled-components/bootstrap-styled-mixins/src/buttonGroup.js">
          <metrics statements="2" coveredstatements="2" conditionals="13" coveredconditionals="13" methods="1" coveredmethods="1"/>
          <line num="7" count="2" type="stmt"/>
          <line num="39" count="2" type="stmt"/>
        </file>
        <file name="buttons.js" path="/home/ajt/workspace/module.kopaxgroup.com/styled-components/bootstrap-styled-mixins/src/buttons.js">
          <metrics statements="7" coveredstatements="7" conditionals="53" coveredconditionals="53" methods="4" coveredmethods="4"/>
          <line num="8" count="3" type="stmt"/>
          <line num="67" count="15" type="stmt"/>
          <line num="68" count="15" type="stmt"/>
          <line num="70" count="15" type="stmt"/>
          <line num="111" count="14" type="stmt"/>
          <line num="146" count="13" type="stmt"/>
          <line num="203" count="2" type="stmt"/>
        </file>
        <file name="cards.js" path="/home/ajt/workspace/module.kopaxgroup.com/styled-components/bootstrap-styled-mixins/src/cards.js">
          <metrics statements="6" coveredstatements="6" conditionals="25" coveredconditionals="25" methods="4" coveredmethods="4"/>
          <line num="6" count="2" type="stmt"/>
          <line num="8" count="2" type="stmt"/>
          <line num="35" count="12" type="stmt"/>
          <line num="47" count="14" type="stmt"/>
          <line num="54" count="5" type="stmt"/>
          <line num="105" count="2" type="stmt"/>
        </file>
        <file name="clearfix.js" path="/home/ajt/workspace/module.kopaxgroup.com/styled-components/bootstrap-styled-mixins/src/clearfix.js">
          <metrics statements="1" coveredstatements="1" conditionals="0" coveredconditionals="0" methods="1" coveredmethods="1"/>
          <line num="2" count="3" type="stmt"/>
        </file>
        <file name="conditional.js" path="/home/ajt/workspace/module.kopaxgroup.com/styled-components/bootstrap-styled-mixins/src/conditional.js">
          <metrics statements="2" coveredstatements="2" conditionals="2" coveredconditionals="2" methods="2" coveredmethods="2"/>
          <line num="2" count="2" type="stmt"/>
          <line num="6" count="19" type="cond" truecount="2" falsecount="0"/>
        </file>
        <file name="customForms.js" path="/home/ajt/workspace/module.kopaxgroup.com/styled-components/bootstrap-styled-mixins/src/customForms.js">
          <metrics statements="11" coveredstatements="11" conditionals="63" coveredconditionals="63" methods="3" coveredmethods="3"/>
          <line num="5" count="2" type="stmt"/>
          <line num="143" count="2" type="stmt"/>
          <line num="144" count="2" type="stmt"/>
          <line num="145" count="2" type="stmt"/>
          <line num="152" count="2" type="stmt"/>
          <line num="153" count="2" type="stmt"/>
          <line num="154" count="2" type="stmt"/>
          <line num="160" count="2" type="stmt"/>
          <line num="161" count="2" type="stmt"/>
          <line num="162" count="2" type="stmt"/>
          <line num="164" count="2" type="stmt"/>
        </file>
        <file name="float.js" path="/home/ajt/workspace/module.kopaxgroup.com/styled-components/bootstrap-styled-mixins/src/float.js">
          <metrics statements="3" coveredstatements="3" conditionals="0" coveredconditionals="0" methods="3" coveredmethods="3"/>
          <line num="2" count="11" type="stmt"/>
          <line num="8" count="11" type="stmt"/>
          <line num="14" count="11" type="stmt"/>
        </file>
        <file name="forms.js" path="/home/ajt/workspace/module.kopaxgroup.com/styled-components/bootstrap-styled-mixins/src/forms.js">
          <metrics statements="5" coveredstatements="5" conditionals="33" coveredconditionals="32" methods="4" coveredmethods="4"/>
          <line num="6" count="2" type="stmt"/>
          <line num="55" count="2" type="stmt"/>
          <line num="119" count="3" type="stmt"/>
          <line num="162" count="5" type="stmt"/>
          <line num="178" count="3" type="stmt"/>
        </file>
        <file name="gradients.js" path="/home/ajt/workspace/module.kopaxgroup.com/styled-components/bootstrap-styled-mixins/src/gradients.js">
          <metrics statements="7" coveredstatements="7" conditionals="23" coveredconditionals="23" methods="7" coveredmethods="7"/>
          <line num="8" count="1" type="stmt"/>
          <line num="20" count="1" type="stmt"/>
          <line num="28" count="1" type="stmt"/>
          <line num="35" count="1" type="stmt"/>
          <line num="43" count="1" type="stmt"/>
          <line num="51" count="1" type="stmt"/>
          <line num="58" count="1" type="stmt"/>
        </file>
        <file name="grid-framework.js" path="/home/ajt/workspace/module.kopaxgroup.com/styled-components/bootstrap-styled-mixins/src/grid-framework.js">
          <metrics statements="33" coveredstatements="33" conditionals="17" coveredconditionals="15" methods="6" coveredmethods="6"/>
          <line num="4" count="2" type="stmt"/>
          <line num="29" count="158" type="stmt"/>
          <line num="38" count="12" type="stmt"/>
          <line num="39" count="12" type="stmt"/>
          <line num="40" count="12" type="stmt"/>
          <line num="41" count="144" type="stmt"/>
          <line num="47" count="144" type="stmt"/>
          <line num="49" count="12" type="stmt"/>
          <line num="61" count="12" type="stmt"/>
          <line num="62" count="12" type="stmt"/>
          <line num="76" count="12" type="stmt"/>
          <line num="77" count="12" type="stmt"/>
          <line num="78" count="144" type="stmt"/>
          <line num="84" count="144" type="stmt"/>
          <line num="86" count="12" type="stmt"/>
          <line num="87" count="12" type="stmt"/>
          <line num="88" count="12" type="stmt"/>
          <line num="89" count="24" type="stmt"/>
          <line num="90" count="312" type="stmt"/>
          <line num="96" count="312" type="stmt"/>
          <line num="100" count="12" type="stmt"/>
          <line num="101" count="12" type="stmt"/>
          <line num="102" count="144" type="cond" truecount="2" falsecount="2"/>
          <line num="103" count="144" type="stmt"/>
          <line num="109" count="144" type="stmt"/>
          <line num="112" count="12" type="stmt"/>
          <line num="121" count="3" type="cond" truecount="2" falsecount="0"/>
          <line num="122" count="2" type="stmt"/>
          <line num="123" count="2" type="stmt"/>
          <line num="124" count="10" type="stmt"/>
          <line num="128" count="10" type="stmt"/>
          <line num="130" count="2" type="stmt"/>
          <line num="134" count="1" type="stmt"/>
        </file>
        <file name="grid.js" path="/home/ajt/workspace/module.kopaxgroup.com/styled-components/bootstrap-styled-mixins/src/grid.js">
          <metrics statements="52" coveredstatements="52" conditionals="30" coveredconditionals="30" methods="15" coveredmethods="15"/>
          <line num="4" count="3" type="stmt"/>
          <line num="34" count="3" type="cond" truecount="2" falsecount="0"/>
          <line num="35" count="2" type="stmt"/>
          <line num="36" count="2" type="stmt"/>
          <line num="37" count="10" type="stmt"/>
          <line num="38" count="10" type="stmt"/>
          <line num="42" count="10" type="stmt"/>
          <line num="44" count="2" type="stmt"/>
          <line num="51" count="1" type="stmt"/>
          <line num="56" count="3" type="cond" truecount="2" falsecount="0"/>
          <line num="57" count="2" type="stmt"/>
          <line num="58" count="2" type="stmt"/>
          <line num="59" count="8" type="stmt"/>
          <line num="63" count="8" type="stmt"/>
          <line num="65" count="2" type="stmt"/>
          <line num="69" count="1" type="stmt"/>
          <line num="73" count="160" type="stmt"/>
          <line num="74" count="160" type="stmt"/>
          <line num="75" count="795" type="stmt"/>
          <line num="76" count="795" type="stmt"/>
          <line num="77" count="795" type="stmt"/>
          <line num="81" count="795" type="stmt"/>
          <line num="83" count="160" type="stmt"/>
          <line num="89" count="4" type="cond" truecount="2" falsecount="0"/>
          <line num="90" count="2" type="stmt"/>
          <line num="91" count="2" type="stmt"/>
          <line num="92" count="10" type="stmt"/>
          <line num="93" count="10" type="stmt"/>
          <line num="94" count="10" type="stmt"/>
          <line num="98" count="10" type="stmt"/>
          <line num="100" count="2" type="stmt"/>
          <line num="106" count="2" type="stmt"/>
          <line num="110" count="2" type="stmt"/>
          <line num="111" count="2" type="stmt"/>
          <line num="112" count="5" type="stmt"/>
          <line num="113" count="5" type="stmt"/>
          <line num="114" count="5" type="stmt"/>
          <line num="118" count="5" type="stmt"/>
          <line num="120" count="2" type="stmt"/>
          <line num="132" count="146" type="stmt"/>
          <line num="142" count="147" type="stmt"/>
          <line num="148" count="159" type="stmt"/>
          <line num="154" count="159" type="stmt"/>
          <line num="160" count="460" type="stmt"/>
          <line num="166" count="460" type="stmt"/>
          <line num="167" count="460" type="cond" truecount="2" falsecount="0"/>
          <line num="168" count="157" type="stmt"/>
          <line num="169" count="303" type="cond" truecount="2" falsecount="0"/>
          <line num="170" count="157" type="stmt"/>
          <line num="171" count="146" type="cond" truecount="2" falsecount="0"/>
          <line num="172" count="145" type="stmt"/>
          <line num="174" count="460" type="stmt"/>
        </file>
        <file name="hover.js" path="/home/ajt/workspace/module.kopaxgroup.com/styled-components/bootstrap-styled-mixins/src/hover.js">
          <metrics statements="14" coveredstatements="14" conditionals="9" coveredconditionals="9" methods="4" coveredmethods="4"/>
          <line num="1" count="16" type="stmt"/>
          <line num="15" count="50" type="stmt"/>
          <line num="21" count="90" type="cond" truecount="2" falsecount="0"/>
          <line num="22" count="5" type="stmt"/>
          <line num="27" count="85" type="stmt"/>
          <line num="36" count="7" type="cond" truecount="2" falsecount="0"/>
          <line num="37" count="2" type="stmt"/>
          <line num="44" count="5" type="stmt"/>
          <line num="52" count="4" type="cond" truecount="2" falsecount="0"/>
          <line num="53" count="1" type="stmt"/>
          <line num="61" count="3" type="stmt"/>
          <line num="69" count="16" type="stmt"/>
          <line num="70" count="16" type="stmt"/>
          <line num="71" count="16" type="stmt"/>
        </file>
        <file name="image.js" path="/home/ajt/workspace/module.kopaxgroup.com/styled-components/bootstrap-styled-mixins/src/image.js">
          <metrics statements="2" coveredstatements="2" conditionals="0" coveredconditionals="0" methods="2" coveredmethods="2"/>
          <line num="11" count="1" type="stmt"/>
          <line num="25" count="1" type="stmt"/>
        </file>
        <file name="index.js" path="/home/ajt/workspace/module.kopaxgroup.com/styled-components/bootstrap-styled-mixins/src/index.js">
          <metrics statements="0" coveredstatements="0" conditionals="0" coveredconditionals="0" methods="0" coveredmethods="0"/>
        </file>
        <file name="list-group.js" path="/home/ajt/workspace/module.kopaxgroup.com/styled-components/bootstrap-styled-mixins/src/list-group.js">
          <metrics statements="2" coveredstatements="2" conditionals="1" coveredconditionals="1" methods="1" coveredmethods="1"/>
          <line num="4" count="2" type="stmt"/>
          <line num="9" count="3" type="stmt"/>
        </file>
        <file name="lists.js" path="/home/ajt/workspace/module.kopaxgroup.com/styled-components/bootstrap-styled-mixins/src/lists.js">
          <metrics statements="4" coveredstatements="3" conditionals="1" coveredconditionals="1" methods="3" coveredmethods="2"/>
          <line num="1" count="2" type="stmt"/>
          <line num="6" count="1" type="stmt"/>
          <line num="13" count="0" type="stmt"/>
          <line num="17" count="2" type="stmt"/>
        </file>
        <file name="media.js" path="/home/ajt/workspace/module.kopaxgroup.com/styled-components/bootstrap-styled-mixins/src/media.js">
          <metrics statements="1" coveredstatements="1" conditionals="0" coveredconditionals="0" methods="1" coveredmethods="1"/>
          <line num="2" count="1" type="stmt"/>
        </file>
        <file name="nav-divider.js" path="/home/ajt/workspace/module.kopaxgroup.com/styled-components/bootstrap-styled-mixins/src/nav-divider.js">
          <metrics statements="3" coveredstatements="3" conditionals="2" coveredconditionals="2" methods="1" coveredmethods="1"/>
          <line num="3" count="2" type="stmt"/>
          <line num="11" count="2" type="stmt"/>
          <line num="12" count="2" type="stmt"/>
        </file>
        <file name="nav.js" path="/home/ajt/workspace/module.kopaxgroup.com/styled-components/bootstrap-styled-mixins/src/nav.js">
          <metrics statements="2" coveredstatements="2" conditionals="15" coveredconditionals="15" methods="1" coveredmethods="1"/>
          <line num="4" count="2" type="stmt"/>
          <line num="39" count="2" type="stmt"/>
        </file>
        <file name="navbar-align.js" path="/home/ajt/workspace/module.kopaxgroup.com/styled-components/bootstrap-styled-mixins/src/navbar-align.js">
          <metrics statements="4" coveredstatements="4" conditionals="1" coveredconditionals="0" methods="1" coveredmethods="1"/>
          <line num="3" count="2" type="stmt"/>
          <line num="18" count="1" type="stmt"/>
          <line num="19" count="1" type="stmt"/>
          <line num="20" count="1" type="stmt"/>
        </file>
        <file name="navbar-toggleable.js" path="/home/ajt/workspace/module.kopaxgroup.com/styled-components/bootstrap-styled-mixins/src/navbar-toggleable.js">
          <metrics statements="8" coveredstatements="8" conditionals="1" coveredconditionals="1" methods="2" coveredmethods="2"/>
          <line num="3" count="3" type="stmt"/>
          <line num="14" count="5" type="stmt"/>
          <line num="15" count="5" type="stmt"/>
          <line num="16" count="20" type="stmt"/>
          <line num="17" count="20" type="stmt"/>
          <line num="19" count="20" type="stmt"/>
          <line num="67" count="20" type="stmt"/>
          <line num="69" count="5" type="stmt"/>
        </file>
        <file name="navbar.js" path="/home/ajt/workspace/module.kopaxgroup.com/styled-components/bootstrap-styled-mixins/src/navbar.js">
          <metrics statements="2" coveredstatements="2" conditionals="28" coveredconditionals="28" methods="1" coveredmethods="1"/>
          <line num="6" count="2" type="stmt"/>
          <line num="73" count="2" type="stmt"/>
        </file>
        <file name="paginations.js" path="/home/ajt/workspace/module.kopaxgroup.com/styled-components/bootstrap-styled-mixins/src/paginations.js">
          <metrics statements="3" coveredstatements="3" conditionals="31" coveredconditionals="31" methods="2" coveredmethods="2"/>
          <line num="4" count="2" type="stmt"/>
          <line num="37" count="9" type="cond" truecount="1" falsecount="0"/>
          <line num="89" count="2" type="stmt"/>
        </file>
        <file name="progress.js" path="/home/ajt/workspace/module.kopaxgroup.com/styled-components/bootstrap-styled-mixins/src/progress.js">
          <metrics statements="1" coveredstatements="1" conditionals="0" coveredconditionals="0" methods="1" coveredmethods="1"/>
          <line num="2" count="1" type="stmt"/>
        </file>
        <file name="reset-filter.js" path="/home/ajt/workspace/module.kopaxgroup.com/styled-components/bootstrap-styled-mixins/src/reset-filter.js">
          <metrics statements="1" coveredstatements="1" conditionals="0" coveredconditionals="0" methods="1" coveredmethods="1"/>
          <line num="7" count="1" type="stmt"/>
        </file>
        <file name="reset-text.js" path="/home/ajt/workspace/module.kopaxgroup.com/styled-components/bootstrap-styled-mixins/src/reset-text.js">
          <metrics statements="2" coveredstatements="2" conditionals="3" coveredconditionals="3" methods="1" coveredmethods="1"/>
          <line num="1" count="2" type="stmt"/>
          <line num="8" count="2" type="stmt"/>
        </file>
        <file name="resize.js" path="/home/ajt/workspace/module.kopaxgroup.com/styled-components/bootstrap-styled-mixins/src/resize.js">
          <metrics statements="4" coveredstatements="4" conditionals="2" coveredconditionals="2" methods="1" coveredmethods="1"/>
          <line num="4" count="2" type="stmt"/>
          <line num="5" count="2" type="cond" truecount="2" falsecount="0"/>
          <line num="6" count="1" type="stmt"/>
          <line num="8" count="1" type="stmt"/>
        </file>
        <file name="screen-reader.js" path="/home/ajt/workspace/module.kopaxgroup.com/styled-components/bootstrap-styled-mixins/src/screen-reader.js">
          <metrics statements="2" coveredstatements="2" conditionals="0" coveredconditionals="0" methods="2" coveredmethods="2"/>
          <line num="6" count="2" type="stmt"/>
          <line num="25" count="2" type="stmt"/>
        </file>
        <file name="size.js" path="/home/ajt/workspace/module.kopaxgroup.com/styled-components/bootstrap-styled-mixins/src/size.js">
          <metrics statements="1" coveredstatements="1" conditionals="1" coveredconditionals="1" methods="1" coveredmethods="1"/>
          <line num="4" count="2" type="stmt"/>
        </file>
        <file name="tab-focus.js" path="/home/ajt/workspace/module.kopaxgroup.com/styled-components/bootstrap-styled-mixins/src/tab-focus.js">
          <metrics statements="1" coveredstatements="1" conditionals="0" coveredconditionals="0" methods="1" coveredmethods="1"/>
          <line num="4" count="3" type="stmt"/>
        </file>
        <file name="table-row.js" path="/home/ajt/workspace/module.kopaxgroup.com/styled-components/bootstrap-styled-mixins/src/table-row.js">
          <metrics statements="2" coveredstatements="2" conditionals="0" coveredconditionals="0" methods="1" coveredmethods="1"/>
          <line num="6" count="5" type="stmt"/>
          <line num="7" count="5" type="stmt"/>
        </file>
        <file name="text-emphasis.js" path="/home/ajt/workspace/module.kopaxgroup.com/styled-components/bootstrap-styled-mixins/src/text-emphasis.js">
          <metrics statements="2" coveredstatements="2" conditionals="1" coveredconditionals="1" methods="1" coveredmethods="1"/>
          <line num="4" count="3" type="stmt"/>
          <line num="10" count="17" type="stmt"/>
        </file>
        <file name="text-hide.js" path="/home/ajt/workspace/module.kopaxgroup.com/styled-components/bootstrap-styled-mixins/src/text-hide.js">
          <metrics statements="1" coveredstatements="1" conditionals="0" coveredconditionals="0" methods="1" coveredmethods="1"/>
          <line num="3" count="3" type="stmt"/>
        </file>
        <file name="text-truncate.js" path="/home/ajt/workspace/module.kopaxgroup.com/styled-components/bootstrap-styled-mixins/src/text-truncate.js">
          <metrics statements="1" coveredstatements="1" conditionals="0" coveredconditionals="0" methods="1" coveredmethods="1"/>
          <line num="5" count="3" type="stmt"/>
        </file>
        <file name="transition.js" path="/home/ajt/workspace/module.kopaxgroup.com/styled-components/bootstrap-styled-mixins/src/transition.js">
          <metrics statements="4" coveredstatements="4" conditionals="5" coveredconditionals="5" methods="1" coveredmethods="1"/>
          <line num="1" count="6" type="stmt"/>
          <line num="7" count="19" type="cond" truecount="4" falsecount="0"/>
          <line num="8" count="14" type="stmt"/>
          <line num="12" count="5" type="stmt"/>
        </file>
        <file name="typography.js" path="/home/ajt/workspace/module.kopaxgroup.com/styled-components/bootstrap-styled-mixins/src/typography.js">
          <metrics statements="2" coveredstatements="2" conditionals="13" coveredconditionals="13" methods="1" coveredmethods="1"/>
          <line num="1" count="2" type="stmt"/>
          <line num="32" count="2" type="stmt"/>
        </file>
        <file name="variables.js" path="/home/ajt/workspace/module.kopaxgroup.com/styled-components/bootstrap-styled-mixins/src/variables.js">
          <metrics statements="22" coveredstatements="20" conditionals="12" coveredconditionals="8" methods="5" coveredmethods="5"/>
          <line num="6" count="2" type="stmt"/>
          <line num="7" count="2" type="stmt"/>
          <line num="8" count="10" type="stmt"/>
          <line num="9" count="10" type="cond" truecount="2" falsecount="0"/>
          <line num="11" count="8" type="cond" truecount="1" falsecount="1"/>
          <line num="13" count="0" type="cond" truecount="0" falsecount="1"/>
          <line num="16" count="0" type="stmt"/>
          <line num="17" count="8" type="cond" truecount="2" falsecount="0"/>
          <line num="19" count="1" type="cond" truecount="0" falsecount="1"/>
          <line num="22" count="1" type="stmt"/>
          <line num="24" count="10" type="stmt"/>
          <line num="25" count="10" type="stmt"/>
          <line num="27" count="2" type="stmt"/>
          <line num="31" count="10" type="stmt"/>
          <line num="32" count="2" type="stmt"/>
          <line num="33" count="2" type="stmt"/>
          <line num="34" count="2" type="cond" truecount="2" falsecount="0"/>
          <line num="35" count="1" type="cond" truecount="1" falsecount="1"/>
          <line num="36" count="1" type="stmt"/>
          <line num="38" count="1" type="stmt"/>
          <line num="40" count="2" type="stmt"/>
          <line num="44" count="11" type="stmt"/>
        </file>
        <file name="visibility.js" path="/home/ajt/workspace/module.kopaxgroup.com/styled-components/bootstrap-styled-mixins/src/visibility.js">
          <metrics statements="1" coveredstatements="1" conditionals="0" coveredconditionals="0" methods="1" coveredmethods="1"/>
          <line num="5" count="4" type="stmt"/>
        </file>
      </package>
      <package name="src.utilities">
        <metrics statements="111" coveredstatements="111" conditionals="68" coveredconditionals="62" methods="72" coveredmethods="72"/>
        <file name="align.js" path="/home/ajt/workspace/module.kopaxgroup.com/styled-components/bootstrap-styled-mixins/src/utilities/align.js">
          <metrics statements="7" coveredstatements="7" conditionals="0" coveredconditionals="0" methods="7" coveredmethods="7"/>
          <line num="2" count="1" type="stmt"/>
          <line num="13" count="2" type="stmt"/>
          <line num="19" count="2" type="stmt"/>
          <line num="25" count="2" type="stmt"/>
          <line num="31" count="2" type="stmt"/>
          <line num="37" count="2" type="stmt"/>
          <line num="43" count="2" type="stmt"/>
        </file>
        <file name="background.js" path="/home/ajt/workspace/module.kopaxgroup.com/styled-components/bootstrap-styled-mixins/src/utilities/background.js">
          <metrics statements="9" coveredstatements="9" conditionals="15" coveredconditionals="15" methods="8" coveredmethods="8"/>
          <line num="3" count="2" type="stmt"/>
          <line num="28" count="2" type="stmt"/>
          <line num="38" count="2" type="cond" truecount="1" falsecount="0"/>
          <line num="39" count="2" type="cond" truecount="1" falsecount="0"/>
          <line num="40" count="2" type="cond" truecount="1" falsecount="0"/>
          <line num="41" count="2" type="cond" truecount="1" falsecount="0"/>
          <line num="42" count="2" type="cond" truecount="1" falsecount="0"/>
          <line num="43" count="2" type="cond" truecount="1" falsecount="0"/>
          <line num="44" count="2" type="cond" truecount="1" falsecount="0"/>
        </file>
        <file name="borders.js" path="/home/ajt/workspace/module.kopaxgroup.com/styled-components/bootstrap-styled-mixins/src/utilities/borders.js">
          <metrics statements="18" coveredstatements="18" conditionals="12" coveredconditionals="12" methods="17" coveredmethods="17"/>
          <line num="3" count="2" type="stmt"/>
          <line num="9" count="3" type="stmt"/>
          <line num="30" count="6" type="stmt"/>
          <line num="38" count="6" type="stmt"/>
          <line num="46" count="6" type="stmt"/>
          <line num="54" count="6" type="stmt"/>
          <line num="62" count="6" type="stmt"/>
          <line num="70" count="5" type="stmt"/>
          <line num="78" count="4" type="stmt"/>
          <line num="86" count="4" type="stmt"/>
          <line num="94" count="4" type="stmt"/>
          <line num="103" count="4" type="stmt"/>
          <line num="111" count="4" type="stmt"/>
          <line num="119" count="4" type="stmt"/>
          <line num="127" count="4" type="stmt"/>
          <line num="136" count="4" type="stmt"/>
          <line num="145" count="4" type="stmt"/>
          <line num="154" count="4" type="stmt"/>
        </file>
        <file name="clearfix.js" path="/home/ajt/workspace/module.kopaxgroup.com/styled-components/bootstrap-styled-mixins/src/utilities/clearfix.js">
          <metrics statements="2" coveredstatements="2" conditionals="0" coveredconditionals="0" methods="2" coveredmethods="2"/>
          <line num="4" count="1" type="stmt"/>
          <line num="10" count="2" type="stmt"/>
        </file>
        <file name="cursor.js" path="/home/ajt/workspace/module.kopaxgroup.com/styled-components/bootstrap-styled-mixins/src/utilities/cursor.js">
          <metrics statements="1" coveredstatements="1" conditionals="0" coveredconditionals="0" methods="1" coveredmethods="1"/>
          <line num="2" count="1" type="stmt"/>
        </file>
        <file name="display.js" path="/home/ajt/workspace/module.kopaxgroup.com/styled-components/bootstrap-styled-mixins/src/utilities/display.js">
          <metrics statements="7" coveredstatements="7" conditionals="1" coveredconditionals="1" methods="2" coveredmethods="2"/>
          <line num="3" count="2" type="stmt"/>
          <line num="14" count="2" type="stmt"/>
          <line num="15" count="2" type="stmt"/>
          <line num="16" count="10" type="stmt"/>
          <line num="17" count="10" type="stmt"/>
          <line num="30" count="2" type="stmt"/>
          <line num="61" count="2" type="stmt"/>
        </file>
        <file name="flex.js" path="/home/ajt/workspace/module.kopaxgroup.com/styled-components/bootstrap-styled-mixins/src/utilities/flex.js">
          <metrics statements="6" coveredstatements="6" conditionals="1" coveredconditionals="1" methods="2" coveredmethods="2"/>
          <line num="3" count="2" type="stmt"/>
          <line num="14" count="2" type="stmt"/>
          <line num="15" count="2" type="stmt"/>
          <line num="16" count="10" type="stmt"/>
          <line num="17" count="10" type="stmt"/>
          <line num="76" count="2" type="stmt"/>
        </file>
        <file name="float.js" path="/home/ajt/workspace/module.kopaxgroup.com/styled-components/bootstrap-styled-mixins/src/utilities/float.js">
          <metrics statements="7" coveredstatements="7" conditionals="1" coveredconditionals="1" methods="2" coveredmethods="2"/>
          <line num="4" count="2" type="stmt"/>
          <line num="15" count="2" type="stmt"/>
          <line num="16" count="2" type="stmt"/>
          <line num="17" count="10" type="stmt"/>
          <line num="18" count="10" type="stmt"/>
          <line num="29" count="10" type="stmt"/>
          <line num="32" count="2" type="stmt"/>
        </file>
        <file name="position.js" path="/home/ajt/workspace/module.kopaxgroup.com/styled-components/bootstrap-styled-mixins/src/utilities/position.js">
          <metrics statements="5" coveredstatements="5" conditionals="5" coveredconditionals="5" methods="4" coveredmethods="4"/>
          <line num="1" count="2" type="stmt"/>
          <line num="10" count="2" type="stmt"/>
          <line num="18" count="4" type="stmt"/>
          <line num="30" count="4" type="stmt"/>
          <line num="42" count="4" type="stmt"/>
        </file>
        <file name="reboot.js" path="/home/ajt/workspace/module.kopaxgroup.com/styled-components/bootstrap-styled-mixins/src/utilities/reboot.js">
          <metrics statements="12" coveredstatements="12" conditionals="12" coveredconditionals="6" methods="11" coveredmethods="11"/>
          <line num="1" count="2" type="stmt"/>
          <line num="17" count="3" type="stmt"/>
          <line num="43" count="1" type="stmt"/>
          <line num="67" count="4" type="stmt"/>
          <line num="79" count="4" type="stmt"/>
          <line num="86" count="4" type="stmt"/>
          <line num="103" count="3" type="stmt"/>
          <line num="130" count="7" type="stmt"/>
          <line num="143" count="4" type="stmt"/>
          <line num="150" count="4" type="stmt"/>
          <line num="158" count="4" type="stmt"/>
          <line num="164" count="4" type="stmt"/>
        </file>
        <file name="screenreaders.js" path="/home/ajt/workspace/module.kopaxgroup.com/styled-components/bootstrap-styled-mixins/src/utilities/screenreaders.js">
          <metrics statements="1" coveredstatements="1" conditionals="0" coveredconditionals="0" methods="1" coveredmethods="1"/>
          <line num="4" count="1" type="stmt"/>
        </file>
        <file name="sizing.js" path="/home/ajt/workspace/module.kopaxgroup.com/styled-components/bootstrap-styled-mixins/src/utilities/sizing.js">
          <metrics statements="7" coveredstatements="7" conditionals="1" coveredconditionals="1" methods="3" coveredmethods="3"/>
          <line num="1" count="2" type="stmt"/>
          <line num="11" count="2" type="stmt"/>
          <line num="16" count="2" type="stmt"/>
          <line num="17" count="2" type="stmt"/>
          <line num="18" count="4" type="stmt"/>
          <line num="19" count="16" type="stmt"/>
          <line num="25" count="2" type="stmt"/>
        </file>
        <file name="spacing.js" path="/home/ajt/workspace/module.kopaxgroup.com/styled-components/bootstrap-styled-mixins/src/utilities/spacing.js">
          <metrics statements="14" coveredstatements="14" conditionals="2" coveredconditionals="2" methods="5" coveredmethods="5"/>
          <line num="3" count="2" type="stmt"/>
          <line num="43" count="2" type="stmt"/>
          <line num="48" count="2" type="stmt"/>
          <line num="49" count="2" type="stmt"/>
          <line num="50" count="2" type="stmt"/>
          <line num="51" count="10" type="stmt"/>
          <line num="52" count="10" type="stmt"/>
          <line num="54" count="10" type="stmt"/>
          <line num="55" count="20" type="stmt"/>
          <line num="56" count="20" type="stmt"/>
          <line num="57" count="120" type="stmt"/>
          <line num="58" count="120" type="stmt"/>
          <line num="77" count="10" type="stmt"/>
          <line num="93" count="2" type="stmt"/>
        </file>
        <file name="text.js" path="/home/ajt/workspace/module.kopaxgroup.com/styled-components/bootstrap-styled-mixins/src/utilities/text.js">
          <metrics statements="7" coveredstatements="7" conditionals="11" coveredconditionals="11" methods="2" coveredmethods="2"/>
          <line num="6" count="2" type="stmt"/>
          <line num="39" count="2" type="stmt"/>
          <line num="40" count="2" type="stmt"/>
          <line num="41" count="10" type="stmt"/>
          <line num="42" count="10" type="stmt"/>
          <line num="47" count="10" type="stmt"/>
          <line num="49" count="2" type="stmt"/>
        </file>
        <file name="transition.js" path="/home/ajt/workspace/module.kopaxgroup.com/styled-components/bootstrap-styled-mixins/src/utilities/transition.js">
          <metrics statements="7" coveredstatements="7" conditionals="7" coveredconditionals="7" methods="4" coveredmethods="4"/>
          <line num="4" count="2" type="stmt"/>
          <line num="15" count="2" type="stmt"/>
          <line num="22" count="5" type="stmt"/>
          <line num="36" count="5" type="stmt"/>
          <line num="68" count="2" type="stmt"/>
          <line num="74" count="2" type="stmt"/>
          <line num="75" count="2" type="stmt"/>
        </file>
        <file name="visibility.js" path="/home/ajt/workspace/module.kopaxgroup.com/styled-components/bootstrap-styled-mixins/src/utilities/visibility.js">
          <metrics statements="1" coveredstatements="1" conditionals="0" coveredconditionals="0" methods="1" coveredmethods="1"/>
          <line num="5" count="1" type="stmt"/>
        </file>
      </package>
    </metrics>
  </project>
</coverage>
