{"/home/ajt/workspace/module.kopaxgroup.com/styled-components/bootstrap-styled-mixins/src/a.js": {"path":"/home/ajt/workspace/module.kopaxgroup.com/styled-components/bootstrap-styled-mixins/src/a.js","statementMap":{"0":{"start":{"line":4,"column":28},"end":{"line":10,"column":1}},"1":{"start":{"line":19,"column":2},"end":{"line":47,"column":4}}},"fnMap":{"0":{"name":"a","decl":{"start":{"line":12,"column":16},"end":{"line":12,"column":17}},"loc":{"start":{"line":18,"column":2},"end":{"line":48,"column":1}},"line":18}},"branchMap":{"0":{"loc":{"start":{"line":13,"column":2},"end":{"line":13,"column":42}},"type":"default-arg","locations":[{"start":{"line":13,"column":15},"end":{"line":13,"column":42}}],"line":13},"1":{"loc":{"start":{"line":14,"column":2},"end":{"line":14,"column":52}},"type":"default-arg","locations":[{"start":{"line":14,"column":20},"end":{"line":14,"column":52}}],"line":14},"2":{"loc":{"start":{"line":15,"column":2},"end":{"line":15,"column":53}},"type":"default-arg","locations":[{"start":{"line":15,"column":20},"end":{"line":15,"column":53}}],"line":15},"3":{"loc":{"start":{"line":16,"column":2},"end":{"line":16,"column":63}},"type":"default-arg","locations":[{"start":{"line":16,"column":25},"end":{"line":16,"column":63}}],"line":16},"4":{"loc":{"start":{"line":17,"column":2},"end":{"line":17,"column":68}},"type":"default-arg","locations":[{"start":{"line":17,"column":27},"end":{"line":17,"column":68}}],"line":17}},"s":{"0":2,"1":2},"f":{"0":2},"b":{"0":[1],"1":[1],"2":[1],"3":[1],"4":[1]},"_coverageSchema":"332fd63041d2c1bcb487cc26dd0d5f7d97098a6c","hash":"df7dc471f5f19073217e7200e22afa9542001a66"}
,"/home/ajt/workspace/module.kopaxgroup.com/styled-components/bootstrap-styled-mixins/src/alert.js": {"path":"/home/ajt/workspace/module.kopaxgroup.com/styled-components/bootstrap-styled-mixins/src/alert.js","statementMap":{"0":{"start":{"line":4,"column":2},"end":{"line":15,"column":4}}},"fnMap":{"0":{"name":"alertVariant","decl":{"start":{"line":3,"column":16},"end":{"line":3,"column":28}},"loc":{"start":{"line":3,"column":60},"end":{"line":16,"column":1}},"line":3}},"branchMap":{},"s":{"0":1},"f":{"0":1},"b":{},"_coverageSchema":"332fd63041d2c1bcb487cc26dd0d5f7d97098a6c","hash":"5ab3b62ccdf52c438cecfd0365d11ae40622319b"}
,"/home/ajt/workspace/module.kopaxgroup.com/styled-components/bootstrap-styled-mixins/src/background-variant.js": {"path":"/home/ajt/workspace/module.kopaxgroup.com/styled-components/bootstrap-styled-mixins/src/background-variant.js","statementMap":{"0":{"start":{"line":4,"column":28},"end":{"line":6,"column":1}},"1":{"start":{"line":9,"column":2},"end":{"line":16,"column":4}}},"fnMap":{"0":{"name":"bgVariant","decl":{"start":{"line":8,"column":16},"end":{"line":8,"column":25}},"loc":{"start":{"line":8,"column":112},"end":{"line":17,"column":1}},"line":8}},"branchMap":{"0":{"loc":{"start":{"line":8,"column":26},"end":{"line":8,"column":91}},"type":"default-arg","locations":[{"start":{"line":8,"column":50},"end":{"line":8,"column":91}}],"line":8}},"s":{"0":3,"1":30},"f":{"0":30},"b":{"0":[8]},"_coverageSchema":"332fd63041d2c1bcb487cc26dd0d5f7d97098a6c","hash":"f281beb97ce3a313179ff68135b8e031a725231f"}
,"/home/ajt/workspace/module.kopaxgroup.com/styled-components/bootstrap-styled-mixins/src/badge.js": {"path":"/home/ajt/workspace/module.kopaxgroup.com/styled-components/bootstrap-styled-mixins/src/badge.js","statementMap":{"0":{"start":{"line":4,"column":28},"end":{"line":6,"column":1}},"1":{"start":{"line":9,"column":2},"end":{"line":15,"column":4}}},"fnMap":{"0":{"name":"badgeVariant","decl":{"start":{"line":8,"column":16},"end":{"line":8,"column":28}},"loc":{"start":{"line":8,"column":107},"end":{"line":16,"column":1}},"line":8}},"branchMap":{"0":{"loc":{"start":{"line":8,"column":29},"end":{"line":8,"column":93}},"type":"default-arg","locations":[{"start":{"line":8,"column":53},"end":{"line":8,"column":93}}],"line":8}},"s":{"0":2,"1":3},"f":{"0":3},"b":{"0":[1]},"_coverageSchema":"332fd63041d2c1bcb487cc26dd0d5f7d97098a6c","hash":"2f2053327fc6c925408bb1e987fcec30f7f99c27"}
,"/home/ajt/workspace/module.kopaxgroup.com/styled-components/bootstrap-styled-mixins/src/border-radius.js": {"path":"/home/ajt/workspace/module.kopaxgroup.com/styled-components/bootstrap-styled-mixins/src/border-radius.js","statementMap":{"0":{"start":{"line":1,"column":28},"end":{"line":4,"column":1}},"1":{"start":{"line":7,"column":2},"end":{"line":11,"column":3}},"2":{"start":{"line":8,"column":4},"end":{"line":10,"column":6}},"3":{"start":{"line":12,"column":2},"end":{"line":12,"column":12}},"4":{"start":{"line":16,"column":2},"end":{"line":21,"column":3}},"5":{"start":{"line":17,"column":4},"end":{"line":20,"column":6}},"6":{"start":{"line":22,"column":2},"end":{"line":22,"column":12}},"7":{"start":{"line":26,"column":2},"end":{"line":31,"column":3}},"8":{"start":{"line":27,"column":4},"end":{"line":30,"column":6}},"9":{"start":{"line":32,"column":2},"end":{"line":32,"column":12}},"10":{"start":{"line":36,"column":2},"end":{"line":41,"column":3}},"11":{"start":{"line":37,"column":4},"end":{"line":40,"column":6}},"12":{"start":{"line":42,"column":2},"end":{"line":42,"column":12}},"13":{"start":{"line":46,"column":2},"end":{"line":51,"column":3}},"14":{"start":{"line":47,"column":4},"end":{"line":50,"column":6}},"15":{"start":{"line":52,"column":2},"end":{"line":52,"column":12}}},"fnMap":{"0":{"name":"borderRadius","decl":{"start":{"line":6,"column":16},"end":{"line":6,"column":28}},"loc":{"start":{"line":6,"column":119},"end":{"line":13,"column":1}},"line":6},"1":{"name":"borderTopRadius","decl":{"start":{"line":15,"column":16},"end":{"line":15,"column":31}},"loc":{"start":{"line":15,"column":122},"end":{"line":23,"column":1}},"line":15},"2":{"name":"borderRightRadius","decl":{"start":{"line":25,"column":16},"end":{"line":25,"column":33}},"loc":{"start":{"line":25,"column":124},"end":{"line":33,"column":1}},"line":25},"3":{"name":"borderBottomRadius","decl":{"start":{"line":35,"column":16},"end":{"line":35,"column":34}},"loc":{"start":{"line":35,"column":125},"end":{"line":43,"column":1}},"line":35},"4":{"name":"borderLeftRadius","decl":{"start":{"line":45,"column":16},"end":{"line":45,"column":32}},"loc":{"start":{"line":45,"column":123},"end":{"line":53,"column":1}},"line":45}},"branchMap":{"0":{"loc":{"start":{"line":6,"column":29},"end":{"line":6,"column":76}},"type":"default-arg","locations":[{"start":{"line":6,"column":45},"end":{"line":6,"column":76}}],"line":6},"1":{"loc":{"start":{"line":6,"column":78},"end":{"line":6,"column":117}},"type":"default-arg","locations":[{"start":{"line":6,"column":87},"end":{"line":6,"column":117}}],"line":6},"2":{"loc":{"start":{"line":7,"column":2},"end":{"line":11,"column":3}},"type":"if","locations":[{"start":{"line":7,"column":2},"end":{"line":11,"column":3}},{"start":{"line":7,"column":2},"end":{"line":11,"column":3}}],"line":7},"3":{"loc":{"start":{"line":15,"column":32},"end":{"line":15,"column":79}},"type":"default-arg","locations":[{"start":{"line":15,"column":48},"end":{"line":15,"column":79}}],"line":15},"4":{"loc":{"start":{"line":15,"column":81},"end":{"line":15,"column":120}},"type":"default-arg","locations":[{"start":{"line":15,"column":90},"end":{"line":15,"column":120}}],"line":15},"5":{"loc":{"start":{"line":16,"column":2},"end":{"line":21,"column":3}},"type":"if","locations":[{"start":{"line":16,"column":2},"end":{"line":21,"column":3}},{"start":{"line":16,"column":2},"end":{"line":21,"column":3}}],"line":16},"6":{"loc":{"start":{"line":25,"column":34},"end":{"line":25,"column":81}},"type":"default-arg","locations":[{"start":{"line":25,"column":50},"end":{"line":25,"column":81}}],"line":25},"7":{"loc":{"start":{"line":25,"column":83},"end":{"line":25,"column":122}},"type":"default-arg","locations":[{"start":{"line":25,"column":92},"end":{"line":25,"column":122}}],"line":25},"8":{"loc":{"start":{"line":26,"column":2},"end":{"line":31,"column":3}},"type":"if","locations":[{"start":{"line":26,"column":2},"end":{"line":31,"column":3}},{"start":{"line":26,"column":2},"end":{"line":31,"column":3}}],"line":26},"9":{"loc":{"start":{"line":35,"column":35},"end":{"line":35,"column":82}},"type":"default-arg","locations":[{"start":{"line":35,"column":51},"end":{"line":35,"column":82}}],"line":35},"10":{"loc":{"start":{"line":35,"column":84},"end":{"line":35,"column":123}},"type":"default-arg","locations":[{"start":{"line":35,"column":93},"end":{"line":35,"column":123}}],"line":35},"11":{"loc":{"start":{"line":36,"column":2},"end":{"line":41,"column":3}},"type":"if","locations":[{"start":{"line":36,"column":2},"end":{"line":41,"column":3}},{"start":{"line":36,"column":2},"end":{"line":41,"column":3}}],"line":36},"12":{"loc":{"start":{"line":45,"column":33},"end":{"line":45,"column":80}},"type":"default-arg","locations":[{"start":{"line":45,"column":49},"end":{"line":45,"column":80}}],"line":45},"13":{"loc":{"start":{"line":45,"column":82},"end":{"line":45,"column":121}},"type":"default-arg","locations":[{"start":{"line":45,"column":91},"end":{"line":45,"column":121}}],"line":45},"14":{"loc":{"start":{"line":46,"column":2},"end":{"line":51,"column":3}},"type":"if","locations":[{"start":{"line":46,"column":2},"end":{"line":51,"column":3}},{"start":{"line":46,"column":2},"end":{"line":51,"column":3}}],"line":46}},"s":{"0":11,"1":52,"2":46,"3":6,"4":20,"5":18,"6":2,"7":23,"8":19,"9":4,"10":16,"11":14,"12":2,"13":23,"14":19,"15":4},"f":{"0":52,"1":20,"2":23,"3":16,"4":23},"b":{"0":[1],"1":[4],"2":[46,6],"3":[1],"4":[1],"5":[18,2],"6":[1],"7":[2],"8":[19,4],"9":[1],"10":[1],"11":[14,2],"12":[1],"13":[2],"14":[19,4]},"_coverageSchema":"332fd63041d2c1bcb487cc26dd0d5f7d97098a6c","hash":"81addb8c8b6c38b25378f060ae42b0c7062146be"}
,"/home/ajt/workspace/module.kopaxgroup.com/styled-components/bootstrap-styled-mixins/src/box-shadow.js": {"path":"/home/ajt/workspace/module.kopaxgroup.com/styled-components/bootstrap-styled-mixins/src/box-shadow.js","statementMap":{"0":{"start":{"line":1,"column":28},"end":{"line":3,"column":1}},"1":{"start":{"line":6,"column":2},"end":{"line":10,"column":3}},"2":{"start":{"line":7,"column":4},"end":{"line":9,"column":6}},"3":{"start":{"line":11,"column":2},"end":{"line":11,"column":12}}},"fnMap":{"0":{"name":"boxShadow","decl":{"start":{"line":5,"column":16},"end":{"line":5,"column":25}},"loc":{"start":{"line":5,"column":84},"end":{"line":12,"column":1}},"line":5}},"branchMap":{"0":{"loc":{"start":{"line":5,"column":26},"end":{"line":5,"column":73}},"type":"default-arg","locations":[{"start":{"line":5,"column":42},"end":{"line":5,"column":73}}],"line":5},"1":{"loc":{"start":{"line":6,"column":2},"end":{"line":10,"column":3}},"type":"if","locations":[{"start":{"line":6,"column":2},"end":{"line":10,"column":3}},{"start":{"line":6,"column":2},"end":{"line":10,"column":3}}],"line":6}},"s":{"0":6,"1":67,"2":41,"3":26},"f":{"0":67},"b":{"0":[1],"1":[41,26]},"_coverageSchema":"332fd63041d2c1bcb487cc26dd0d5f7d97098a6c","hash":"064bc74ef23c59bba5e696991b733f9d6244ec52"}
,"/home/ajt/workspace/module.kopaxgroup.com/styled-components/bootstrap-styled-mixins/src/breakpoints.js": {"path":"/home/ajt/workspace/module.kopaxgroup.com/styled-components/bootstrap-styled-mixins/src/breakpoints.js","statementMap":{"0":{"start":{"line":3,"column":28},"end":{"line":11,"column":1}},"1":{"start":{"line":29,"column":12},"end":{"line":29,"column":41}},"2":{"start":{"line":30,"column":2},"end":{"line":32,"column":3}},"3":{"start":{"line":31,"column":4},"end":{"line":31,"column":34}},"4":{"start":{"line":33,"column":2},"end":{"line":33,"column":14}},"5":{"start":{"line":41,"column":14},"end":{"line":41,"column":31}},"6":{"start":{"line":42,"column":2},"end":{"line":42,"column":34}},"7":{"start":{"line":51,"column":15},"end":{"line":51,"column":48}},"8":{"start":{"line":52,"column":2},"end":{"line":55,"column":3}},"9":{"start":{"line":53,"column":16},"end":{"line":53,"column":85}},"10":{"start":{"line":54,"column":4},"end":{"line":54,"column":52}},"11":{"start":{"line":56,"column":2},"end":{"line":56,"column":14}},"12":{"start":{"line":68,"column":2},"end":{"line":68,"column":68}},"13":{"start":{"line":74,"column":14},"end":{"line":74,"column":46}},"14":{"start":{"line":75,"column":2},"end":{"line":81,"column":3}},"15":{"start":{"line":76,"column":4},"end":{"line":80,"column":6}},"16":{"start":{"line":82,"column":2},"end":{"line":84,"column":4}},"17":{"start":{"line":90,"column":14},"end":{"line":90,"column":46}},"18":{"start":{"line":91,"column":2},"end":{"line":97,"column":3}},"19":{"start":{"line":92,"column":4},"end":{"line":96,"column":6}},"20":{"start":{"line":98,"column":2},"end":{"line":100,"column":4}},"21":{"start":{"line":109,"column":14},"end":{"line":109,"column":47}},"22":{"start":{"line":110,"column":14},"end":{"line":110,"column":47}},"23":{"start":{"line":111,"column":2},"end":{"line":129,"column":3}},"24":{"start":{"line":112,"column":4},"end":{"line":116,"column":6}},"25":{"start":{"line":117,"column":9},"end":{"line":129,"column":3}},"26":{"start":{"line":118,"column":4},"end":{"line":122,"column":6}},"27":{"start":{"line":123,"column":9},"end":{"line":129,"column":3}},"28":{"start":{"line":124,"column":4},"end":{"line":128,"column":6}},"29":{"start":{"line":130,"column":2},"end":{"line":132,"column":4}},"30":{"start":{"line":140,"column":2},"end":{"line":140,"column":66}}},"fnMap":{"0":{"name":"breakpointNext","decl":{"start":{"line":28,"column":16},"end":{"line":28,"column":30}},"loc":{"start":{"line":28,"column":130},"end":{"line":34,"column":1}},"line":28},"1":{"name":"breakpointMin","decl":{"start":{"line":40,"column":16},"end":{"line":40,"column":29}},"loc":{"start":{"line":40,"column":85},"end":{"line":43,"column":1}},"line":40},"2":{"name":"breakpointMax","decl":{"start":{"line":50,"column":16},"end":{"line":50,"column":29}},"loc":{"start":{"line":50,"column":85},"end":{"line":57,"column":1}},"line":50},"3":{"name":"breakpointInfix","decl":{"start":{"line":67,"column":16},"end":{"line":67,"column":31}},"loc":{"start":{"line":67,"column":87},"end":{"line":69,"column":1}},"line":67},"4":{"name":"mediaBreakpointUp","decl":{"start":{"line":73,"column":16},"end":{"line":73,"column":33}},"loc":{"start":{"line":73,"column":98},"end":{"line":85,"column":1}},"line":73},"5":{"name":"mediaBreakpointDown","decl":{"start":{"line":89,"column":16},"end":{"line":89,"column":35}},"loc":{"start":{"line":89,"column":100},"end":{"line":101,"column":1}},"line":89},"6":{"name":"mediaBreakpointBetween","decl":{"start":{"line":108,"column":16},"end":{"line":108,"column":38}},"loc":{"start":{"line":108,"column":111},"end":{"line":133,"column":1}},"line":108},"7":{"name":"mediaBreakpointOnly","decl":{"start":{"line":139,"column":16},"end":{"line":139,"column":35}},"loc":{"start":{"line":139,"column":100},"end":{"line":141,"column":1}},"line":139}},"branchMap":{"0":{"loc":{"start":{"line":28,"column":37},"end":{"line":28,"column":84}},"type":"default-arg","locations":[{"start":{"line":28,"column":51},"end":{"line":28,"column":84}}],"line":28},"1":{"loc":{"start":{"line":28,"column":86},"end":{"line":28,"column":128}},"type":"default-arg","locations":[{"start":{"line":28,"column":104},"end":{"line":28,"column":128}}],"line":28},"2":{"loc":{"start":{"line":30,"column":2},"end":{"line":32,"column":3}},"type":"if","locations":[{"start":{"line":30,"column":2},"end":{"line":32,"column":3}},{"start":{"line":30,"column":2},"end":{"line":32,"column":3}}],"line":30},"3":{"loc":{"start":{"line":30,"column":6},"end":{"line":30,"column":48}},"type":"binary-expr","locations":[{"start":{"line":30,"column":6},"end":{"line":30,"column":14}},{"start":{"line":30,"column":18},"end":{"line":30,"column":48}}],"line":30},"4":{"loc":{"start":{"line":40,"column":36},"end":{"line":40,"column":83}},"type":"default-arg","locations":[{"start":{"line":40,"column":50},"end":{"line":40,"column":83}}],"line":40},"5":{"loc":{"start":{"line":42,"column":9},"end":{"line":42,"column":33}},"type":"cond-expr","locations":[{"start":{"line":42,"column":23},"end":{"line":42,"column":26}},{"start":{"line":42,"column":29},"end":{"line":42,"column":33}}],"line":42},"6":{"loc":{"start":{"line":50,"column":36},"end":{"line":50,"column":83}},"type":"default-arg","locations":[{"start":{"line":50,"column":50},"end":{"line":50,"column":83}}],"line":50},"7":{"loc":{"start":{"line":52,"column":2},"end":{"line":55,"column":3}},"type":"if","locations":[{"start":{"line":52,"column":2},"end":{"line":55,"column":3}},{"start":{"line":52,"column":2},"end":{"line":55,"column":3}}],"line":52},"8":{"loc":{"start":{"line":67,"column":38},"end":{"line":67,"column":85}},"type":"default-arg","locations":[{"start":{"line":67,"column":52},"end":{"line":67,"column":85}}],"line":67},"9":{"loc":{"start":{"line":68,"column":9},"end":{"line":68,"column":67}},"type":"cond-expr","locations":[{"start":{"line":68,"column":52},"end":{"line":68,"column":54}},{"start":{"line":68,"column":57},"end":{"line":68,"column":67}}],"line":68},"10":{"loc":{"start":{"line":73,"column":40},"end":{"line":73,"column":87}},"type":"default-arg","locations":[{"start":{"line":73,"column":54},"end":{"line":73,"column":87}}],"line":73},"11":{"loc":{"start":{"line":75,"column":2},"end":{"line":81,"column":3}},"type":"if","locations":[{"start":{"line":75,"column":2},"end":{"line":81,"column":3}},{"start":{"line":75,"column":2},"end":{"line":81,"column":3}}],"line":75},"12":{"loc":{"start":{"line":89,"column":42},"end":{"line":89,"column":89}},"type":"default-arg","locations":[{"start":{"line":89,"column":56},"end":{"line":89,"column":89}}],"line":89},"13":{"loc":{"start":{"line":91,"column":2},"end":{"line":97,"column":3}},"type":"if","locations":[{"start":{"line":91,"column":2},"end":{"line":97,"column":3}},{"start":{"line":91,"column":2},"end":{"line":97,"column":3}}],"line":91},"14":{"loc":{"start":{"line":108,"column":53},"end":{"line":108,"column":100}},"type":"default-arg","locations":[{"start":{"line":108,"column":67},"end":{"line":108,"column":100}}],"line":108},"15":{"loc":{"start":{"line":111,"column":2},"end":{"line":129,"column":3}},"type":"if","locations":[{"start":{"line":111,"column":2},"end":{"line":129,"column":3}},{"start":{"line":111,"column":2},"end":{"line":129,"column":3}}],"line":111},"16":{"loc":{"start":{"line":111,"column":6},"end":{"line":111,"column":16}},"type":"binary-expr","locations":[{"start":{"line":111,"column":6},"end":{"line":111,"column":9}},{"start":{"line":111,"column":13},"end":{"line":111,"column":16}}],"line":111},"17":{"loc":{"start":{"line":117,"column":9},"end":{"line":129,"column":3}},"type":"if","locations":[{"start":{"line":117,"column":9},"end":{"line":129,"column":3}},{"start":{"line":117,"column":9},"end":{"line":129,"column":3}}],"line":117},"18":{"loc":{"start":{"line":123,"column":9},"end":{"line":129,"column":3}},"type":"if","locations":[{"start":{"line":123,"column":9},"end":{"line":129,"column":3}},{"start":{"line":123,"column":9},"end":{"line":129,"column":3}}],"line":123},"19":{"loc":{"start":{"line":139,"column":42},"end":{"line":139,"column":89}},"type":"default-arg","locations":[{"start":{"line":139,"column":56},"end":{"line":139,"column":89}}],"line":139}},"s":{"0":11,"1":56,"2":56,"3":41,"4":15,"5":1205,"6":1205,"7":31,"8":31,"9":21,"10":21,"11":10,"12":97,"13":1078,"14":1078,"15":856,"16":222,"17":22,"18":22,"19":17,"20":5,"21":6,"22":6,"23":6,"24":2,"25":4,"26":1,"27":3,"28":1,"29":2,"30":2},"f":{"0":56,"1":1205,"2":31,"3":97,"4":1078,"5":22,"6":6,"7":2},"b":{"0":[1],"1":[52],"2":[41,15],"3":[56,51],"4":[1],"5":[979,226],"6":[1],"7":[21,10],"8":[1],"9":[23,74],"10":[1],"11":[856,222],"12":[1],"13":[17,5],"14":[1],"15":[2,4],"16":[6,3],"17":[1,3],"18":[1,2],"19":[1]},"_coverageSchema":"332fd63041d2c1bcb487cc26dd0d5f7d97098a6c","hash":"e852a5261e0e24299312c455fedf911f758404cb"}
,"/home/ajt/workspace/module.kopaxgroup.com/styled-components/bootstrap-styled-mixins/src/buttonGroup.js": {"path":"/home/ajt/workspace/module.kopaxgroup.com/styled-components/bootstrap-styled-mixins/src/buttonGroup.js","statementMap":{"0":{"start":{"line":7,"column":28},"end":{"line":22,"column":1}},"1":{"start":{"line":39,"column":2},"end":{"line":259,"column":4}}},"fnMap":{"0":{"name":"buttonGroup","decl":{"start":{"line":24,"column":16},"end":{"line":24,"column":27}},"loc":{"start":{"line":38,"column":2},"end":{"line":260,"column":1}},"line":38}},"branchMap":{"0":{"loc":{"start":{"line":25,"column":2},"end":{"line":25,"column":50}},"type":"default-arg","locations":[{"start":{"line":25,"column":19},"end":{"line":25,"column":50}}],"line":25},"1":{"loc":{"start":{"line":26,"column":2},"end":{"line":26,"column":50}},"type":"default-arg","locations":[{"start":{"line":26,"column":19},"end":{"line":26,"column":50}}],"line":26},"2":{"loc":{"start":{"line":27,"column":2},"end":{"line":27,"column":64}},"type":"default-arg","locations":[{"start":{"line":27,"column":25},"end":{"line":27,"column":64}}],"line":27},"3":{"loc":{"start":{"line":28,"column":2},"end":{"line":28,"column":47}},"type":"default-arg","locations":[{"start":{"line":28,"column":17},"end":{"line":28,"column":47}}],"line":28},"4":{"loc":{"start":{"line":29,"column":2},"end":{"line":29,"column":62}},"type":"default-arg","locations":[{"start":{"line":29,"column":24},"end":{"line":29,"column":62}}],"line":29},"5":{"loc":{"start":{"line":30,"column":2},"end":{"line":30,"column":52}},"type":"default-arg","locations":[{"start":{"line":30,"column":19},"end":{"line":30,"column":52}}],"line":30},"6":{"loc":{"start":{"line":31,"column":2},"end":{"line":31,"column":52}},"type":"default-arg","locations":[{"start":{"line":31,"column":19},"end":{"line":31,"column":52}}],"line":31},"7":{"loc":{"start":{"line":32,"column":2},"end":{"line":32,"column":45}},"type":"default-arg","locations":[{"start":{"line":32,"column":16},"end":{"line":32,"column":45}}],"line":32},"8":{"loc":{"start":{"line":33,"column":2},"end":{"line":33,"column":60}},"type":"default-arg","locations":[{"start":{"line":33,"column":23},"end":{"line":33,"column":60}}],"line":33},"9":{"loc":{"start":{"line":34,"column":2},"end":{"line":34,"column":52}},"type":"default-arg","locations":[{"start":{"line":34,"column":19},"end":{"line":34,"column":52}}],"line":34},"10":{"loc":{"start":{"line":35,"column":2},"end":{"line":35,"column":52}},"type":"default-arg","locations":[{"start":{"line":35,"column":19},"end":{"line":35,"column":52}}],"line":35},"11":{"loc":{"start":{"line":36,"column":2},"end":{"line":36,"column":45}},"type":"default-arg","locations":[{"start":{"line":36,"column":16},"end":{"line":36,"column":45}}],"line":36},"12":{"loc":{"start":{"line":37,"column":2},"end":{"line":37,"column":60}},"type":"default-arg","locations":[{"start":{"line":37,"column":23},"end":{"line":37,"column":60}}],"line":37}},"s":{"0":2,"1":2},"f":{"0":2},"b":{"0":[1],"1":[1],"2":[1],"3":[1],"4":[1],"5":[1],"6":[1],"7":[1],"8":[1],"9":[1],"10":[1],"11":[1],"12":[1]},"_coverageSchema":"332fd63041d2c1bcb487cc26dd0d5f7d97098a6c","hash":"6d07b90a4d6b610b2249d33e94ca816118a30eb4"}
,"/home/ajt/workspace/module.kopaxgroup.com/styled-components/bootstrap-styled-mixins/src/buttons.js": {"path":"/home/ajt/workspace/module.kopaxgroup.com/styled-components/bootstrap-styled-mixins/src/buttons.js","statementMap":{"0":{"start":{"line":8,"column":28},"end":{"line":57,"column":1}},"1":{"start":{"line":67,"column":27},"end":{"line":67,"column":67}},"2":{"start":{"line":68,"column":23},"end":{"line":68,"column":60}},"3":{"start":{"line":70,"column":2},"end":{"line":107,"column":4}},"4":{"start":{"line":111,"column":2},"end":{"line":141,"column":4}},"5":{"start":{"line":146,"column":2},"end":{"line":150,"column":4}},"6":{"start":{"line":203,"column":2},"end":{"line":386,"column":4}}},"fnMap":{"0":{"name":"buttonVariant","decl":{"start":{"line":59,"column":16},"end":{"line":59,"column":29}},"loc":{"start":{"line":66,"column":2},"end":{"line":108,"column":1}},"line":66},"1":{"name":"buttonOutlineVariant","decl":{"start":{"line":110,"column":16},"end":{"line":110,"column":36}},"loc":{"start":{"line":110,"column":77},"end":{"line":142,"column":1}},"line":110},"2":{"name":"buttonSize","decl":{"start":{"line":145,"column":16},"end":{"line":145,"column":26}},"loc":{"start":{"line":145,"column":123},"end":{"line":151,"column":1}},"line":145},"3":{"name":"button","decl":{"start":{"line":153,"column":16},"end":{"line":153,"column":22}},"loc":{"start":{"line":202,"column":2},"end":{"line":387,"column":1}},"line":202}},"branchMap":{"0":{"loc":{"start":{"line":60,"column":2},"end":{"line":60,"column":49}},"type":"default-arg","locations":[{"start":{"line":60,"column":18},"end":{"line":60,"column":49}}],"line":60},"1":{"loc":{"start":{"line":64,"column":2},"end":{"line":64,"column":61}},"type":"default-arg","locations":[{"start":{"line":64,"column":23},"end":{"line":64,"column":61}}],"line":64},"2":{"loc":{"start":{"line":65,"column":2},"end":{"line":65,"column":48}},"type":"default-arg","locations":[{"start":{"line":65,"column":17},"end":{"line":65,"column":48}}],"line":65},"3":{"loc":{"start":{"line":110,"column":50},"end":{"line":110,"column":75}},"type":"default-arg","locations":[{"start":{"line":110,"column":69},"end":{"line":110,"column":75}}],"line":110},"4":{"loc":{"start":{"line":145,"column":27},"end":{"line":145,"column":74}},"type":"default-arg","locations":[{"start":{"line":145,"column":43},"end":{"line":145,"column":74}}],"line":145},"5":{"loc":{"start":{"line":154,"column":2},"end":{"line":154,"column":50}},"type":"default-arg","locations":[{"start":{"line":154,"column":19},"end":{"line":154,"column":50}}],"line":154},"6":{"loc":{"start":{"line":155,"column":2},"end":{"line":155,"column":68}},"type":"default-arg","locations":[{"start":{"line":155,"column":27},"end":{"line":155,"column":68}}],"line":155},"7":{"loc":{"start":{"line":156,"column":2},"end":{"line":156,"column":58}},"type":"default-arg","locations":[{"start":{"line":156,"column":23},"end":{"line":156,"column":58}}],"line":156},"8":{"loc":{"start":{"line":157,"column":2},"end":{"line":157,"column":50}},"type":"default-arg","locations":[{"start":{"line":157,"column":19},"end":{"line":157,"column":50}}],"line":157},"9":{"loc":{"start":{"line":158,"column":2},"end":{"line":158,"column":57}},"type":"default-arg","locations":[{"start":{"line":158,"column":22},"end":{"line":158,"column":57}}],"line":158},"10":{"loc":{"start":{"line":159,"column":2},"end":{"line":159,"column":51}},"type":"default-arg","locations":[{"start":{"line":159,"column":19},"end":{"line":159,"column":51}}],"line":159},"11":{"loc":{"start":{"line":160,"column":2},"end":{"line":160,"column":51}},"type":"default-arg","locations":[{"start":{"line":160,"column":19},"end":{"line":160,"column":51}}],"line":160},"12":{"loc":{"start":{"line":161,"column":2},"end":{"line":161,"column":50}},"type":"default-arg","locations":[{"start":{"line":161,"column":19},"end":{"line":161,"column":50}}],"line":161},"13":{"loc":{"start":{"line":162,"column":2},"end":{"line":162,"column":64}},"type":"default-arg","locations":[{"start":{"line":162,"column":25},"end":{"line":162,"column":64}}],"line":162},"14":{"loc":{"start":{"line":163,"column":2},"end":{"line":163,"column":47}},"type":"default-arg","locations":[{"start":{"line":163,"column":17},"end":{"line":163,"column":47}}],"line":163},"15":{"loc":{"start":{"line":164,"column":2},"end":{"line":164,"column":47}},"type":"default-arg","locations":[{"start":{"line":164,"column":17},"end":{"line":164,"column":47}}],"line":164},"16":{"loc":{"start":{"line":165,"column":2},"end":{"line":165,"column":49}},"type":"default-arg","locations":[{"start":{"line":165,"column":18},"end":{"line":165,"column":49}}],"line":165},"17":{"loc":{"start":{"line":166,"column":2},"end":{"line":166,"column":55}},"type":"default-arg","locations":[{"start":{"line":166,"column":21},"end":{"line":166,"column":55}}],"line":166},"18":{"loc":{"start":{"line":167,"column":2},"end":{"line":167,"column":49}},"type":"default-arg","locations":[{"start":{"line":167,"column":18},"end":{"line":167,"column":49}}],"line":167},"19":{"loc":{"start":{"line":168,"column":2},"end":{"line":168,"column":60}},"type":"default-arg","locations":[{"start":{"line":168,"column":23},"end":{"line":168,"column":60}}],"line":168},"20":{"loc":{"start":{"line":169,"column":2},"end":{"line":169,"column":62}},"type":"default-arg","locations":[{"start":{"line":169,"column":24},"end":{"line":169,"column":62}}],"line":169},"21":{"loc":{"start":{"line":170,"column":2},"end":{"line":170,"column":52}},"type":"default-arg","locations":[{"start":{"line":170,"column":20},"end":{"line":170,"column":52}}],"line":170},"22":{"loc":{"start":{"line":171,"column":2},"end":{"line":171,"column":42}},"type":"default-arg","locations":[{"start":{"line":171,"column":15},"end":{"line":171,"column":42}}],"line":171},"23":{"loc":{"start":{"line":172,"column":2},"end":{"line":172,"column":53}},"type":"default-arg","locations":[{"start":{"line":172,"column":20},"end":{"line":172,"column":53}}],"line":172},"24":{"loc":{"start":{"line":173,"column":2},"end":{"line":173,"column":63}},"type":"default-arg","locations":[{"start":{"line":173,"column":25},"end":{"line":173,"column":63}}],"line":173},"25":{"loc":{"start":{"line":174,"column":2},"end":{"line":174,"column":66}},"type":"default-arg","locations":[{"start":{"line":174,"column":26},"end":{"line":174,"column":66}}],"line":174},"26":{"loc":{"start":{"line":175,"column":2},"end":{"line":175,"column":52}},"type":"default-arg","locations":[{"start":{"line":175,"column":19},"end":{"line":175,"column":52}}],"line":175},"27":{"loc":{"start":{"line":176,"column":2},"end":{"line":176,"column":52}},"type":"default-arg","locations":[{"start":{"line":176,"column":19},"end":{"line":176,"column":52}}],"line":176},"28":{"loc":{"start":{"line":177,"column":2},"end":{"line":177,"column":45}},"type":"default-arg","locations":[{"start":{"line":177,"column":16},"end":{"line":177,"column":45}}],"line":177},"29":{"loc":{"start":{"line":178,"column":2},"end":{"line":178,"column":60}},"type":"default-arg","locations":[{"start":{"line":178,"column":23},"end":{"line":178,"column":60}}],"line":178},"30":{"loc":{"start":{"line":179,"column":2},"end":{"line":179,"column":52}},"type":"default-arg","locations":[{"start":{"line":179,"column":19},"end":{"line":179,"column":52}}],"line":179},"31":{"loc":{"start":{"line":180,"column":2},"end":{"line":180,"column":52}},"type":"default-arg","locations":[{"start":{"line":180,"column":19},"end":{"line":180,"column":52}}],"line":180},"32":{"loc":{"start":{"line":181,"column":2},"end":{"line":181,"column":45}},"type":"default-arg","locations":[{"start":{"line":181,"column":16},"end":{"line":181,"column":45}}],"line":181},"33":{"loc":{"start":{"line":182,"column":2},"end":{"line":182,"column":60}},"type":"default-arg","locations":[{"start":{"line":182,"column":23},"end":{"line":182,"column":60}}],"line":182},"34":{"loc":{"start":{"line":183,"column":2},"end":{"line":183,"column":58}},"type":"default-arg","locations":[{"start":{"line":183,"column":22},"end":{"line":183,"column":58}}],"line":183},"35":{"loc":{"start":{"line":184,"column":2},"end":{"line":184,"column":55}},"type":"default-arg","locations":[{"start":{"line":184,"column":21},"end":{"line":184,"column":55}}],"line":184},"36":{"loc":{"start":{"line":185,"column":2},"end":{"line":185,"column":49}},"type":"default-arg","locations":[{"start":{"line":185,"column":18},"end":{"line":185,"column":49}}],"line":185},"37":{"loc":{"start":{"line":186,"column":2},"end":{"line":186,"column":57}},"type":"default-arg","locations":[{"start":{"line":186,"column":22},"end":{"line":186,"column":57}}],"line":186},"38":{"loc":{"start":{"line":187,"column":2},"end":{"line":187,"column":59}},"type":"default-arg","locations":[{"start":{"line":187,"column":23},"end":{"line":187,"column":59}}],"line":187},"39":{"loc":{"start":{"line":188,"column":2},"end":{"line":188,"column":53}},"type":"default-arg","locations":[{"start":{"line":188,"column":20},"end":{"line":188,"column":53}}],"line":188},"40":{"loc":{"start":{"line":189,"column":2},"end":{"line":189,"column":61}},"type":"default-arg","locations":[{"start":{"line":189,"column":24},"end":{"line":189,"column":61}}],"line":189},"41":{"loc":{"start":{"line":190,"column":2},"end":{"line":190,"column":49}},"type":"default-arg","locations":[{"start":{"line":190,"column":18},"end":{"line":190,"column":49}}],"line":190},"42":{"loc":{"start":{"line":191,"column":2},"end":{"line":191,"column":43}},"type":"default-arg","locations":[{"start":{"line":191,"column":15},"end":{"line":191,"column":43}}],"line":191},"43":{"loc":{"start":{"line":192,"column":2},"end":{"line":192,"column":51}},"type":"default-arg","locations":[{"start":{"line":192,"column":19},"end":{"line":192,"column":51}}],"line":192},"44":{"loc":{"start":{"line":193,"column":2},"end":{"line":193,"column":55}},"type":"default-arg","locations":[{"start":{"line":193,"column":21},"end":{"line":193,"column":55}}],"line":193},"45":{"loc":{"start":{"line":194,"column":2},"end":{"line":194,"column":49}},"type":"default-arg","locations":[{"start":{"line":194,"column":18},"end":{"line":194,"column":49}}],"line":194},"46":{"loc":{"start":{"line":195,"column":2},"end":{"line":195,"column":57}},"type":"default-arg","locations":[{"start":{"line":195,"column":22},"end":{"line":195,"column":57}}],"line":195},"47":{"loc":{"start":{"line":196,"column":2},"end":{"line":196,"column":55}},"type":"default-arg","locations":[{"start":{"line":196,"column":21},"end":{"line":196,"column":55}}],"line":196},"48":{"loc":{"start":{"line":197,"column":2},"end":{"line":197,"column":49}},"type":"default-arg","locations":[{"start":{"line":197,"column":18},"end":{"line":197,"column":49}}],"line":197},"49":{"loc":{"start":{"line":198,"column":2},"end":{"line":198,"column":57}},"type":"default-arg","locations":[{"start":{"line":198,"column":22},"end":{"line":198,"column":57}}],"line":198},"50":{"loc":{"start":{"line":199,"column":2},"end":{"line":199,"column":53}},"type":"default-arg","locations":[{"start":{"line":199,"column":20},"end":{"line":199,"column":53}}],"line":199},"51":{"loc":{"start":{"line":200,"column":2},"end":{"line":200,"column":47}},"type":"default-arg","locations":[{"start":{"line":200,"column":17},"end":{"line":200,"column":47}}],"line":200},"52":{"loc":{"start":{"line":201,"column":2},"end":{"line":201,"column":55}},"type":"default-arg","locations":[{"start":{"line":201,"column":21},"end":{"line":201,"column":55}}],"line":201}},"s":{"0":3,"1":15,"2":15,"3":15,"4":14,"5":13,"6":2},"f":{"0":15,"1":14,"2":13,"3":2},"b":{"0":[1],"1":[1],"2":[1],"3":[1],"4":[1],"5":[1],"6":[1],"7":[1],"8":[1],"9":[1],"10":[1],"11":[1],"12":[1],"13":[1],"14":[1],"15":[1],"16":[1],"17":[1],"18":[1],"19":[1],"20":[1],"21":[1],"22":[1],"23":[1],"24":[1],"25":[1],"26":[1],"27":[1],"28":[1],"29":[1],"30":[1],"31":[1],"32":[1],"33":[1],"34":[1],"35":[1],"36":[1],"37":[1],"38":[1],"39":[1],"40":[1],"41":[1],"42":[1],"43":[1],"44":[1],"45":[1],"46":[1],"47":[1],"48":[1],"49":[1],"50":[2],"51":[2],"52":[2]},"_coverageSchema":"332fd63041d2c1bcb487cc26dd0d5f7d97098a6c","hash":"668f8156c6d0c4ae3944f6b79699393cf31c4831"}
,"/home/ajt/workspace/module.kopaxgroup.com/styled-components/bootstrap-styled-mixins/src/cards.js": {"path":"/home/ajt/workspace/module.kopaxgroup.com/styled-components/bootstrap-styled-mixins/src/cards.js","statementMap":{"0":{"start":{"line":6,"column":31},"end":{"line":6,"column":40}},"1":{"start":{"line":8,"column":28},"end":{"line":32,"column":1}},"2":{"start":{"line":35,"column":2},"end":{"line":43,"column":4}},"3":{"start":{"line":47,"column":2},"end":{"line":50,"column":4}},"4":{"start":{"line":54,"column":2},"end":{"line":77,"column":4}},"5":{"start":{"line":105,"column":2},"end":{"line":254,"column":4}}},"fnMap":{"0":{"name":"cardVariant","decl":{"start":{"line":34,"column":16},"end":{"line":34,"column":27}},"loc":{"start":{"line":34,"column":56},"end":{"line":44,"column":1}},"line":34},"1":{"name":"cardOutlineVariant","decl":{"start":{"line":46,"column":16},"end":{"line":46,"column":34}},"loc":{"start":{"line":46,"column":46},"end":{"line":51,"column":1}},"line":46},"2":{"name":"cardInverse","decl":{"start":{"line":53,"column":16},"end":{"line":53,"column":27}},"loc":{"start":{"line":53,"column":156},"end":{"line":78,"column":1}},"line":53},"3":{"name":"card","decl":{"start":{"line":80,"column":16},"end":{"line":80,"column":20}},"loc":{"start":{"line":104,"column":2},"end":{"line":255,"column":1}},"line":104}},"branchMap":{"0":{"loc":{"start":{"line":53,"column":28},"end":{"line":53,"column":93}},"type":"default-arg","locations":[{"start":{"line":53,"column":52},"end":{"line":53,"column":93}}],"line":53},"1":{"loc":{"start":{"line":53,"column":95},"end":{"line":53,"column":154}},"type":"default-arg","locations":[{"start":{"line":53,"column":116},"end":{"line":53,"column":154}}],"line":53},"2":{"loc":{"start":{"line":81,"column":2},"end":{"line":81,"column":50}},"type":"default-arg","locations":[{"start":{"line":81,"column":19},"end":{"line":81,"column":50}}],"line":81},"3":{"loc":{"start":{"line":82,"column":2},"end":{"line":82,"column":68}},"type":"default-arg","locations":[{"start":{"line":82,"column":27},"end":{"line":82,"column":68}}],"line":82},"4":{"loc":{"start":{"line":83,"column":2},"end":{"line":83,"column":47}},"type":"default-arg","locations":[{"start":{"line":83,"column":17},"end":{"line":83,"column":47}}],"line":83},"5":{"loc":{"start":{"line":84,"column":2},"end":{"line":84,"column":47}},"type":"default-arg","locations":[{"start":{"line":84,"column":17},"end":{"line":84,"column":47}}],"line":84},"6":{"loc":{"start":{"line":85,"column":2},"end":{"line":85,"column":36}},"type":"default-arg","locations":[{"start":{"line":85,"column":12},"end":{"line":85,"column":36}}],"line":85},"7":{"loc":{"start":{"line":86,"column":2},"end":{"line":86,"column":55}},"type":"default-arg","locations":[{"start":{"line":86,"column":21},"end":{"line":86,"column":55}}],"line":86},"8":{"loc":{"start":{"line":87,"column":2},"end":{"line":87,"column":55}},"type":"default-arg","locations":[{"start":{"line":87,"column":21},"end":{"line":87,"column":55}}],"line":87},"9":{"loc":{"start":{"line":88,"column":2},"end":{"line":88,"column":57}},"type":"default-arg","locations":[{"start":{"line":88,"column":22},"end":{"line":88,"column":57}}],"line":88},"10":{"loc":{"start":{"line":89,"column":2},"end":{"line":89,"column":43}},"type":"default-arg","locations":[{"start":{"line":89,"column":15},"end":{"line":89,"column":43}}],"line":89},"11":{"loc":{"start":{"line":90,"column":2},"end":{"line":90,"column":68}},"type":"default-arg","locations":[{"start":{"line":90,"column":27},"end":{"line":90,"column":68}}],"line":90},"12":{"loc":{"start":{"line":91,"column":2},"end":{"line":91,"column":48}},"type":"default-arg","locations":[{"start":{"line":91,"column":18},"end":{"line":91,"column":48}}],"line":91},"13":{"loc":{"start":{"line":92,"column":2},"end":{"line":92,"column":48}},"type":"default-arg","locations":[{"start":{"line":92,"column":18},"end":{"line":92,"column":48}}],"line":92},"14":{"loc":{"start":{"line":93,"column":2},"end":{"line":93,"column":42}},"type":"default-arg","locations":[{"start":{"line":93,"column":15},"end":{"line":93,"column":42}}],"line":93},"15":{"loc":{"start":{"line":94,"column":2},"end":{"line":94,"column":48}},"type":"default-arg","locations":[{"start":{"line":94,"column":18},"end":{"line":94,"column":48}}],"line":94},"16":{"loc":{"start":{"line":95,"column":2},"end":{"line":95,"column":46}},"type":"default-arg","locations":[{"start":{"line":95,"column":17},"end":{"line":95,"column":46}}],"line":95},"17":{"loc":{"start":{"line":96,"column":2},"end":{"line":96,"column":49}},"type":"default-arg","locations":[{"start":{"line":96,"column":18},"end":{"line":96,"column":49}}],"line":96},"18":{"loc":{"start":{"line":97,"column":2},"end":{"line":97,"column":61}},"type":"default-arg","locations":[{"start":{"line":97,"column":24},"end":{"line":97,"column":61}}],"line":97},"19":{"loc":{"start":{"line":98,"column":2},"end":{"line":98,"column":43}},"type":"default-arg","locations":[{"start":{"line":98,"column":15},"end":{"line":98,"column":43}}],"line":98},"20":{"loc":{"start":{"line":99,"column":2},"end":{"line":99,"column":49}},"type":"default-arg","locations":[{"start":{"line":99,"column":18},"end":{"line":99,"column":49}}],"line":99},"21":{"loc":{"start":{"line":100,"column":2},"end":{"line":100,"column":49}},"type":"default-arg","locations":[{"start":{"line":100,"column":18},"end":{"line":100,"column":49}}],"line":100},"22":{"loc":{"start":{"line":101,"column":2},"end":{"line":101,"column":47}},"type":"default-arg","locations":[{"start":{"line":101,"column":17},"end":{"line":101,"column":47}}],"line":101},"23":{"loc":{"start":{"line":102,"column":2},"end":{"line":102,"column":62}},"type":"default-arg","locations":[{"start":{"line":102,"column":24},"end":{"line":102,"column":62}}],"line":102},"24":{"loc":{"start":{"line":103,"column":2},"end":{"line":103,"column":68}},"type":"default-arg","locations":[{"start":{"line":103,"column":27},"end":{"line":103,"column":68}}],"line":103}},"s":{"0":2,"1":2,"2":12,"3":14,"4":5,"5":2},"f":{"0":12,"1":14,"2":5,"3":2},"b":{"0":[1],"1":[1],"2":[1],"3":[1],"4":[1],"5":[1],"6":[1],"7":[1],"8":[1],"9":[1],"10":[1],"11":[1],"12":[1],"13":[1],"14":[1],"15":[1],"16":[1],"17":[1],"18":[1],"19":[1],"20":[1],"21":[1],"22":[1],"23":[1],"24":[1]},"_coverageSchema":"332fd63041d2c1bcb487cc26dd0d5f7d97098a6c","hash":"497a73b42c8cafa8a834e5e75ba8f86f3fb13ab3"}
,"/home/ajt/workspace/module.kopaxgroup.com/styled-components/bootstrap-styled-mixins/src/clearfix.js": {"path":"/home/ajt/workspace/module.kopaxgroup.com/styled-components/bootstrap-styled-mixins/src/clearfix.js","statementMap":{"0":{"start":{"line":2,"column":2},"end":{"line":8,"column":4}}},"fnMap":{"0":{"name":"clearfix","decl":{"start":{"line":1,"column":16},"end":{"line":1,"column":24}},"loc":{"start":{"line":1,"column":27},"end":{"line":9,"column":1}},"line":1}},"branchMap":{},"s":{"0":3},"f":{"0":3},"b":{},"_coverageSchema":"332fd63041d2c1bcb487cc26dd0d5f7d97098a6c","hash":"5702c35e9bd748b255d80d5e39407f96b8597f30"}
,"/home/ajt/workspace/module.kopaxgroup.com/styled-components/bootstrap-styled-mixins/src/conditional.js": {"path":"/home/ajt/workspace/module.kopaxgroup.com/styled-components/bootstrap-styled-mixins/src/conditional.js","statementMap":{"0":{"start":{"line":2,"column":2},"end":{"line":2,"column":44}},"1":{"start":{"line":6,"column":2},"end":{"line":6,"column":47}}},"fnMap":{"0":{"name":"ifThen","decl":{"start":{"line":1,"column":16},"end":{"line":1,"column":22}},"loc":{"start":{"line":1,"column":47},"end":{"line":3,"column":1}},"line":1},"1":{"name":"ifElse","decl":{"start":{"line":5,"column":16},"end":{"line":5,"column":22}},"loc":{"start":{"line":5,"column":60},"end":{"line":7,"column":1}},"line":5}},"branchMap":{"0":{"loc":{"start":{"line":6,"column":9},"end":{"line":6,"column":46}},"type":"cond-expr","locations":[{"start":{"line":6,"column":22},"end":{"line":6,"column":32}},{"start":{"line":6,"column":35},"end":{"line":6,"column":46}}],"line":6}},"s":{"0":2,"1":19},"f":{"0":2,"1":19},"b":{"0":[17,2]},"_coverageSchema":"332fd63041d2c1bcb487cc26dd0d5f7d97098a6c","hash":"f9bfbfd64fc5c26e0420ce74cca1818906c7421f"}
,"/home/ajt/workspace/module.kopaxgroup.com/styled-components/bootstrap-styled-mixins/src/customForms.js": {"path":"/home/ajt/workspace/module.kopaxgroup.com/styled-components/bootstrap-styled-mixins/src/customForms.js","statementMap":{"0":{"start":{"line":5,"column":28},"end":{"line":76,"column":1}},"1":{"start":{"line":143,"column":38},"end":{"line":143,"column":40}},"2":{"start":{"line":144,"column":2},"end":{"line":150,"column":5}},"3":{"start":{"line":145,"column":4},"end":{"line":149,"column":7}},"4":{"start":{"line":152,"column":37},"end":{"line":152,"column":39}},"5":{"start":{"line":153,"column":2},"end":{"line":159,"column":5}},"6":{"start":{"line":154,"column":4},"end":{"line":158,"column":7}},"7":{"start":{"line":160,"column":28},"end":{"line":160,"column":68}},"8":{"start":{"line":161,"column":35},"end":{"line":161,"column":112}},"9":{"start":{"line":162,"column":56},"end":{"line":162,"column":125}},"10":{"start":{"line":164,"column":2},"end":{"line":406,"column":4}}},"fnMap":{"0":{"name":"customForms","decl":{"start":{"line":78,"column":16},"end":{"line":78,"column":27}},"loc":{"start":{"line":142,"column":2},"end":{"line":407,"column":1}},"line":142},"1":{"name":"(anonymous_1)","decl":{"start":{"line":144,"column":51},"end":{"line":144,"column":52}},"loc":{"start":{"line":144,"column":62},"end":{"line":150,"column":3}},"line":144},"2":{"name":"(anonymous_2)","decl":{"start":{"line":153,"column":55},"end":{"line":153,"column":56}},"loc":{"start":{"line":153,"column":66},"end":{"line":159,"column":3}},"line":153}},"branchMap":{"0":{"loc":{"start":{"line":79,"column":2},"end":{"line":79,"column":50}},"type":"default-arg","locations":[{"start":{"line":79,"column":19},"end":{"line":79,"column":50}}],"line":79},"1":{"loc":{"start":{"line":80,"column":2},"end":{"line":80,"column":50}},"type":"default-arg","locations":[{"start":{"line":80,"column":19},"end":{"line":80,"column":50}}],"line":80},"2":{"loc":{"start":{"line":81,"column":2},"end":{"line":81,"column":104}},"type":"default-arg","locations":[{"start":{"line":81,"column":44},"end":{"line":81,"column":104}}],"line":81},"3":{"loc":{"start":{"line":82,"column":2},"end":{"line":82,"column":102}},"type":"default-arg","locations":[{"start":{"line":82,"column":43},"end":{"line":82,"column":102}}],"line":82},"4":{"loc":{"start":{"line":83,"column":2},"end":{"line":83,"column":89}},"type":"default-arg","locations":[{"start":{"line":83,"column":37},"end":{"line":83,"column":89}}],"line":83},"5":{"loc":{"start":{"line":84,"column":2},"end":{"line":84,"column":99}},"type":"default-arg","locations":[{"start":{"line":84,"column":42},"end":{"line":84,"column":99}}],"line":84},"6":{"loc":{"start":{"line":85,"column":2},"end":{"line":85,"column":79}},"type":"default-arg","locations":[{"start":{"line":85,"column":32},"end":{"line":85,"column":79}}],"line":85},"7":{"loc":{"start":{"line":86,"column":2},"end":{"line":86,"column":75}},"type":"default-arg","locations":[{"start":{"line":86,"column":30},"end":{"line":86,"column":75}}],"line":86},"8":{"loc":{"start":{"line":87,"column":2},"end":{"line":87,"column":64}},"type":"default-arg","locations":[{"start":{"line":87,"column":25},"end":{"line":87,"column":64}}],"line":87},"9":{"loc":{"start":{"line":88,"column":2},"end":{"line":88,"column":74}},"type":"default-arg","locations":[{"start":{"line":88,"column":30},"end":{"line":88,"column":74}}],"line":88},"10":{"loc":{"start":{"line":89,"column":2},"end":{"line":89,"column":70}},"type":"default-arg","locations":[{"start":{"line":89,"column":28},"end":{"line":89,"column":70}}],"line":89},"11":{"loc":{"start":{"line":90,"column":2},"end":{"line":90,"column":65}},"type":"default-arg","locations":[{"start":{"line":90,"column":26},"end":{"line":90,"column":65}}],"line":90},"12":{"loc":{"start":{"line":91,"column":2},"end":{"line":91,"column":38}},"type":"default-arg","locations":[{"start":{"line":91,"column":13},"end":{"line":91,"column":38}}],"line":91},"13":{"loc":{"start":{"line":92,"column":2},"end":{"line":92,"column":70}},"type":"default-arg","locations":[{"start":{"line":92,"column":28},"end":{"line":92,"column":70}}],"line":92},"14":{"loc":{"start":{"line":93,"column":2},"end":{"line":93,"column":53}},"type":"default-arg","locations":[{"start":{"line":93,"column":20},"end":{"line":93,"column":53}}],"line":93},"15":{"loc":{"start":{"line":94,"column":2},"end":{"line":94,"column":63}},"type":"default-arg","locations":[{"start":{"line":94,"column":25},"end":{"line":94,"column":63}}],"line":94},"16":{"loc":{"start":{"line":95,"column":2},"end":{"line":95,"column":66}},"type":"default-arg","locations":[{"start":{"line":95,"column":26},"end":{"line":95,"column":66}}],"line":95},"17":{"loc":{"start":{"line":96,"column":2},"end":{"line":96,"column":95}},"type":"default-arg","locations":[{"start":{"line":96,"column":40},"end":{"line":96,"column":95}}],"line":96},"18":{"loc":{"start":{"line":97,"column":2},"end":{"line":97,"column":89}},"type":"default-arg","locations":[{"start":{"line":97,"column":37},"end":{"line":97,"column":89}}],"line":97},"19":{"loc":{"start":{"line":98,"column":2},"end":{"line":98,"column":100}},"type":"default-arg","locations":[{"start":{"line":98,"column":42},"end":{"line":98,"column":100}}],"line":98},"20":{"loc":{"start":{"line":99,"column":2},"end":{"line":99,"column":93}},"type":"default-arg","locations":[{"start":{"line":99,"column":39},"end":{"line":99,"column":93}}],"line":99},"21":{"loc":{"start":{"line":100,"column":2},"end":{"line":100,"column":87}},"type":"default-arg","locations":[{"start":{"line":100,"column":36},"end":{"line":100,"column":87}}],"line":100},"22":{"loc":{"start":{"line":101,"column":2},"end":{"line":101,"column":80}},"type":"default-arg","locations":[{"start":{"line":101,"column":33},"end":{"line":101,"column":80}}],"line":101},"23":{"loc":{"start":{"line":102,"column":2},"end":{"line":102,"column":91}},"type":"default-arg","locations":[{"start":{"line":102,"column":38},"end":{"line":102,"column":91}}],"line":102},"24":{"loc":{"start":{"line":103,"column":2},"end":{"line":103,"column":101}},"type":"default-arg","locations":[{"start":{"line":103,"column":43},"end":{"line":103,"column":101}}],"line":103},"25":{"loc":{"start":{"line":104,"column":2},"end":{"line":104,"column":78}},"type":"default-arg","locations":[{"start":{"line":104,"column":32},"end":{"line":104,"column":78}}],"line":104},"26":{"loc":{"start":{"line":105,"column":2},"end":{"line":105,"column":74}},"type":"default-arg","locations":[{"start":{"line":105,"column":30},"end":{"line":105,"column":74}}],"line":105},"27":{"loc":{"start":{"line":106,"column":2},"end":{"line":106,"column":83}},"type":"default-arg","locations":[{"start":{"line":106,"column":34},"end":{"line":106,"column":83}}],"line":106},"28":{"loc":{"start":{"line":107,"column":2},"end":{"line":107,"column":76}},"type":"default-arg","locations":[{"start":{"line":107,"column":31},"end":{"line":107,"column":76}}],"line":107},"29":{"loc":{"start":{"line":108,"column":2},"end":{"line":108,"column":84}},"type":"default-arg","locations":[{"start":{"line":108,"column":35},"end":{"line":108,"column":84}}],"line":108},"30":{"loc":{"start":{"line":109,"column":2},"end":{"line":109,"column":88}},"type":"default-arg","locations":[{"start":{"line":109,"column":37},"end":{"line":109,"column":88}}],"line":109},"31":{"loc":{"start":{"line":110,"column":2},"end":{"line":110,"column":59}},"type":"default-arg","locations":[{"start":{"line":110,"column":23},"end":{"line":110,"column":59}}],"line":110},"32":{"loc":{"start":{"line":111,"column":2},"end":{"line":111,"column":70}},"type":"default-arg","locations":[{"start":{"line":111,"column":28},"end":{"line":111,"column":70}}],"line":111},"33":{"loc":{"start":{"line":112,"column":2},"end":{"line":112,"column":66}},"type":"default-arg","locations":[{"start":{"line":112,"column":26},"end":{"line":112,"column":66}}],"line":112},"34":{"loc":{"start":{"line":113,"column":2},"end":{"line":113,"column":46}},"type":"default-arg","locations":[{"start":{"line":113,"column":17},"end":{"line":113,"column":46}}],"line":113},"35":{"loc":{"start":{"line":114,"column":2},"end":{"line":114,"column":46}},"type":"default-arg","locations":[{"start":{"line":114,"column":17},"end":{"line":114,"column":46}}],"line":114},"36":{"loc":{"start":{"line":115,"column":2},"end":{"line":115,"column":66}},"type":"default-arg","locations":[{"start":{"line":115,"column":26},"end":{"line":115,"column":66}}],"line":115},"37":{"loc":{"start":{"line":116,"column":2},"end":{"line":116,"column":66}},"type":"default-arg","locations":[{"start":{"line":116,"column":26},"end":{"line":116,"column":66}}],"line":116},"38":{"loc":{"start":{"line":117,"column":2},"end":{"line":117,"column":82}},"type":"default-arg","locations":[{"start":{"line":117,"column":34},"end":{"line":117,"column":82}}],"line":117},"39":{"loc":{"start":{"line":118,"column":2},"end":{"line":118,"column":59}},"type":"default-arg","locations":[{"start":{"line":118,"column":23},"end":{"line":118,"column":59}}],"line":118},"40":{"loc":{"start":{"line":119,"column":2},"end":{"line":119,"column":53}},"type":"default-arg","locations":[{"start":{"line":119,"column":20},"end":{"line":119,"column":53}}],"line":119},"41":{"loc":{"start":{"line":120,"column":2},"end":{"line":120,"column":67}},"type":"default-arg","locations":[{"start":{"line":120,"column":27},"end":{"line":120,"column":67}}],"line":120},"42":{"loc":{"start":{"line":121,"column":2},"end":{"line":121,"column":62}},"type":"default-arg","locations":[{"start":{"line":121,"column":24},"end":{"line":121,"column":62}}],"line":121},"43":{"loc":{"start":{"line":122,"column":2},"end":{"line":122,"column":72}},"type":"default-arg","locations":[{"start":{"line":122,"column":29},"end":{"line":122,"column":72}}],"line":122},"44":{"loc":{"start":{"line":123,"column":2},"end":{"line":123,"column":72}},"type":"default-arg","locations":[{"start":{"line":123,"column":29},"end":{"line":123,"column":72}}],"line":123},"45":{"loc":{"start":{"line":124,"column":2},"end":{"line":124,"column":83}},"type":"default-arg","locations":[{"start":{"line":124,"column":34},"end":{"line":124,"column":83}}],"line":124},"46":{"loc":{"start":{"line":125,"column":2},"end":{"line":125,"column":44}},"type":"default-arg","locations":[{"start":{"line":125,"column":16},"end":{"line":125,"column":44}}],"line":125},"47":{"loc":{"start":{"line":126,"column":2},"end":{"line":126,"column":76}},"type":"default-arg","locations":[{"start":{"line":126,"column":31},"end":{"line":126,"column":76}}],"line":126},"48":{"loc":{"start":{"line":127,"column":2},"end":{"line":127,"column":52}},"type":"default-arg","locations":[{"start":{"line":127,"column":20},"end":{"line":127,"column":52}}],"line":127},"49":{"loc":{"start":{"line":128,"column":2},"end":{"line":128,"column":70}},"type":"default-arg","locations":[{"start":{"line":128,"column":28},"end":{"line":128,"column":70}}],"line":128},"50":{"loc":{"start":{"line":129,"column":2},"end":{"line":129,"column":71}},"type":"default-arg","locations":[{"start":{"line":129,"column":28},"end":{"line":129,"column":71}}],"line":129},"51":{"loc":{"start":{"line":130,"column":2},"end":{"line":130,"column":55}},"type":"default-arg","locations":[{"start":{"line":130,"column":21},"end":{"line":130,"column":55}}],"line":130},"52":{"loc":{"start":{"line":131,"column":2},"end":{"line":131,"column":57}},"type":"default-arg","locations":[{"start":{"line":131,"column":22},"end":{"line":131,"column":57}}],"line":131},"53":{"loc":{"start":{"line":132,"column":2},"end":{"line":132,"column":62}},"type":"default-arg","locations":[{"start":{"line":132,"column":24},"end":{"line":132,"column":62}}],"line":132},"54":{"loc":{"start":{"line":133,"column":2},"end":{"line":133,"column":62}},"type":"default-arg","locations":[{"start":{"line":133,"column":24},"end":{"line":133,"column":62}}],"line":133},"55":{"loc":{"start":{"line":134,"column":2},"end":{"line":134,"column":66}},"type":"default-arg","locations":[{"start":{"line":134,"column":26},"end":{"line":134,"column":66}}],"line":134},"56":{"loc":{"start":{"line":135,"column":2},"end":{"line":135,"column":55}},"type":"default-arg","locations":[{"start":{"line":135,"column":21},"end":{"line":135,"column":55}}],"line":135},"57":{"loc":{"start":{"line":136,"column":2},"end":{"line":136,"column":49}},"type":"default-arg","locations":[{"start":{"line":136,"column":18},"end":{"line":136,"column":49}}],"line":136},"58":{"loc":{"start":{"line":137,"column":2},"end":{"line":137,"column":68}},"type":"default-arg","locations":[{"start":{"line":137,"column":27},"end":{"line":137,"column":68}}],"line":137},"59":{"loc":{"start":{"line":138,"column":2},"end":{"line":138,"column":68}},"type":"default-arg","locations":[{"start":{"line":138,"column":27},"end":{"line":138,"column":68}}],"line":138},"60":{"loc":{"start":{"line":139,"column":2},"end":{"line":139,"column":68}},"type":"default-arg","locations":[{"start":{"line":139,"column":27},"end":{"line":139,"column":68}}],"line":139},"61":{"loc":{"start":{"line":140,"column":2},"end":{"line":140,"column":62}},"type":"default-arg","locations":[{"start":{"line":140,"column":24},"end":{"line":140,"column":62}}],"line":140},"62":{"loc":{"start":{"line":141,"column":2},"end":{"line":141,"column":53}},"type":"default-arg","locations":[{"start":{"line":141,"column":20},"end":{"line":141,"column":53}}],"line":141}},"s":{"0":2,"1":2,"2":2,"3":2,"4":2,"5":2,"6":2,"7":2,"8":2,"9":2,"10":2},"f":{"0":2,"1":2,"2":2},"b":{"0":[1],"1":[1],"2":[1],"3":[1],"4":[1],"5":[1],"6":[1],"7":[1],"8":[1],"9":[1],"10":[1],"11":[1],"12":[1],"13":[1],"14":[1],"15":[1],"16":[1],"17":[1],"18":[1],"19":[1],"20":[1],"21":[1],"22":[1],"23":[1],"24":[1],"25":[1],"26":[1],"27":[1],"28":[1],"29":[1],"30":[1],"31":[1],"32":[1],"33":[1],"34":[1],"35":[1],"36":[1],"37":[1],"38":[1],"39":[1],"40":[1],"41":[1],"42":[1],"43":[1],"44":[1],"45":[1],"46":[1],"47":[1],"48":[1],"49":[1],"50":[1],"51":[1],"52":[1],"53":[1],"54":[1],"55":[1],"56":[1],"57":[1],"58":[1],"59":[1],"60":[1],"61":[1],"62":[1]},"_coverageSchema":"332fd63041d2c1bcb487cc26dd0d5f7d97098a6c","hash":"2a40204d996145a4561c6f00e4a1192ead2714d8"}
,"/home/ajt/workspace/module.kopaxgroup.com/styled-components/bootstrap-styled-mixins/src/float.js": {"path":"/home/ajt/workspace/module.kopaxgroup.com/styled-components/bootstrap-styled-mixins/src/float.js","statementMap":{"0":{"start":{"line":2,"column":2},"end":{"line":4,"column":4}},"1":{"start":{"line":8,"column":2},"end":{"line":10,"column":4}},"2":{"start":{"line":14,"column":2},"end":{"line":16,"column":4}}},"fnMap":{"0":{"name":"floatLeft","decl":{"start":{"line":1,"column":16},"end":{"line":1,"column":25}},"loc":{"start":{"line":1,"column":28},"end":{"line":5,"column":1}},"line":1},"1":{"name":"floatRight","decl":{"start":{"line":7,"column":16},"end":{"line":7,"column":26}},"loc":{"start":{"line":7,"column":29},"end":{"line":11,"column":1}},"line":7},"2":{"name":"floatNone","decl":{"start":{"line":13,"column":16},"end":{"line":13,"column":25}},"loc":{"start":{"line":13,"column":28},"end":{"line":17,"column":1}},"line":13}},"branchMap":{},"s":{"0":11,"1":11,"2":11},"f":{"0":11,"1":11,"2":11},"b":{},"_coverageSchema":"332fd63041d2c1bcb487cc26dd0d5f7d97098a6c","hash":"dbb3c925ac6e1b2c627a4d7d1c18667b71698f76"}
,"/home/ajt/workspace/module.kopaxgroup.com/styled-components/bootstrap-styled-mixins/src/forms.js": {"path":"/home/ajt/workspace/module.kopaxgroup.com/styled-components/bootstrap-styled-mixins/src/forms.js","statementMap":{"0":{"start":{"line":6,"column":28},"end":{"line":29,"column":1}},"1":{"start":{"line":55,"column":2},"end":{"line":111,"column":4}},"2":{"start":{"line":119,"column":2},"end":{"line":147,"column":4}},"3":{"start":{"line":162,"column":2},"end":{"line":170,"column":4}},"4":{"start":{"line":178,"column":2},"end":{"line":196,"column":4}}},"fnMap":{"0":{"name":"formControl","decl":{"start":{"line":31,"column":16},"end":{"line":31,"column":27}},"loc":{"start":{"line":54,"column":2},"end":{"line":112,"column":1}},"line":54},"1":{"name":"formControlValidation","decl":{"start":{"line":118,"column":16},"end":{"line":118,"column":37}},"loc":{"start":{"line":118,"column":150},"end":{"line":148,"column":1}},"line":118},"2":{"name":"formControlFocus","decl":{"start":{"line":161,"column":16},"end":{"line":161,"column":32}},"loc":{"start":{"line":161,"column":303},"end":{"line":171,"column":1}},"line":161},"3":{"name":"inputSize","decl":{"start":{"line":177,"column":16},"end":{"line":177,"column":25}},"loc":{"start":{"line":177,"column":196},"end":{"line":197,"column":1}},"line":177}},"branchMap":{"0":{"loc":{"start":{"line":32,"column":2},"end":{"line":32,"column":50}},"type":"default-arg","locations":[{"start":{"line":32,"column":19},"end":{"line":32,"column":50}}],"line":32},"1":{"loc":{"start":{"line":33,"column":2},"end":{"line":33,"column":58}},"type":"default-arg","locations":[{"start":{"line":33,"column":23},"end":{"line":33,"column":58}}],"line":33},"2":{"loc":{"start":{"line":34,"column":2},"end":{"line":34,"column":50}},"type":"default-arg","locations":[{"start":{"line":34,"column":19},"end":{"line":34,"column":50}}],"line":34},"3":{"loc":{"start":{"line":35,"column":2},"end":{"line":35,"column":46}},"type":"default-arg","locations":[{"start":{"line":35,"column":17},"end":{"line":35,"column":46}}],"line":35},"4":{"loc":{"start":{"line":36,"column":2},"end":{"line":36,"column":51}},"type":"default-arg","locations":[{"start":{"line":36,"column":19},"end":{"line":36,"column":51}}],"line":36},"5":{"loc":{"start":{"line":37,"column":2},"end":{"line":37,"column":51}},"type":"default-arg","locations":[{"start":{"line":37,"column":19},"end":{"line":37,"column":51}}],"line":37},"6":{"loc":{"start":{"line":38,"column":2},"end":{"line":38,"column":49}},"type":"default-arg","locations":[{"start":{"line":38,"column":18},"end":{"line":38,"column":49}}],"line":38},"7":{"loc":{"start":{"line":39,"column":2},"end":{"line":39,"column":55}},"type":"default-arg","locations":[{"start":{"line":39,"column":21},"end":{"line":39,"column":55}}],"line":39},"8":{"loc":{"start":{"line":40,"column":2},"end":{"line":40,"column":44}},"type":"default-arg","locations":[{"start":{"line":40,"column":16},"end":{"line":40,"column":44}}],"line":40},"9":{"loc":{"start":{"line":41,"column":2},"end":{"line":41,"column":38}},"type":"default-arg","locations":[{"start":{"line":41,"column":13},"end":{"line":41,"column":38}}],"line":41},"10":{"loc":{"start":{"line":42,"column":2},"end":{"line":42,"column":59}},"type":"default-arg","locations":[{"start":{"line":42,"column":23},"end":{"line":42,"column":59}}],"line":42},"11":{"loc":{"start":{"line":43,"column":2},"end":{"line":43,"column":64}},"type":"default-arg","locations":[{"start":{"line":43,"column":25},"end":{"line":43,"column":64}}],"line":43},"12":{"loc":{"start":{"line":44,"column":2},"end":{"line":44,"column":57}},"type":"default-arg","locations":[{"start":{"line":44,"column":22},"end":{"line":44,"column":57}}],"line":44},"13":{"loc":{"start":{"line":45,"column":2},"end":{"line":45,"column":54}},"type":"default-arg","locations":[{"start":{"line":45,"column":21},"end":{"line":45,"column":54}}],"line":45},"14":{"loc":{"start":{"line":46,"column":2},"end":{"line":46,"column":53}},"type":"default-arg","locations":[{"start":{"line":46,"column":20},"end":{"line":46,"column":53}}],"line":46},"15":{"loc":{"start":{"line":47,"column":2},"end":{"line":47,"column":55}},"type":"default-arg","locations":[{"start":{"line":47,"column":21},"end":{"line":47,"column":55}}],"line":47},"16":{"loc":{"start":{"line":48,"column":2},"end":{"line":48,"column":49}},"type":"default-arg","locations":[{"start":{"line":48,"column":18},"end":{"line":48,"column":49}}],"line":48},"17":{"loc":{"start":{"line":49,"column":2},"end":{"line":49,"column":57}},"type":"default-arg","locations":[{"start":{"line":49,"column":22},"end":{"line":49,"column":57}}],"line":49},"18":{"loc":{"start":{"line":50,"column":2},"end":{"line":50,"column":64}},"type":"default-arg","locations":[{"start":{"line":50,"column":25},"end":{"line":50,"column":64}}],"line":50},"19":{"loc":{"start":{"line":51,"column":2},"end":{"line":51,"column":67}},"type":"default-arg","locations":[{"start":{"line":51,"column":27},"end":{"line":51,"column":67}}],"line":51},"20":{"loc":{"start":{"line":52,"column":2},"end":{"line":52,"column":55}},"type":"default-arg","locations":[{"start":{"line":52,"column":21},"end":{"line":52,"column":55}}],"line":52},"21":{"loc":{"start":{"line":53,"column":2},"end":{"line":53,"column":52}},"type":"default-arg","locations":[{"start":{"line":53,"column":20},"end":{"line":53,"column":52}}],"line":53},"22":{"loc":{"start":{"line":73,"column":10},"end":{"line":73,"column":88}},"type":"cond-expr","locations":[{"start":{"line":73,"column":27},"end":{"line":73,"column":66}},{"start":{"line":73,"column":69},"end":{"line":73,"column":88}}],"line":73},"23":{"loc":{"start":{"line":118,"column":38},"end":{"line":118,"column":85}},"type":"default-arg","locations":[{"start":{"line":118,"column":54},"end":{"line":118,"column":85}}],"line":118},"24":{"loc":{"start":{"line":118,"column":98},"end":{"line":118,"column":148}},"type":"default-arg","locations":[{"start":{"line":118,"column":115},"end":{"line":118,"column":148}}],"line":118},"25":{"loc":{"start":{"line":161,"column":33},"end":{"line":161,"column":80}},"type":"default-arg","locations":[{"start":{"line":161,"column":49},"end":{"line":161,"column":80}}],"line":161},"26":{"loc":{"start":{"line":161,"column":82},"end":{"line":161,"column":134}},"type":"default-arg","locations":[{"start":{"line":161,"column":100},"end":{"line":161,"column":134}}],"line":161},"27":{"loc":{"start":{"line":161,"column":136},"end":{"line":161,"column":182}},"type":"default-arg","locations":[{"start":{"line":161,"column":151},"end":{"line":161,"column":182}}],"line":161},"28":{"loc":{"start":{"line":161,"column":184},"end":{"line":161,"column":238}},"type":"default-arg","locations":[{"start":{"line":161,"column":203},"end":{"line":161,"column":238}}],"line":161},"29":{"loc":{"start":{"line":161,"column":240},"end":{"line":161,"column":301}},"type":"default-arg","locations":[{"start":{"line":161,"column":262},"end":{"line":161,"column":301}}],"line":161},"30":{"loc":{"start":{"line":177,"column":26},"end":{"line":177,"column":73}},"type":"default-arg","locations":[{"start":{"line":177,"column":42},"end":{"line":177,"column":73}}],"line":177},"31":{"loc":{"start":{"line":177,"column":138},"end":{"line":177,"column":194}},"type":"default-arg","locations":[{"start":{"line":177,"column":158},"end":{"line":177,"column":194}}],"line":177}},"s":{"0":2,"1":2,"2":3,"3":5,"4":3},"f":{"0":2,"1":3,"2":5,"3":3},"b":{"0":[1],"1":[1],"2":[1],"3":[1],"4":[1],"5":[1],"6":[1],"7":[1],"8":[1],"9":[1],"10":[1],"11":[1],"12":[1],"13":[1],"14":[1],"15":[1],"16":[1],"17":[1],"18":[1],"19":[1],"20":[1],"21":[1],"22":[2,0],"23":[1],"24":[1],"25":[1],"26":[1],"27":[1],"28":[1],"29":[1],"30":[1],"31":[1]},"_coverageSchema":"332fd63041d2c1bcb487cc26dd0d5f7d97098a6c","hash":"57f4086b6e343012dea63ccd50e0003e8e9f5e69"}
,"/home/ajt/workspace/module.kopaxgroup.com/styled-components/bootstrap-styled-mixins/src/gradients.js": {"path":"/home/ajt/workspace/module.kopaxgroup.com/styled-components/bootstrap-styled-mixins/src/gradients.js","statementMap":{"0":{"start":{"line":8,"column":2},"end":{"line":12,"column":4}},"1":{"start":{"line":20,"column":2},"end":{"line":24,"column":4}},"2":{"start":{"line":28,"column":2},"end":{"line":31,"column":4}},"3":{"start":{"line":35,"column":2},"end":{"line":39,"column":4}},"4":{"start":{"line":43,"column":2},"end":{"line":47,"column":4}},"5":{"start":{"line":51,"column":2},"end":{"line":54,"column":4}},"6":{"start":{"line":58,"column":2},"end":{"line":60,"column":4}}},"fnMap":{"0":{"name":"gradientX","decl":{"start":{"line":7,"column":16},"end":{"line":7,"column":25}},"loc":{"start":{"line":7,"column":108},"end":{"line":13,"column":1}},"line":7},"1":{"name":"gradientY","decl":{"start":{"line":19,"column":16},"end":{"line":19,"column":25}},"loc":{"start":{"line":19,"column":108},"end":{"line":25,"column":1}},"line":19},"2":{"name":"gradientDirectional","decl":{"start":{"line":27,"column":16},"end":{"line":27,"column":35}},"loc":{"start":{"line":27,"column":91},"end":{"line":32,"column":1}},"line":27},"3":{"name":"gradientXThreeColors","decl":{"start":{"line":34,"column":16},"end":{"line":34,"column":36}},"loc":{"start":{"line":34,"column":124},"end":{"line":40,"column":1}},"line":34},"4":{"name":"gradientYThreeColors","decl":{"start":{"line":42,"column":16},"end":{"line":42,"column":36}},"loc":{"start":{"line":42,"column":124},"end":{"line":48,"column":1}},"line":42},"5":{"name":"gradientRadial","decl":{"start":{"line":50,"column":16},"end":{"line":50,"column":30}},"loc":{"start":{"line":50,"column":73},"end":{"line":55,"column":1}},"line":50},"6":{"name":"gradientStriped","decl":{"start":{"line":57,"column":16},"end":{"line":57,"column":31}},"loc":{"start":{"line":57,"column":82},"end":{"line":61,"column":1}},"line":57}},"branchMap":{"0":{"loc":{"start":{"line":7,"column":26},"end":{"line":7,"column":45}},"type":"default-arg","locations":[{"start":{"line":7,"column":39},"end":{"line":7,"column":45}}],"line":7},"1":{"loc":{"start":{"line":7,"column":47},"end":{"line":7,"column":64}},"type":"default-arg","locations":[{"start":{"line":7,"column":58},"end":{"line":7,"column":64}}],"line":7},"2":{"loc":{"start":{"line":7,"column":66},"end":{"line":7,"column":85}},"type":"default-arg","locations":[{"start":{"line":7,"column":81},"end":{"line":7,"column":85}}],"line":7},"3":{"loc":{"start":{"line":7,"column":87},"end":{"line":7,"column":106}},"type":"default-arg","locations":[{"start":{"line":7,"column":100},"end":{"line":7,"column":106}}],"line":7},"4":{"loc":{"start":{"line":19,"column":26},"end":{"line":19,"column":45}},"type":"default-arg","locations":[{"start":{"line":19,"column":39},"end":{"line":19,"column":45}}],"line":19},"5":{"loc":{"start":{"line":19,"column":47},"end":{"line":19,"column":64}},"type":"default-arg","locations":[{"start":{"line":19,"column":58},"end":{"line":19,"column":64}}],"line":19},"6":{"loc":{"start":{"line":19,"column":66},"end":{"line":19,"column":85}},"type":"default-arg","locations":[{"start":{"line":19,"column":81},"end":{"line":19,"column":85}}],"line":19},"7":{"loc":{"start":{"line":19,"column":87},"end":{"line":19,"column":106}},"type":"default-arg","locations":[{"start":{"line":19,"column":100},"end":{"line":19,"column":106}}],"line":19},"8":{"loc":{"start":{"line":27,"column":36},"end":{"line":27,"column":55}},"type":"default-arg","locations":[{"start":{"line":27,"column":49},"end":{"line":27,"column":55}}],"line":27},"9":{"loc":{"start":{"line":27,"column":57},"end":{"line":27,"column":74}},"type":"default-arg","locations":[{"start":{"line":27,"column":68},"end":{"line":27,"column":74}}],"line":27},"10":{"loc":{"start":{"line":27,"column":76},"end":{"line":27,"column":89}},"type":"default-arg","locations":[{"start":{"line":27,"column":82},"end":{"line":27,"column":89}}],"line":27},"11":{"loc":{"start":{"line":34,"column":37},"end":{"line":34,"column":59}},"type":"default-arg","locations":[{"start":{"line":34,"column":50},"end":{"line":34,"column":59}}],"line":34},"12":{"loc":{"start":{"line":34,"column":61},"end":{"line":34,"column":81}},"type":"default-arg","locations":[{"start":{"line":34,"column":72},"end":{"line":34,"column":81}}],"line":34},"13":{"loc":{"start":{"line":34,"column":83},"end":{"line":34,"column":100}},"type":"default-arg","locations":[{"start":{"line":34,"column":95},"end":{"line":34,"column":100}}],"line":34},"14":{"loc":{"start":{"line":34,"column":102},"end":{"line":34,"column":122}},"type":"default-arg","locations":[{"start":{"line":34,"column":113},"end":{"line":34,"column":122}}],"line":34},"15":{"loc":{"start":{"line":42,"column":37},"end":{"line":42,"column":59}},"type":"default-arg","locations":[{"start":{"line":42,"column":50},"end":{"line":42,"column":59}}],"line":42},"16":{"loc":{"start":{"line":42,"column":61},"end":{"line":42,"column":81}},"type":"default-arg","locations":[{"start":{"line":42,"column":72},"end":{"line":42,"column":81}}],"line":42},"17":{"loc":{"start":{"line":42,"column":83},"end":{"line":42,"column":100}},"type":"default-arg","locations":[{"start":{"line":42,"column":95},"end":{"line":42,"column":100}}],"line":42},"18":{"loc":{"start":{"line":42,"column":102},"end":{"line":42,"column":122}},"type":"default-arg","locations":[{"start":{"line":42,"column":113},"end":{"line":42,"column":122}}],"line":42},"19":{"loc":{"start":{"line":50,"column":31},"end":{"line":50,"column":50}},"type":"default-arg","locations":[{"start":{"line":50,"column":44},"end":{"line":50,"column":50}}],"line":50},"20":{"loc":{"start":{"line":50,"column":52},"end":{"line":50,"column":71}},"type":"default-arg","locations":[{"start":{"line":50,"column":65},"end":{"line":50,"column":71}}],"line":50},"21":{"loc":{"start":{"line":57,"column":32},"end":{"line":57,"column":63}},"type":"default-arg","locations":[{"start":{"line":57,"column":40},"end":{"line":57,"column":63}}],"line":57},"22":{"loc":{"start":{"line":57,"column":65},"end":{"line":57,"column":80}},"type":"default-arg","locations":[{"start":{"line":57,"column":73},"end":{"line":57,"column":80}}],"line":57}},"s":{"0":1,"1":1,"2":1,"3":1,"4":1,"5":1,"6":1},"f":{"0":1,"1":1,"2":1,"3":1,"4":1,"5":1,"6":1},"b":{"0":[1],"1":[1],"2":[1],"3":[1],"4":[1],"5":[1],"6":[1],"7":[1],"8":[1],"9":[1],"10":[1],"11":[1],"12":[1],"13":[1],"14":[1],"15":[1],"16":[1],"17":[1],"18":[1],"19":[1],"20":[1],"21":[1],"22":[1]},"_coverageSchema":"332fd63041d2c1bcb487cc26dd0d5f7d97098a6c","hash":"67bff759d869a337943f90d30e1ea426e8b3caaf"}
,"/home/ajt/workspace/module.kopaxgroup.com/styled-components/bootstrap-styled-mixins/src/grid-framework.js": {"path":"/home/ajt/workspace/module.kopaxgroup.com/styled-components/bootstrap-styled-mixins/src/grid-framework.js","statementMap":{"0":{"start":{"line":4,"column":28},"end":{"line":21,"column":1}},"1":{"start":{"line":29,"column":2},"end":{"line":34,"column":4}},"2":{"start":{"line":38,"column":21},"end":{"line":38,"column":23}},"3":{"start":{"line":39,"column":16},"end":{"line":39,"column":60}},"4":{"start":{"line":40,"column":2},"end":{"line":48,"column":3}},"5":{"start":{"line":41,"column":19},"end":{"line":46,"column":5}},"6":{"start":{"line":47,"column":4},"end":{"line":47,"column":28}},"7":{"start":{"line":49,"column":2},"end":{"line":57,"column":4}},"8":{"start":{"line":61,"column":16},"end":{"line":61,"column":60}},"9":{"start":{"line":62,"column":16},"end":{"line":74,"column":3}},"10":{"start":{"line":76,"column":21},"end":{"line":76,"column":23}},"11":{"start":{"line":77,"column":2},"end":{"line":85,"column":3}},"12":{"start":{"line":78,"column":19},"end":{"line":83,"column":5}},"13":{"start":{"line":84,"column":4},"end":{"line":84,"column":28}},"14":{"start":{"line":86,"column":23},"end":{"line":86,"column":39}},"15":{"start":{"line":87,"column":29},"end":{"line":87,"column":31}},"16":{"start":{"line":88,"column":2},"end":{"line":98,"column":5}},"17":{"start":{"line":89,"column":4},"end":{"line":97,"column":5}},"18":{"start":{"line":90,"column":29},"end":{"line":95,"column":7}},"19":{"start":{"line":96,"column":6},"end":{"line":96,"column":46}},"20":{"start":{"line":100,"column":27},"end":{"line":100,"column":29}},"21":{"start":{"line":101,"column":2},"end":{"line":111,"column":3}},"22":{"start":{"line":102,"column":4},"end":{"line":110,"column":5}},"23":{"start":{"line":103,"column":27},"end":{"line":108,"column":7}},"24":{"start":{"line":109,"column":6},"end":{"line":109,"column":42}},"25":{"start":{"line":112,"column":2},"end":{"line":117,"column":5}},"26":{"start":{"line":121,"column":2},"end":{"line":133,"column":3}},"27":{"start":{"line":122,"column":27},"end":{"line":122,"column":29}},"28":{"start":{"line":123,"column":4},"end":{"line":129,"column":7}},"29":{"start":{"line":124,"column":25},"end":{"line":127,"column":7}},"30":{"start":{"line":128,"column":6},"end":{"line":128,"column":38}},"31":{"start":{"line":130,"column":4},"end":{"line":132,"column":6}},"32":{"start":{"line":134,"column":2},"end":{"line":134,"column":12}}},"fnMap":{"0":{"name":"getGridColumn","decl":{"start":{"line":28,"column":16},"end":{"line":28,"column":29}},"loc":{"start":{"line":28,"column":135},"end":{"line":35,"column":1}},"line":28},"1":{"name":"getColumnGridColumn","decl":{"start":{"line":37,"column":16},"end":{"line":37,"column":35}},"loc":{"start":{"line":37,"column":202},"end":{"line":58,"column":1}},"line":37},"2":{"name":"getMediaBreakpointUp","decl":{"start":{"line":60,"column":16},"end":{"line":60,"column":36}},"loc":{"start":{"line":60,"column":147},"end":{"line":118,"column":1}},"line":60},"3":{"name":"(anonymous_3)","decl":{"start":{"line":88,"column":23},"end":{"line":88,"column":24}},"loc":{"start":{"line":88,"column":37},"end":{"line":98,"column":3}},"line":88},"4":{"name":"makeGridColumns","decl":{"start":{"line":120,"column":16},"end":{"line":120,"column":31}},"loc":{"start":{"line":120,"column":244},"end":{"line":135,"column":1}},"line":120},"5":{"name":"(anonymous_5)","decl":{"start":{"line":123,"column":41},"end":{"line":123,"column":42}},"loc":{"start":{"line":123,"column":57},"end":{"line":129,"column":5}},"line":123}},"branchMap":{"0":{"loc":{"start":{"line":28,"column":30},"end":{"line":28,"column":84}},"type":"default-arg","locations":[{"start":{"line":28,"column":49},"end":{"line":28,"column":84}}],"line":28},"1":{"loc":{"start":{"line":28,"column":86},"end":{"line":28,"column":133}},"type":"default-arg","locations":[{"start":{"line":28,"column":100},"end":{"line":28,"column":133}}],"line":28},"2":{"loc":{"start":{"line":37,"column":36},"end":{"line":37,"column":79}},"type":"default-arg","locations":[{"start":{"line":37,"column":50},"end":{"line":37,"column":79}}],"line":37},"3":{"loc":{"start":{"line":37,"column":81},"end":{"line":37,"column":132}},"type":"default-arg","locations":[{"start":{"line":37,"column":99},"end":{"line":37,"column":132}}],"line":37},"4":{"loc":{"start":{"line":37,"column":134},"end":{"line":37,"column":188}},"type":"default-arg","locations":[{"start":{"line":37,"column":153},"end":{"line":37,"column":188}}],"line":37},"5":{"loc":{"start":{"line":60,"column":37},"end":{"line":60,"column":80}},"type":"default-arg","locations":[{"start":{"line":60,"column":51},"end":{"line":60,"column":80}}],"line":60},"6":{"loc":{"start":{"line":60,"column":82},"end":{"line":60,"column":133}},"type":"default-arg","locations":[{"start":{"line":60,"column":100},"end":{"line":60,"column":133}}],"line":60},"7":{"loc":{"start":{"line":102,"column":4},"end":{"line":110,"column":5}},"type":"if","locations":[{"start":{"line":102,"column":4},"end":{"line":110,"column":5}},{"start":{"line":102,"column":4},"end":{"line":110,"column":5}}],"line":102},"8":{"loc":{"start":{"line":102,"column":8},"end":{"line":102,"column":30}},"type":"binary-expr","locations":[{"start":{"line":102,"column":8},"end":{"line":102,"column":19}},{"start":{"line":102,"column":23},"end":{"line":102,"column":30}}],"line":102},"9":{"loc":{"start":{"line":120,"column":32},"end":{"line":120,"column":88}},"type":"default-arg","locations":[{"start":{"line":120,"column":52},"end":{"line":120,"column":88}}],"line":120},"10":{"loc":{"start":{"line":120,"column":90},"end":{"line":120,"column":133}},"type":"default-arg","locations":[{"start":{"line":120,"column":104},"end":{"line":120,"column":133}}],"line":120},"11":{"loc":{"start":{"line":120,"column":135},"end":{"line":120,"column":189}},"type":"default-arg","locations":[{"start":{"line":120,"column":154},"end":{"line":120,"column":189}}],"line":120},"12":{"loc":{"start":{"line":120,"column":191},"end":{"line":120,"column":242}},"type":"default-arg","locations":[{"start":{"line":120,"column":209},"end":{"line":120,"column":242}}],"line":120},"13":{"loc":{"start":{"line":121,"column":2},"end":{"line":133,"column":3}},"type":"if","locations":[{"start":{"line":121,"column":2},"end":{"line":133,"column":3}},{"start":{"line":121,"column":2},"end":{"line":133,"column":3}}],"line":121}},"s":{"0":2,"1":158,"2":12,"3":12,"4":12,"5":144,"6":144,"7":12,"8":12,"9":12,"10":12,"11":12,"12":144,"13":144,"14":12,"15":12,"16":12,"17":24,"18":312,"19":312,"20":12,"21":12,"22":144,"23":144,"24":144,"25":12,"26":3,"27":2,"28":2,"29":10,"30":10,"31":2,"32":1},"f":{"0":158,"1":12,"2
[...]
:14,"column":4}},"2":{"start":{"line":18,"column":2},"end":{"line":26,"column":4}},"3":{"start":{"line":30,"column":2},"end":{"line":38,"column":4}},"4":{"start":{"line":42,"column":2},"end":{"line":48,"column":4}}},"fnMap":{"0":{"name":"getPositionUtilities","decl":{"start":{"line":6,"column":16},"end":{"line":6,"column":36}},"loc":{"start":{"line":9,"column":2},"end":{"line":15,"column":1}},"line":9},"1":{"name":"fixedTop","decl":{"start":{"line":17,"column":16},"end":{"line":17,"column":24}},"loc":{"start":{"line":17,"column":70},"end":{"line":27,"column":1}},"line":17},"2":{"name":"fixedBottom","decl":{"start":{"line":29,"column":16},"end":{"line":29,"column":27}},"loc":{"start":{"line":29,"column":73},"end":{"line":39,"column":1}},"line":29},"3":{"name":"stickTop","decl":{"start":{"line":41,"column":16},"end":{"line":41,"column":24}},"loc":{"start":{"line":41,"column":72},"end":{"line":49,"column":1}},"line":41}},"branchMap":{"0":{"loc":{"start":{"line":7,"column":2},"end":{"line":7,"column":45}},"type":"default-arg","locations":[{"start":{"line":7,"column":16},"end":{"line":7,"column":45}}],"line":7},"1":{"loc":{"start":{"line":8,"column":2},"end":{"line":8,"column":47}},"type":"default-arg","locations":[{"start":{"line":8,"column":17},"end":{"line":8,"column":47}}],"line":8},"2":{"loc":{"start":{"line":17,"column":25},"end":{"line":17,"column":68}},"type":"default-arg","locations":[{"start":{"line":17,"column":39},"end":{"line":17,"column":68}}],"line":17},"3":{"loc":{"start":{"line":29,"column":28},"end":{"line":29,"column":71}},"type":"default-arg","locations":[{"start":{"line":29,"column":42},"end":{"line":29,"column":71}}],"line":29},"4":{"loc":{"start":{"line":41,"column":25},"end":{"line":41,"column":70}},"type":"default-arg","locations":[{"start":{"line":41,"column":40},"end":{"line":41,"column":70}}],"line":41}},"s":{"0":2,"1":2,"2":4,"3":4,"4":4},"f":{"0":2,"1":4,"2":4,"3":4},"b":{"0":[1],"1":[1],"2":[1],"3":[1],"4":[1]},"_coverageSchema":"332fd63041d2c1bcb487cc26dd0d5f7d97098a6c","hash":"a02b7a42b5cdc2c27ed851676415747b16e62b51"}
,"/home/ajt/workspace/module.kopaxgroup.com/styled-components/bootstrap-styled-mixins/src/utilities/reboot.js": {"path":"/home/ajt/workspace/module.kopaxgroup.com/styled-components/bootstrap-styled-mixins/src/utilities/reboot.js","statementMap":{"0":{"start":{"line":1,"column":28},"end":{"line":8,"column":1}},"1":{"start":{"line":17,"column":2},"end":{"line":32,"column":4}},"2":{"start":{"line":43,"column":2},"end":{"line":54,"column":3}},"3":{"start":{"line":67,"column":2},"end":{"line":75,"column":4}},"4":{"start":{"line":79,"column":2},"end":{"line":81,"column":4}},"5":{"start":{"line":86,"column":2},"end":{"line":88,"column":4}},"6":{"start":{"line":103,"column":2},"end":{"line":126,"column":4}},"7":{"start":{"line":130,"column":2},"end":{"line":134,"column":4}},"8":{"start":{"line":143,"column":2},"end":{"line":145,"column":4}},"9":{"start":{"line":150,"column":2},"end":{"line":152,"column":4}},"10":{"start":{"line":158,"column":2},"end":{"line":160,"column":4}},"11":{"start":{"line":164,"column":2},"end":{"line":167,"column":4}}},"fnMap":{"0":{"name":"getGlobalStyles","decl":{"start":{"line":16,"column":16},"end":{"line":16,"column":31}},"loc":{"start":{"line":16,"column":34},"end":{"line":33,"column":1}},"line":16},"1":{"name":"getGlobalStyleNoBootstrapProvider","decl":{"start":{"line":35,"column":16},"end":{"line":35,"column":49}},"loc":{"start":{"line":42,"column":2},"end":{"line":55,"column":1}},"line":42},"2":{"name":"html","decl":{"start":{"line":66,"column":16},"end":{"line":66,"column":20}},"loc":{"start":{"line":66,"column":23},"end":{"line":76,"column":1}},"line":66},"3":{"name":"boxSizing","decl":{"start":{"line":78,"column":16},"end":{"line":78,"column":25}},"loc":{"start":{"line":78,"column":28},"end":{"line":82,"column":1}},"line":78},"4":{"name":"ie10FixViewport","decl":{"start":{"line":85,"column":16},"end":{"line":85,"column":31}},"loc":{"start":{"line":85,"column":34},"end":{"line":89,"column":1}},"line":85},"5":{"name":"body","decl":{"start":{"line":95,"column":16},"end":{"line":95,"column":20}},"loc":{"start":{"line":102,"column":2},"end":{"line":127,"column":1}},"line":102},"6":{"name":"bodyUtils","decl":{"start":{"line":129,"column":16},"end":{"line":129,"column":25}},"loc":{"start":{"line":129,"column":28},"end":{"line":135,"column":1}},"line":129},"7":{"name":"tabIndex","decl":{"start":{"line":142,"column":16},"end":{"line":142,"column":24}},"loc":{"start":{"line":142,"column":27},"end":{"line":146,"column":1}},"line":142},"8":{"name":"svg","decl":{"start":{"line":149,"column":16},"end":{"line":149,"column":19}},"loc":{"start":{"line":149,"column":22},"end":{"line":153,"column":1}},"line":149},"9":{"name":"ie10FixHidden","decl":{"start":{"line":157,"column":16},"end":{"line":157,"column":29}},"loc":{"start":{"line":157,"column":32},"end":{"line":161,"column":1}},"line":157},"10":{"name":"webkitFileUploadButton","decl":{"start":{"line":163,"column":16},"end":{"line":163,"column":38}},"loc":{"start":{"line":163,"column":41},"end":{"line":168,"column":1}},"line":163}},"branchMap":{"0":{"loc":{"start":{"line":36,"column":2},"end":{"line":36,"column":52}},"type":"default-arg","locations":[{"start":{"line":36,"column":19},"end":{"line":36,"column":52}}],"line":36},"1":{"loc":{"start":{"line":37,"column":2},"end":{"line":37,"column":48}},"type":"default-arg","locations":[{"start":{"line":37,"column":17},"end":{"line":37,"column":48}}],"line":37},"2":{"loc":{"start":{"line":38,"column":2},"end":{"line":38,"column":52}},"type":"default-arg","locations":[{"start":{"line":38,"column":19},"end":{"line":38,"column":52}}],"line":38},"3":{"loc":{"start":{"line":39,"column":2},"end":{"line":39,"column":52}},"type":"default-arg","locations":[{"start":{"line":39,"column":19},"end":{"line":39,"column":52}}],"line":39},"4":{"loc":{"start":{"line":40,"column":2},"end":{"line":40,"column":41}},"type":"default-arg","locations":[{"start":{"line":40,"column":14},"end":{"line":40,"column":41}}],"line":40},"5":{"loc":{"start":{"line":41,"column":2},"end":{"line":41,"column":35}},"type":"default-arg","locations":[{"start":{"line":41,"column":11},"end":{"line":41,"column":35}}],"line":41},"6":{"loc":{"start":{"line":96,"column":2},"end":{"line":96,"column":52}},"type":"default-arg","locations":[{"start":{"line":96,"column":19},"end":{"line":96,"column":52}}],"line":96},"7":{"loc":{"start":{"line":97,"column":2},"end":{"line":97,"column":48}},"type":"default-arg","locations":[{"start":{"line":97,"column":17},"end":{"line":97,"column":48}}],"line":97},"8":{"loc":{"start":{"line":98,"column":2},"end":{"line":98,"column":52}},"type":"default-arg","locations":[{"start":{"line":98,"column":19},"end":{"line":98,"column":52}}],"line":98},"9":{"loc":{"start":{"line":99,"column":2},"end":{"line":99,"column":52}},"type":"default-arg","locations":[{"start":{"line":99,"column":19},"end":{"line":99,"column":52}}],"line":99},"10":{"loc":{"start":{"line":100,"column":2},"end":{"line":100,"column":41}},"type":"default-arg","locations":[{"start":{"line":100,"column":14},"end":{"line":100,"column":41}}],"line":100},"11":{"loc":{"start":{"line":101,"column":2},"end":{"line":101,"column":35}},"type":"default-arg","locations":[{"start":{"line":101,"column":11},"end":{"line":101,"column":35}}],"line":101}},"s":{"0":2,"1":3,"2":1,"3":4,"4":4,"5":4,"6":3,"7":7,"8":4,"9":4,"10":4,"11":4},"f":{"0":3,"1":1,"2":4,"3":4,"4":4,"5":3,"6":7,"7":4,"8":4,"9":4,"10":4},"b":{"0":[0],"1":[0],"2":[0],"3":[0],"4":[0],"5":[0],"6":[1],"7":[1],"8":[1],"9":[1],"10":[1],"11":[1]},"_coverageSchema":"332fd63041d2c1bcb487cc26dd0d5f7d97098a6c","hash":"05d05969fe283da0c13ec0987e845e00e737935a"}
,"/home/ajt/workspace/module.kopaxgroup.com/styled-components/bootstrap-styled-mixins/src/utilities/screenreaders.js": {"path":"/home/ajt/workspace/module.kopaxgroup.com/styled-components/bootstrap-styled-mixins/src/utilities/screenreaders.js","statementMap":{"0":{"start":{"line":4,"column":2},"end":{"line":12,"column":4}}},"fnMap":{"0":{"name":"getScreenReadersUtilities","decl":{"start":{"line":3,"column":16},"end":{"line":3,"column":41}},"loc":{"start":{"line":3,"column":44},"end":{"line":13,"column":1}},"line":3}},"branchMap":{},"s":{"0":1},"f":{"0":1},"b":{},"_coverageSchema":"332fd63041d2c1bcb487cc26dd0d5f7d97098a6c","hash":"11d87b7ccf226d270a62904d50699451876409c4"}
,"/home/ajt/workspace/module.kopaxgroup.com/styled-components/bootstrap-styled-mixins/src/utilities/sizing.js": {"path":"/home/ajt/workspace/module.kopaxgroup.com/styled-components/bootstrap-styled-mixins/src/utilities/sizing.js","statementMap":{"0":{"start":{"line":1,"column":28},"end":{"line":8,"column":1}},"1":{"start":{"line":11,"column":17},"end":{"line":14,"column":3}},"2":{"start":{"line":16,"column":21},"end":{"line":16,"column":23}},"3":{"start":{"line":17,"column":2},"end":{"line":23,"column":5}},"4":{"start":{"line":18,"column":4},"end":{"line":22,"column":7}},"5":{"start":{"line":19,"column":6},"end":{"line":21,"column":9}},"6":{"start":{"line":25,"column":2},"end":{"line":29,"column":4}}},"fnMap":{"0":{"name":"getSizingUtilities","decl":{"start":{"line":10,"column":16},"end":{"line":10,"column":34}},"loc":{"start":{"line":10,"column":67},"end":{"line":30,"column":1}},"line":10},"1":{"name":"(anonymous_1)","decl":{"start":{"line":17,"column":30},"end":{"line":17,"column":31}},"loc":{"start":{"line":17,"column":43},"end":{"line":23,"column":3}},"line":17},"2":{"name":"(anonymous_2)","decl":{"start":{"line":18,"column":31},"end":{"line":18,"column":32}},"loc":{"start":{"line":18,"column":41},"end":{"line":22,"column":5}},"line":18}},"branchMap":{"0":{"loc":{"start":{"line":10,"column":35},"end":{"line":10,"column":65}},"type":"default-arg","locations":[{"start":{"line":10,"column":43},"end":{"line":10,"column":65}}],"line":10}},"s":{"0":2,"1":2,"2":2,"3":2,"4":4,"5":16,"6":2},"f":{"0":2,"1":4,"2":16},"b":{"0":[1]},"_coverageSchema":"332fd63041d2c1bcb487cc26dd0d5f7d97098a6c","hash":"16e3d1550da9718b2adc2968ca2d33807d8caeba"}
,"/home/ajt/workspace/module.kopaxgroup.com/styled-components/bootstrap-styled-mixins/src/utilities/spacing.js": {"path":"/home/ajt/workspace/module.kopaxgroup.com/styled-components/bootstrap-styled-mixins/src/utilities/spacing.js","statementMap":{"0":{"start":{"line":3,"column":28},"end":{"line":37,"column":1}},"1":{"start":{"line":43,"column":18},"end":{"line":46,"column":3}},"2":{"start":{"line":48,"column":29},"end":{"line":48,"column":31}},"3":{"start":{"line":49,"column":20},"end":{"line":49,"column":22}},"4":{"start":{"line":50,"column":2},"end":{"line":75,"column":5}},"5":{"start":{"line":51,"column":18},"end":{"line":51,"column":62}},"6":{"start":{"line":52,"column":4},"end":{"line":52,"column":26}},"7":{"start":{"line":54,"column":4},"end":{"line":74,"column":7}},"8":{"start":{"line":55,"column":21},"end":{"line":55,"column":34}},"9":{"start":{"line":56,"column":6},"end":{"line":73,"column":9}},"10":{"start":{"line":57,"column":24},"end":{"line":57,"column":37}},"11":{"start":{"line":58,"column":8},"end":{"line":72,"column":12}},"12":{"start":{"line":77,"column":27},"end":{"line":91,"column":4}},"13":{"start":{"line":77,"column":52},"end":{"line":91,"column":3}},"14":{"start":{"line":93,"column":2},"end":{"line":96,"column":4}}},"fnMap":{"0":{"name":"getSpacingUtilities","decl":{"start":{"line":39,"column":16},"end":{"line":39,"column":35}},"loc":{"start":{"line":42,"column":2},"end":{"line":97,"column":1}},"line":42},"1":{"name":"(anonymous_1)","decl":{"start":{"line":50,"column":39},"end":{"line":50,"column":40}},"loc":{"start":{"line":50,"column":55},"end":{"line":75,"column":3}},"line":50},"2":{"name":"(anonymous_2)","decl":{"start":{"line":54,"column":33},"end":{"line":54,"column":34}},"loc":{"start":{"line":54,"column":43},"end":{"line":74,"column":5}},"line":54},"3":{"name":"(anonymous_3)","decl":{"start":{"line":56,"column":35},"end":{"line":56,"column":36}},"loc":{"start":{"line":56,"column":45},"end":{"line":73,"column":7}},"line":56},"4":{"name":"(anonymous_4)","decl":{"start":{"line":77,"column":41},"end":{"line":77,"column":42}},"loc":{"start":{"line":77,"column":52},"end":{"line":91,"column":3}},"line":77}},"branchMap":{"0":{"loc":{"start":{"line":40,"column":2},"end":{"line":40,"column":53}},"type":"default-arg","locations":[{"start":{"line":40,"column":20},"end":{"line":40,"column":53}}],"line":40},"1":{"loc":{"start":{"line":41,"column":2},"end":{"line":41,"column":36}},"type":"default-arg","locations":[{"start":{"line":41,"column":12},"end":{"line":41,"column":36}}],"line":41}},"s":{"0":2,"1":2,"2":2,"3":2,"4":2,"5":10,"6":10,"7":10,"8":20,"9":20,"10":120,"11":120,"12":2,"13":10,"14":2},"f":{"0":2,"1":10,"2":20,"3":120,"4":10},"b":{"0":[1],"1":[1]},"_coverageSchema":"332fd63041d2c1bcb487cc26dd0d5f7d97098a6c","hash":"b99396f9c3cada4506ae5c6194006606d9973943"}
,"/home/ajt/workspace/module.kopaxgroup.com/styled-components/bootstrap-styled-mixins/src/utilities/text.js": {"path":"/home/ajt/workspace/module.kopaxgroup.com/styled-components/bootstrap-styled-mixins/src/utilities/text.js","statementMap":{"0":{"start":{"line":6,"column":28},"end":{"line":24,"column":1}},"1":{"start":{"line":39,"column":32},"end":{"line":39,"column":34}},"2":{"start":{"line":40,"column":2},"end":{"line":48,"column":5}},"3":{"start":{"line":41,"column":18},"end":{"line":41,"column":54}},"4":{"start":{"line":42,"column":33},"end":{"line":46,"column":6}},"5":{"start":{"line":47,"column":4},"end":{"line":47,"column":53}},"6":{"start":{"line":49,"column":2},"end":{"line":102,"column":4}}},"fnMap":{"0":{"name":"getTextUtilities","decl":{"start":{"line":26,"column":16},"end":{"line":26,"column":32}},"loc":{"start":{"line":38,"column":2},"end":{"line":103,"column":1}},"line":38},"1":{"name":"(anonymous_1)","decl":{"start":{"line":40,"column":39},"end":{"line":40,"column":40}},"loc":{"start":{"line":40,"column":47},"end":{"line":48,"column":3}},"line":40}},"branchMap":{"0":{"loc":{"start":{"line":27,"column":2},"end":{"line":27,"column":67}},"type":"default-arg","locations":[{"start":{"line":27,"column":26},"end":{"line":27,"column":67}}],"line":27},"1":{"loc":{"start":{"line":28,"column":2},"end":{"line":28,"column":53}},"type":"default-arg","locations":[{"start":{"line":28,"column":20},"end":{"line":28,"column":53}}],"line":28},"2":{"loc":{"start":{"line":29,"column":2},"end":{"line":29,"column":56}},"type":"default-arg","locations":[{"start":{"line":29,"column":21},"end":{"line":29,"column":56}}],"line":29},"3":{"loc":{"start":{"line":30,"column":2},"end":{"line":30,"column":52}},"type":"default-arg","locations":[{"start":{"line":30,"column":19},"end":{"line":30,"column":52}}],"line":30},"4":{"loc":{"start":{"line":31,"column":2},"end":{"line":31,"column":41}},"type":"default-arg","locations":[{"start":{"line":31,"column":14},"end":{"line":31,"column":41}}],"line":31},"5":{"loc":{"start":{"line":32,"column":2},"end":{"line":32,"column":47}},"type":"default-arg","locations":[{"start":{"line":32,"column":17},"end":{"line":32,"column":47}}],"line":32},"6":{"loc":{"start":{"line":33,"column":2},"end":{"line":33,"column":47}},"type":"default-arg","locations":[{"start":{"line":33,"column":17},"end":{"line":33,"column":47}}],"line":33},"7":{"loc":{"start":{"line":34,"column":2},"end":{"line":34,"column":41}},"type":"default-arg","locations":[{"start":{"line":34,"column":14},"end":{"line":34,"column":41}}],"line":34},"8":{"loc":{"start":{"line":35,"column":2},"end":{"line":35,"column":47}},"type":"default-arg","locations":[{"start":{"line":35,"column":17},"end":{"line":35,"column":47}}],"line":35},"9":{"loc":{"start":{"line":36,"column":2},"end":{"line":36,"column":45}},"type":"default-arg","locations":[{"start":{"line":36,"column":16},"end":{"line":36,"column":45}}],"line":36},"10":{"loc":{"start":{"line":37,"column":2},"end":{"line":37,"column":39}},"type":"default-arg","locations":[{"start":{"line":37,"column":13},"end":{"line":37,"column":39}}],"line":37}},"s":{"0":2,"1":2,"2":2,"3":10,"4":10,"5":10,"6":2},"f":{"0":2,"1":10},"b":{"0":[1],"1":[1],"2":[1],"3":[1],"4":[1],"5":[1],"6":[1],"7":[1],"8":[1],"9":[1],"10":[1]},"_coverageSchema":"332fd63041d2c1bcb487cc26dd0d5f7d97098a6c","hash":"d7861ebee38e0c1d0d8be05761a04c047741cfcf"}
,"/home/ajt/workspace/module.kopaxgroup.com/styled-components/bootstrap-styled-mixins/src/utilities/transition.js": {"path":"/home/ajt/workspace/module.kopaxgroup.com/styled-components/bootstrap-styled-mixins/src/utilities/transition.js","statementMap":{"0":{"start":{"line":4,"column":28},"end":{"line":8,"column":1}},"1":{"start":{"line":15,"column":2},"end":{"line":18,"column":4}},"2":{"start":{"line":22,"column":2},"end":{"line":32,"column":4}},"3":{"start":{"line":36,"column":2},"end":{"line":62,"column":4}},"4":{"start":{"line":68,"column":25},"end":{"line":68,"column":52}},"5":{"start":{"line":74,"column":6},"end":{"line":74,"column":23}},"6":{"start":{"line":75,"column":2},"end":{"line":75,"column":101}}},"fnMap":{"0":{"name":"getTransitionUtilities","decl":{"start":{"line":10,"column":16},"end":{"line":10,"column":38}},"loc":{"start":{"line":14,"column":2},"end":{"line":19,"column":1}},"line":14},"1":{"name":"fade","decl":{"start":{"line":21,"column":16},"end":{"line":21,"column":20}},"loc":{"start":{"line":21,"column":129},"end":{"line":33,"column":1}},"line":21},"2":{"name":"collapse","decl":{"start":{"line":35,"column":16},"end":{"line":35,"column":24}},"loc":{"start":{"line":35,"column":141},"end":{"line":63,"column":1}},"line":35},"3":{"name":"getReactTransition","decl":{"start":{"line":67,"column":16},"end":{"line":67,"column":34}},"loc":{"start":{"line":67,"column":65},"end":{"line":76,"column":1}},"line":67}},"branchMap":{"0":{"loc":{"start":{"line":11,"column":2},"end":{"line":11,"column":57}},"type":"default-arg","locations":[{"start":{"line":11,"column":22},"end":{"line":11,"column":57}}],"line":11},"1":{"loc":{"start":{"line":12,"column":2},"end":{"line":12,"column":51}},"type":"default-arg","locations":[{"start":{"line":12,"column":19},"end":{"line":12,"column":51}}],"line":12},"2":{"loc":{"start":{"line":13,"column":2},"end":{"line":13,"column":59}},"type":"default-arg","locations":[{"start":{"line":13,"column":23},"end":{"line":13,"column":59}}],"line":13},"3":{"loc":{"start":{"line":21,"column":21},"end":{"line":21,"column":76}},"type":"default-arg","locations":[{"start":{"line":21,"column":41},"end":{"line":21,"column":76}}],"line":21},"4":{"loc":{"start":{"line":21,"column":78},"end":{"line":21,"column":127}},"type":"default-arg","locations":[{"start":{"line":21,"column":95},"end":{"line":21,"column":127}}],"line":21},"5":{"loc":{"start":{"line":35,"column":25},"end":{"line":35,"column":80}},"type":"default-arg","locations":[{"start":{"line":35,"column":45},"end":{"line":35,"column":80}}],"line":35},"6":{"loc":{"start":{"line":35,"column":82},"end":{"line":35,"column":139}},"type":"default-arg","locations":[{"start":{"line":35,"column":103},"end":{"line":35,"column":139}}],"line":35}},"s":{"0":2,"1":2,"2":5,"3":5,"4":2,"5":2,"6":2},"f":{"0":2,"1":5,"2":5,"3":2},"b":{"0":[1],"1":[1],"2":[1],"3":[1],"4":[1],"5":[1],"6":[1]},"_coverageSchema":"332fd63041d2c1bcb487cc26dd0d5f7d97098a6c","hash":"848d5c82452fc82d6f368c02041548076037c5cf"}
,"/home/ajt/workspace/module.kopaxgroup.com/styled-components/bootstrap-styled-mixins/src/utilities/visibility.js": {"path":"/home/ajt/workspace/module.kopaxgroup.com/styled-components/bootstrap-styled-mixins/src/utilities/visibility.js","statementMap":{"0":{"start":{"line":5,"column":2},"end":{"line":14,"column":4}}},"fnMap":{"0":{"name":"getVisibilityUtilities","decl":{"start":{"line":4,"column":16},"end":{"line":4,"column":38}},"loc":{"start":{"line":4,"column":41},"end":{"line":15,"column":1}},"line":4}},"branchMap":{},"s":{"0":1},"f":{"0":1},"b":{},"_coverageSchema":"332fd63041d2c1bcb487cc26dd0d5f7d97098a6c","hash":"50e5167a096691fd46aba4cc595228049a2a4fd5"}
}
