TN:
SF:/home/ajt/workspace/module.kopaxgroup.com/styled-components/bootstrap-styled-mixins/src/a.js
FN:12,a
FNF:1
FNH:1
FNDA:2,a
DA:4,2
DA:19,2
LF:2
LH:2
BRDA:13,0,0,1
BRDA:14,1,0,1
BRDA:15,2,0,1
BRDA:16,3,0,1
BRDA:17,4,0,1
BRF:5
BRH:5
end_of_record
TN:
SF:/home/ajt/workspace/module.kopaxgroup.com/styled-components/bootstrap-styled-mixins/src/alert.js
FN:3,alertVariant
FNF:1
FNH:1
FNDA:1,alertVariant
DA:4,1
LF:1
LH:1
BRF:0
BRH:0
end_of_record
TN:
SF:/home/ajt/workspace/module.kopaxgroup.com/styled-components/bootstrap-styled-mixins/src/background-variant.js
FN:8,bgVariant
FNF:1
FNH:1
FNDA:30,bgVariant
DA:4,3
DA:9,30
LF:2
LH:2
BRDA:8,0,0,8
BRF:1
BRH:1
end_of_record
TN:
SF:/home/ajt/workspace/module.kopaxgroup.com/styled-components/bootstrap-styled-mixins/src/badge.js
FN:8,badgeVariant
FNF:1
FNH:1
FNDA:3,badgeVariant
DA:4,2
DA:9,3
LF:2
LH:2
BRDA:8,0,0,1
BRF:1
BRH:1
end_of_record
TN:
SF:/home/ajt/workspace/module.kopaxgroup.com/styled-components/bootstrap-styled-mixins/src/border-radius.js
FN:6,borderRadius
FN:15,borderTopRadius
FN:25,borderRightRadius
FN:35,borderBottomRadius
FN:45,borderLeftRadius
FNF:5
FNH:5
FNDA:52,borderRadius
FNDA:20,borderTopRadius
FNDA:23,borderRightRadius
FNDA:16,borderBottomRadius
FNDA:23,borderLeftRadius
DA:1,11
DA:7,52
DA:8,46
DA:12,6
DA:16,20
DA:17,18
DA:22,2
DA:26,23
DA:27,19
DA:32,4
DA:36,16
DA:37,14
DA:42,2
DA:46,23
DA:47,19
DA:52,4
LF:16
LH:16
BRDA:6,0,0,1
BRDA:6,1,0,4
BRDA:7,2,0,46
BRDA:7,2,1,6
BRDA:15,3,0,1
BRDA:15,4,0,1
BRDA:16,5,0,18
BRDA:16,5,1,2
BRDA:25,6,0,1
BRDA:25,7,0,2
BRDA:26,8,0,19
BRDA:26,8,1,4
BRDA:35,9,0,1
BRDA:35,10,0,1
BRDA:36,11,0,14
BRDA:36,11,1,2
BRDA:45,12,0,1
BRDA:45,13,0,2
BRDA:46,14,0,19
BRDA:46,14,1,4
BRF:20
BRH:20
end_of_record
TN:
SF:/home/ajt/workspace/module.kopaxgroup.com/styled-components/bootstrap-styled-mixins/src/box-shadow.js
FN:5,boxShadow
FNF:1
FNH:1
FNDA:67,boxShadow
DA:1,6
DA:6,67
DA:7,41
DA:11,26
LF:4
LH:4
BRDA:5,0,0,1
BRDA:6,1,0,41
BRDA:6,1,1,26
BRF:3
BRH:3
end_of_record
TN:
SF:/home/ajt/workspace/module.kopaxgroup.com/styled-components/bootstrap-styled-mixins/src/breakpoints.js
FN:28,breakpointNext
FN:40,breakpointMin
FN:50,breakpointMax
FN:67,breakpointInfix
FN:73,mediaBreakpointUp
FN:89,mediaBreakpointDown
FN:108,mediaBreakpointBetween
FN:139,mediaBreakpointOnly
FNF:8
FNH:8
FNDA:56,breakpointNext
FNDA:1205,breakpointMin
FNDA:31,breakpointMax
FNDA:97,breakpointInfix
FNDA:1078,mediaBreakpointUp
FNDA:22,mediaBreakpointDown
FNDA:6,mediaBreakpointBetween
FNDA:2,mediaBreakpointOnly
DA:3,11
DA:29,56
DA:30,56
DA:31,41
DA:33,15
DA:41,1205
DA:42,1205
DA:51,31
DA:52,31
DA:53,21
DA:54,21
DA:56,10
DA:68,97
DA:74,1078
DA:75,1078
DA:76,856
DA:82,222
DA:90,22
DA:91,22
DA:92,17
DA:98,5
DA:109,6
DA:110,6
DA:111,6
DA:112,2
DA:117,4
DA:118,1
DA:123,3
DA:124,1
DA:130,2
DA:140,2
LF:31
LH:31
BRDA:28,0,0,1
BRDA:28,1,0,52
BRDA:30,2,0,41
BRDA:30,2,1,15
BRDA:30,3,0,56
BRDA:30,3,1,51
BRDA:40,4,0,1
BRDA:42,5,0,979
BRDA:42,5,1,226
BRDA:50,6,0,1
BRDA:52,7,0,21
BRDA:52,7,1,10
BRDA:67,8,0,1
BRDA:68,9,0,23
BRDA:68,9,1,74
BRDA:73,10,0,1
BRDA:75,11,0,856
BRDA:75,11,1,222
BRDA:89,12,0,1
BRDA:91,13,0,17
BRDA:91,13,1,5
BRDA:108,14,0,1
BRDA:111,15,0,2
BRDA:111,15,1,4
BRDA:111,16,0,6
BRDA:111,16,1,3
BRDA:117,17,0,1
BRDA:117,17,1,3
BRDA:123,18,0,1
BRDA:123,18,1,2
BRDA:139,19,0,1
BRF:31
BRH:31
end_of_record
TN:
SF:/home/ajt/workspace/module.kopaxgroup.com/styled-components/bootstrap-styled-mixins/src/buttonGroup.js
FN:24,buttonGroup
FNF:1
FNH:1
FNDA:2,buttonGroup
DA:7,2
DA:39,2
LF:2
LH:2
BRDA:25,0,0,1
BRDA:26,1,0,1
BRDA:27,2,0,1
BRDA:28,3,0,1
BRDA:29,4,0,1
BRDA:30,5,0,1
BRDA:31,6,0,1
BRDA:32,7,0,1
BRDA:33,8,0,1
BRDA:34,9,0,1
BRDA:35,10,0,1
BRDA:36,11,0,1
BRDA:37,12,0,1
BRF:13
BRH:13
end_of_record
TN:
SF:/home/ajt/workspace/module.kopaxgroup.com/styled-components/bootstrap-styled-mixins/src/buttons.js
FN:59,buttonVariant
FN:110,buttonOutlineVariant
FN:145,buttonSize
FN:153,button
FNF:4
FNH:4
FNDA:15,buttonVariant
FNDA:14,buttonOutlineVariant
FNDA:13,buttonSize
FNDA:2,button
DA:8,3
DA:67,15
DA:68,15
DA:70,15
DA:111,14
DA:146,13
DA:203,2
LF:7
LH:7
BRDA:60,0,0,1
BRDA:64,1,0,1
BRDA:65,2,0,1
BRDA:110,3,0,1
BRDA:145,4,0,1
BRDA:154,5,0,1
BRDA:155,6,0,1
BRDA:156,7,0,1
BRDA:157,8,0,1
BRDA:158,9,0,1
BRDA:159,10,0,1
BRDA:160,11,0,1
BRDA:161,12,0,1
BRDA:162,13,0,1
BRDA:163,14,0,1
BRDA:164,15,0,1
BRDA:165,16,0,1
BRDA:166,17,0,1
BRDA:167,18,0,1
BRDA:168,19,0,1
BRDA:169,20,0,1
BRDA:170,21,0,1
BRDA:171,22,0,1
BRDA:172,23,0,1
BRDA:173,24,0,1
BRDA:174,25,0,1
BRDA:175,26,0,1
BRDA:176,27,0,1
BRDA:177,28,0,1
BRDA:178,29,0,1
BRDA:179,30,0,1
BRDA:180,31,0,1
BRDA:181,32,0,1
BRDA:182,33,0,1
BRDA:183,34,0,1
BRDA:184,35,0,1
BRDA:185,36,0,1
BRDA:186,37,0,1
BRDA:187,38,0,1
BRDA:188,39,0,1
BRDA:189,40,0,1
BRDA:190,41,0,1
BRDA:191,42,0,1
BRDA:192,43,0,1
BRDA:193,44,0,1
BRDA:194,45,0,1
BRDA:195,46,0,1
BRDA:196,47,0,1
BRDA:197,48,0,1
BRDA:198,49,0,1
BRDA:199,50,0,2
BRDA:200,51,0,2
BRDA:201,52,0,2
BRF:53
BRH:53
end_of_record
TN:
SF:/home/ajt/workspace/module.kopaxgroup.com/styled-components/bootstrap-styled-mixins/src/cards.js
FN:34,cardVariant
FN:46,cardOutlineVariant
FN:53,cardInverse
FN:80,card
FNF:4
FNH:4
FNDA:12,cardVariant
FNDA:14,cardOutlineVariant
FNDA:5,cardInverse
FNDA:2,card
DA:6,2
DA:8,2
DA:35,12
DA:47,14
DA:54,5
DA:105,2
LF:6
LH:6
BRDA:53,0,0,1
BRDA:53,1,0,1
BRDA:81,2,0,1
BRDA:82,3,0,1
BRDA:83,4,0,1
BRDA:84,5,0,1
BRDA:85,6,0,1
BRDA:86,7,0,1
BRDA:87,8,0,1
BRDA:88,9,0,1
BRDA:89,10,0,1
BRDA:90,11,0,1
BRDA:91,12,0,1
BRDA:92,13,0,1
BRDA:93,14,0,1
BRDA:94,15,0,1
BRDA:95,16,0,1
BRDA:96,17,0,1
BRDA:97,18,0,1
BRDA:98,19,0,1
BRDA:99,20,0,1
BRDA:100,21,0,1
BRDA:101,22,0,1
BRDA:102,23,0,1
BRDA:103,24,0,1
BRF:25
BRH:25
end_of_record
TN:
SF:/home/ajt/workspace/module.kopaxgroup.com/styled-components/bootstrap-styled-mixins/src/clearfix.js
FN:1,clearfix
FNF:1
FNH:1
FNDA:3,clearfix
DA:2,3
LF:1
LH:1
BRF:0
BRH:0
end_of_record
TN:
SF:/home/ajt/workspace/module.kopaxgroup.com/styled-components/bootstrap-styled-mixins/src/conditional.js
FN:1,ifThen
FN:5,ifElse
FNF:2
FNH:2
FNDA:2,ifThen
FNDA:19,ifElse
DA:2,2
DA:6,19
LF:2
LH:2
BRDA:6,0,0,17
BRDA:6,0,1,2
BRF:2
BRH:2
end_of_record
TN:
SF:/home/ajt/workspace/module.kopaxgroup.com/styled-components/bootstrap-styled-mixins/src/customForms.js
FN:78,customForms
FN:144,(anonymous_1)
FN:153,(anonymous_2)
FNF:3
FNH:3
FNDA:2,customForms
FNDA:2,(anonymous_1)
FNDA:2,(anonymous_2)
DA:5,2
DA:143,2
DA:144,2
DA:145,2
DA:152,2
DA:153,2
DA:154,2
DA:160,2
DA:161,2
DA:162,2
DA:164,2
LF:11
LH:11
BRDA:79,0,0,1
BRDA:80,1,0,1
BRDA:81,2,0,1
BRDA:82,3,0,1
BRDA:83,4,0,1
BRDA:84,5,0,1
BRDA:85,6,0,1
BRDA:86,7,0,1
BRDA:87,8,0,1
BRDA:88,9,0,1
BRDA:89,10,0,1
BRDA:90,11,0,1
BRDA:91,12,0,1
BRDA:92,13,0,1
BRDA:93,14,0,1
BRDA:94,15,0,1
BRDA:95,16,0,1
BRDA:96,17,0,1
BRDA:97,18,0,1
BRDA:98,19,0,1
BRDA:99,20,0,1
BRDA:100,21,0,1
BRDA:101,22,0,1
BRDA:102,23,0,1
BRDA:103,24,0,1
BRDA:104,25,0,1
BRDA:105,26,0,1
BRDA:106,27,0,1
BRDA:107,28,0,1
BRDA:108,29,0,1
BRDA:109,30,0,1
BRDA:110,31,0,1
BRDA:111,32,0,1
BRDA:112,33,0,1
BRDA:113,34,0,1
BRDA:114,35,0,1
BRDA:115,36,0,1
BRDA:116,37,0,1
BRDA:117,38,0,1
BRDA:118,39,0,1
BRDA:119,40,0,1
BRDA:120,41,0,1
BRDA:121,42,0,1
BRDA:122,43,0,1
BRDA:123,44,0,1
BRDA:124,45,0,1
BRDA:125,46,0,1
BRDA:126,47,0,1
BRDA:127,48,0,1
BRDA:128,49,0,1
BRDA:129,50,0,1
BRDA:130,51,0,1
BRDA:131,52,0,1
BRDA:132,53,0,1
BRDA:133,54,0,1
BRDA:134,55,0,1
BRDA:135,56,0,1
BRDA:136,57,0,1
BRDA:137,58,0,1
BRDA:138,59,0,1
BRDA:139,60,0,1
BRDA:140,61,0,1
BRDA:141,62,0,1
BRF:63
BRH:63
end_of_record
TN:
SF:/home/ajt/workspace/module.kopaxgroup.com/styled-components/bootstrap-styled-mixins/src/float.js
FN:1,floatLeft
FN:7,floatRight
FN:13,floatNone
FNF:3
FNH:3
FNDA:11,floatLeft
FNDA:11,floatRight
FNDA:11,floatNone
DA:2,11
DA:8,11
DA:14,11
LF:3
LH:3
BRF:0
BRH:0
end_of_record
TN:
SF:/home/ajt/workspace/module.kopaxgroup.com/styled-components/bootstrap-styled-mixins/src/forms.js
FN:31,formControl
FN:118,formControlValidation
FN:161,formControlFocus
FN:177,inputSize
FNF:4
FNH:4
FNDA:2,formControl
FNDA:3,formControlValidation
FNDA:5,formControlFocus
FNDA:3,inputSize
DA:6,2
DA:55,2
DA:119,3
DA:162,5
DA:178,3
LF:5
LH:5
BRDA:32,0,0,1
BRDA:33,1,0,1
BRDA:34,2,0,1
BRDA:35,3,0,1
BRDA:36,4,0,1
BRDA:37,5,0,1
BRDA:38,6,0,1
BRDA:39,7,0,1
BRDA:40,8,0,1
BRDA:41,9,0,1
BRDA:42,10,0,1
BRDA:43,11,0,1
BRDA:44,12,0,1
BRDA:45,13,0,1
BRDA:46,14,0,1
BRDA:47,15,0,1
BRDA:48,16,0,1
BRDA:49,17,0,1
BRDA:50,18,0,1
BRDA:51,19,0,1
BRDA:52,20,0,1
BRDA:53,21,0,1
BRDA:73,22,0,2
BRDA:73,22,1,0
BRDA:118,23,0,1
BRDA:118,24,0,1
BRDA:161,25,0,1
BRDA:161,26,0,1
BRDA:161,27,0,1
BRDA:161,28,0,1
BRDA:161,29,0,1
BRDA:177,30,0,1
BRDA:177,31,0,1
BRF:33
BRH:32
end_of_record
TN:
SF:/home/ajt/workspace/module.kopaxgroup.com/styled-components/bootstrap-styled-mixins/src/gradients.js
FN:7,gradientX
FN:19,gradientY
FN:27,gradientDirectional
FN:34,gradientXThreeColors
FN:42,gradientYThreeColors
FN:50,gradientRadial
FN:57,gradientStriped
FNF:7
FNH:7
FNDA:1,gradientX
FNDA:1,gradientY
FNDA:1,gradientDirectional
FNDA:1,gradientXThreeColors
FNDA:1,gradientYThreeColors
FNDA:1,gradientRadial
FNDA:1,gradientStriped
DA:8,1
DA:20,1
DA:28,1
DA:35,1
DA:43,1
DA:51,1
DA:58,1
LF:7
LH:7
BRDA:7,0,0,1
BRDA:7,1,0,1
BRDA:7,2,0,1
BRDA:7,3,0,1
BRDA:19,4,0,1
BRDA:19,5,0,1
BRDA:19,6,0,1
BRDA:19,7,0,1
BRDA:27,8,0,1
BRDA:27,9,0,1
BRDA:27,10,0,1
BRDA:34,11,0,1
BRDA:34,12,0,1
BRDA:34,13,0,1
BRDA:34,14,0,1
BRDA:42,15,0,1
BRDA:42,16,0,1
BRDA:42,17,0,1
BRDA:42,18,0,1
BRDA:50,19,0,1
BRDA:50,20,0,1
BRDA:57,21,0,1
BRDA:57,22,0,1
BRF:23
BRH:23
end_of_record
TN:
SF:/home/ajt/workspace/module.kopaxgroup.com/styled-components/bootstrap-styled-mixins/src/grid-framework.js
FN:28,getGridColumn
FN:37,getColumnGridColumn
FN:60,getMediaBreakpointUp
FN:88,(anonymous_3)
FN:120,makeGridColumns
FN:123,(anonymous_5)
FNF:6
FNH:6
FNDA:158,getGridColumn
FNDA:12,getColumnGridColumn
FNDA:12,getMediaBreakpointUp
FNDA:24,(anonymous_3)
FNDA:3,makeGridColumns
FNDA:10,(anonymous_5)
DA:4,2
DA:29,158
DA:38,12
DA:39,12
DA:40,12
DA:41,144
DA:47,144
DA:49,12
DA:61,12
DA:62,12
DA:76,12
DA:77,12
DA:78,144
DA:84,144
DA:86,12
DA:87,12
DA:88,12
DA:89,24
DA:90,312
DA:96,312
DA:100,12
DA:101,12
DA:102,144
DA:103,144
DA:109,144
DA:112,12
DA:121,3
DA:122,2
DA:123,2
DA:124,10
DA:128,10
DA:130,2
DA:134,1
LF:33
LH:33
BRDA:28,0,0,1
BRDA:28,1,0,1
BRDA:37,2,0,1
BRDA:37,3,0,1
BRDA:37,4,0,1
BRDA:60,5,0,1
BRDA:60,6,0,1
BRDA:102,7,0,144
BRDA:102,7,1,0
BRDA:102,8,0,144
BRDA:102,8,1,0
BRDA:120,9,0,1
BRDA:120,10,0,1
BRDA:120,11,0,1
BRDA:120,12,0,1
BRDA:121,13,0,2
BRDA:121,13,1,1
BRF:17
BRH:15
end_of_record
TN:
SF:/home/ajt/workspace/module.kopaxgroup.com/styled-components/bootstrap-styled-mixins/src/grid.js
FN:33,makeContainer
FN:36,(anonymous_1)
FN:55,makeContainerMaxWidths
FN:58,(anonymous_3)
FN:72,makeGutters
FN:74,(anonymous_5)
FN:88,makeRow
FN:91,(anonymous_7)
FN:109,makeColReady
FN:111,(anonymous_9)
FN:131,makeCol
FN:141,makeColOffset
FN:147,makeColPush
FN:153,makeColPull
FN:159,makeColModifier
FNF:15
FNH:15
FNDA:3,makeContainer
FNDA:10,(anonymous_1)
FNDA:3,makeContainerMaxWidths
FNDA:8,(anonymous_3)
FNDA:160,makeGutters
FNDA:795,(anonymous_5)
FNDA:4,makeRow
FNDA:10,(anonymous_7)
FNDA:2,makeColReady
FNDA:5,(anonymous_9)
FNDA:146,makeCol
FNDA:147,makeColOffset
FNDA:159,makeColPush
FNDA:159,makeColPull
FNDA:460,makeColModifier
DA:4,3
DA:34,3
DA:35,2
DA:36,2
DA:37,10
DA:38,10
DA:42,10
DA:44,2
DA:51,1
DA:56,3
DA:57,2
DA:58,2
DA:59,8
DA:63,8
DA:65,2
DA:69,1
DA:73,160
DA:74,160
DA:75,795
DA:76,795
DA:77,795
DA:81,795
DA:83,160
DA:89,4
DA:90,2
DA:91,2
DA:92,10
DA:93,10
DA:94,10
DA:98,10
DA:100,2
DA:106,2
DA:110,2
DA:111,2
DA:112,5
DA:113,5
DA:114,5
DA:118,5
DA:120,2
DA:132,146
DA:142,147
DA:148,159
DA:154,159
DA:160,460
DA:166,460
DA:167,460
DA:168,157
DA:169,303
DA:170,157
DA:171,146
DA:172,145
DA:174,460
LF:52
LH:52
BRDA:33,0,0,1
BRDA:33,1,0,1
BRDA:34,2,0,2
BRDA:34,2,1,1
BRDA:55,3,0,1
BRDA:55,4,0,1
BRDA:55,5,0,1
BRDA:56,6,0,2
BRDA:56,6,1,1
BRDA:72,7,0,1
BRDA:72,8,0,2
BRDA:88,9,0,1
BRDA:88,10,0,1
BRDA:89,11,0,2
BRDA:89,11,1,2
BRDA:109,12,0,1
BRDA:131,13,0,1
BRDA:141,14,0,1
BRDA:147,15,0,1
BRDA:149,16,0,146
BRDA:149,16,1,13
BRDA:153,17,0,1
BRDA:155,18,0,146
BRDA:155,18,1,13
BRDA:167,19,0,157
BRDA:167,19,1,303
BRDA:169,20,0,157
BRDA:169,20,1,146
BRDA:171,21,0,145
BRDA:171,21,1,1
BRF:30
BRH:30
end_of_record
TN:
SF:/home/ajt/workspace/module.kopaxgroup.com/styled-components/bootstrap-styled-mixins/src/hover.js
FN:5,hover
FN:20,hoverFocus
FN:35,plainHoverFocus
FN:51,hoverFocusActive
FNF:4
FNH:4
FNDA:50,hover
FNDA:90,hoverFocus
FNDA:7,plainHoverFocus
FNDA:4,hoverFocusActive
DA:1,16
DA:15,50
DA:21,90
DA:22,5
DA:27,85
DA:36,7
DA:37,2
DA:44,5
DA:52,4
DA:53,1
DA:61,3
DA:69,16
DA:70,16
DA:71,16
LF:14
LH:14
BRDA:20,0,0,1
BRDA:21,1,0,5
BRDA:21,1,1,85
BRDA:35,2,0,1
BRDA:36,3,0,2
BRDA:36,3,1,5
BRDA:51,4,0,1
BRDA:52,5,0,1
BRDA:52,5,1,3
BRF:9
BRH:9
end_of_record
TN:
SF:/home/ajt/workspace/module.kopaxgroup.com/styled-components/bootstrap-styled-mixins/src/image.js
FN:10,imgFluid
FN:24,imgRetina
FNF:2
FNH:2
FNDA:1,imgFluid
FNDA:1,imgRetina
DA:11,1
DA:25,1
LF:2
LH:2
BRF:0
BRH:0
end_of_record
TN:
SF:/home/ajt/workspace/module.kopaxgroup.com/styled-components/bootstrap-styled-mixins/src/index.js
FNF:0
FNH:0
LF:0
LH:0
BRF:0
BRH:0
end_of_record
TN:
SF:/home/ajt/workspace/module.kopaxgroup.com/styled-components/bootstrap-styled-mixins/src/list-group.js
FN:8,listGroupItemVariant
FNF:1
FNH:1
FNDA:3,listGroupItemVariant
DA:4,2
DA:9,3
LF:2
LH:2
BRDA:8,0,0,1
BRF:1
BRH:1
end_of_record
TN:
SF:/home/ajt/workspace/module.kopaxgroup.com/styled-components/bootstrap-styled-mixins/src/lists.js
FN:5,listUnstyled
FN:12,listInline
FN:16,listInlineItem
FNF:3
FNH:2
FNDA:1,listUnstyled
FNDA:0,listInline
FNDA:2,listInlineItem
DA:1,2
DA:6,1
DA:13,0
DA:17,2
LF:4
LH:3
BRDA:16,0,0,1
BRF:1
BRH:1
end_of_record
TN:
SF:/home/ajt/workspace/module.kopaxgroup.com/styled-components/bootstrap-styled-mixins/src/media.js
FN:1,media
FNF:1
FNH:1
FNDA:1,media
DA:2,1
LF:1
LH:1
BRF:0
BRH:0
end_of_record
TN:
SF:/home/ajt/workspace/module.kopaxgroup.com/styled-components/bootstrap-styled-mixins/src/nav-divider.js
FN:10,navDivider
FNF:1
FNH:1
FNDA:2,navDivider
DA:3,2
DA:11,2
DA:12,2
LF:3
LH:3
BRDA:10,0,0,1
BRDA:10,1,0,1
BRF:2
BRH:2
end_of_record
TN:
SF:/home/ajt/workspace/module.kopaxgroup.com/styled-components/bootstrap-styled-mixins/src/nav.js
FN:22,nav
FNF:1
FNH:1
FNDA:2,nav
DA:4,2
DA:39,2
LF:2
LH:2
BRDA:23,0,0,1
BRDA:24,1,0,1
BRDA:25,2,0,1
BRDA:26,3,0,1
BRDA:27,4,0,1
BRDA:28,5,0,1
BRDA:29,6,0,1
BRDA:30,7,0,1
BRDA:31,8,0,1
BRDA:32,9,0,1
BRDA:33,10,0,1
BRDA:34,11,0,1
BRDA:35,12,0,1
BRDA:36,13,0,1
BRDA:37,14,0,1
BRF:15
BRH:15
end_of_record
TN:
SF:/home/ajt/workspace/module.kopaxgroup.com/styled-components/bootstrap-styled-mixins/src/navbar-align.js
FN:17,navbarVerticalAlign
FNF:1
FNH:1
FNDA:1,navbarVerticalAlign
DA:3,2
DA:18,1
DA:19,1
DA:20,1
LF:4
LH:4
BRDA:17,0,0,0
BRF:1
BRH:0
end_of_record
TN:
SF:/home/ajt/workspace/module.kopaxgroup.com/styled-components/bootstrap-styled-mixins/src/navbar-toggleable.js
FN:13,navbarToggleable
FN:15,(anonymous_1)
FNF:2
FNH:2
FNDA:5,navbarToggleable
FNDA:20,(anonymous_1)
DA:3,3
DA:14,5
DA:15,5
DA:16,20
DA:17,20
DA:19,20
DA:67,20
DA:69,5
LF:8
LH:8
BRDA:13,0,0,1
BRF:1
BRH:1
end_of_record
TN:
SF:/home/ajt/workspace/module.kopaxgroup.com/styled-components/bootstrap-styled-mixins/src/navbar.js
FN:43,navbar
FNF:1
FNH:1
FNDA:2,navbar
DA:6,2
DA:73,2
LF:2
LH:2
BRDA:44,0,0,1
BRDA:45,1,0,1
BRDA:46,2,0,1
BRDA:47,3,0,1
BRDA:48,4,0,1
BRDA:49,5,0,1
BRDA:50,6,0,1
BRDA:51,7,0,1
BRDA:52,8,0,1
BRDA:53,9,0,1
BRDA:54,10,0,1
BRDA:55,11,0,1
BRDA:56,12,0,1
BRDA:57,13,0,1
BRDA:58,14,0,1
BRDA:59,15,0,1
BRDA:60,16,0,1
BRDA:61,17,0,1
BRDA:62,18,0,1
BRDA:63,19,0,1
BRDA:64,20,0,1
BRDA:65,21,0,2
BRDA:66,22,0,2
BRDA:67,23,0,2
BRDA:68,24,0,2
BRDA:69,25,0,2
BRDA:70,26,0,2
BRDA:71,27,0,2
BRF:28
BRH:28
end_of_record
TN:
SF:/home/ajt/workspace/module.kopaxgroup.com/styled-components/bootstrap-styled-mixins/src/paginations.js
FN:37,(anonymous_0)
FN:57,pagination
FNF:2
FNH:2
FNDA:9,(anonymous_0)
FNDA:2,pagination
DA:4,2
DA:37,9
DA:89,2
LF:3
LH:3
BRDA:37,0,0,1
BRDA:58,1,0,1
BRDA:59,2,0,1
BRDA:60,3,0,1
BRDA:61,4,0,1
BRDA:62,5,0,1
BRDA:63,6,0,1
BRDA:64,7,0,1
BRDA:65,8,0,1
BRDA:66,9,0,1
BRDA:67,10,0,1
BRDA:68,11,0,1
BRDA:69,12,0,1
BRDA:70,13,0,1
BRDA:71,14,0,1
BRDA:72,15,0,1
BRDA:73,16,0,1
BRDA:74,17,0,1
BRDA:75,18,0,1
BRDA:76,19,0,1
BRDA:77,20,0,1
BRDA:78,21,0,1
BRDA:79,22,0,1
BRDA:80,23,0,1
BRDA:81,24,0,1
BRDA:82,25,0,1
BRDA:83,26,0,1
BRDA:84,27,0,1
BRDA:85,28,0,1
BRDA:86,29,0,1
BRDA:87,30,0,1
BRF:31
BRH:31
end_of_record
TN:
SF:/home/ajt/workspace/module.kopaxgroup.com/styled-components/bootstrap-styled-mixins/src/progress.js
FN:1,progressVariant
FNF:1
FNH:1
FNDA:1,progressVariant
DA:2,1
LF:1
LH:1
BRF:0
BRH:0
end_of_record
TN:
SF:/home/ajt/workspace/module.kopaxgroup.com/styled-components/bootstrap-styled-mixins/src/reset-filter.js
FN:6,resetFilter
FNF:1
FNH:1
FNDA:1,resetFilter
DA:7,1
LF:1
LH:1
BRF:0
BRH:0
end_of_record
TN:
SF:/home/ajt/workspace/module.kopaxgroup.com/styled-components/bootstrap-styled-mixins/src/reset-text.js
FN:7,resetText
FNF:1
FNH:1
FNDA:2,resetText
DA:1,2
DA:8,2
LF:2
LH:2
BRDA:7,0,0,1
BRDA:7,1,0,1
BRDA:7,2,0,1
BRF:3
BRH:3
end_of_record
TN:
SF:/home/ajt/workspace/module.kopaxgroup.com/styled-components/bootstrap-styled-mixins/src/resize.js
FN:3,resizable
FNF:1
FNH:1
FNDA:2,resizable
DA:4,2
DA:5,2
DA:6,1
DA:8,1
LF:4
LH:4
BRDA:5,0,0,1
BRDA:5,0,1,1
BRF:2
BRH:2
end_of_record
TN:
SF:/home/ajt/workspace/module.kopaxgroup.com/styled-components/bootstrap-styled-mixins/src/screen-reader.js
FN:5,srOnly
FN:24,srOnlyFocusable
FNF:2
FNH:2
FNDA:2,srOnly
FNDA:2,srOnlyFocusable
DA:6,2
DA:25,2
LF:2
LH:2
BRF:0
BRH:0
end_of_record
TN:
SF:/home/ajt/workspace/module.kopaxgroup.com/styled-components/bootstrap-styled-mixins/src/size.js
FN:3,size
FNF:1
FNH:1
FNDA:2,size
DA:4,2
LF:1
LH:1
BRDA:3,0,0,1
BRF:1
BRH:1
end_of_record
TN:
SF:/home/ajt/workspace/module.kopaxgroup.com/styled-components/bootstrap-styled-mixins/src/tab-focus.js
FN:3,tabFocus
FNF:1
FNH:1
FNDA:3,tabFocus
DA:4,3
LF:1
LH:1
BRF:0
BRH:0
end_of_record
TN:
SF:/home/ajt/workspace/module.kopaxgroup.com/styled-components/bootstrap-styled-mixins/src/table-row.js
FN:5,tableRowVariant
FNF:1
FNH:1
FNDA:5,tableRowVariant
DA:6,5
DA:7,5
LF:2
LH:2
BRF:0
BRH:0
end_of_record
TN:
SF:/home/ajt/workspace/module.kopaxgroup.com/styled-components/bootstrap-styled-mixins/src/text-emphasis.js
FN:9,textEmphasisVariant
FNF:1
FNH:1
FNDA:17,textEmphasisVariant
DA:4,3
DA:10,17
LF:2
LH:2
BRDA:9,0,0,1
BRF:1
BRH:1
end_of_record
TN:
SF:/home/ajt/workspace/module.kopaxgroup.com/styled-components/bootstrap-styled-mixins/src/text-hide.js
FN:2,textHide
FNF:1
FNH:1
FNDA:3,textHide
DA:3,3
LF:1
LH:1
BRF:0
BRH:0
end_of_record
TN:
SF:/home/ajt/workspace/module.kopaxgroup.com/styled-components/bootstrap-styled-mixins/src/text-truncate.js
FN:4,textTruncate
FNF:1
FNH:1
FNDA:3,textTruncate
DA:5,3
LF:1
LH:1
BRF:0
BRH:0
end_of_record
TN:
SF:/home/ajt/workspace/module.kopaxgroup.com/styled-components/bootstrap-styled-mixins/src/transition.js
FN:6,transition
FNF:1
FNH:1
FNDA:19,transition
DA:1,6
DA:7,19
DA:8,14
DA:12,5
LF:4
LH:4
BRDA:6,0,0,1
BRDA:7,1,0,14
BRDA:7,1,1,5
BRDA:7,2,0,19
BRDA:7,2,1,15
BRF:5
BRH:5
end_of_record
TN:
SF:/home/ajt/workspace/module.kopaxgroup.com/styled-components/bootstrap-styled-mixins/src/typography.js
FN:17,typography
FNF:1
FNH:1
FNDA:2,typography
DA:1,2
DA:32,2
LF:2
LH:2
BRDA:18,0,0,1
BRDA:19,1,0,1
BRDA:20,2,0,1
BRDA:21,3,0,1
BRDA:22,4,0,1
BRDA:23,5,0,1
BRDA:24,6,0,1
BRDA:25,7,0,1
BRDA:26,8,0,1
BRDA:27,9,0,1
BRDA:28,10,0,1
BRDA:29,11,0,1
BRDA:30,12,0,1
BRF:13
BRH:13
end_of_record
TN:
SF:/home/ajt/workspace/module.kopaxgroup.com/styled-components/bootstrap-styled-mixins/src/variables.js
FN:3,assertAscending
FN:7,(anonymous_1)
FN:30,assertStartAtZero
FN:31,(anonymous_3)
FN:43,comparable
FNF:5
FNH:5
FNDA:2,assertAscending
FNDA:10,(anonymous_1)
FNDA:2,assertStartAtZero
FNDA:10,(anonymous_3)
FNDA:11,comparable
DA:6,2
DA:7,2
DA:8,10
DA:9,10
DA:11,8
DA:13,0
DA:16,0
DA:17,8
DA:19,1
DA:22,1
DA:24,10
DA:25,10
DA:27,2
DA:31,10
DA:32,2
DA:33,2
DA:34,2
DA:35,1
DA:36,1
DA:38,1
DA:40,2
DA:44,11
LF:22
LH:20
BRDA:9,0,0,2
BRDA:9,0,1,8
BRDA:11,1,0,0
BRDA:11,1,1,8
BRDA:13,2,0,0
BRDA:17,3,0,1
BRDA:17,3,1,7
BRDA:19,4,0,0
BRDA:34,5,0,1
BRDA:34,5,1,1
BRDA:35,6,0,1
BRDA:35,6,1,0
BRF:12
BRH:8
end_of_record
TN:
SF:/home/ajt/workspace/module.kopaxgroup.com/styled-components/bootstrap-styled-mixins/src/visibility.js
FN:4,invisible
FNF:1
FNH:1
FNDA:4,invisible
DA:5,4
LF:1
LH:1
BRF:0
BRH:0
end_of_record
TN:
SF:/home/ajt/workspace/module.kopaxgroup.com/styled-components/bootstrap-styled-mixins/src/utilities/align.js
FN:1,getAlignUtilities
FN:12,alignBaseline
FN:18,alignTop
FN:24,alignMiddle
FN:30,alignBottom
FN:36,alignTextBottom
FN:42,alignTextTop
FNF:7
FNH:7
FNDA:1,getAlignUtilities
FNDA:2,alignBaseline
FNDA:2,alignTop
FNDA:2,alignMiddle
FNDA:2,alignBottom
FNDA:2,alignTextBottom
FNDA:2,alignTextTop
DA:2,1
DA:13,2
DA:19,2
DA:25,2
DA:31,2
DA:37,2
DA:43,2
LF:7
LH:7
BRF:0
BRH:0
end_of_record
TN:
SF:/home/ajt/workspace/module.kopaxgroup.com/styled-components/bootstrap-styled-mixins/src/utilities/background.js
FN:18,getBackgroundUtilities
FN:38,(anonymous_1)
FN:39,(anonymous_2)
FN:40,(anonymous_3)
FN:41,(anonymous_4)
FN:42,(anonymous_5)
FN:43,(anonymous_6)
FN:44,(anonymous_7)
FNF:8
FNH:8
FNDA:2,getBackgroundUtilities
FNDA:2,(anonymous_1)
FNDA:2,(anonymous_2)
FNDA:2,(anonymous_3)
FNDA:2,(anonymous_4)
FNDA:2,(anonymous_5)
FNDA:2,(anonymous_6)
FNDA:2,(anonymous_7)
DA:3,2
DA:28,2
DA:38,2
DA:39,2
DA:40,2
DA:41,2
DA:42,2
DA:43,2
DA:44,2
LF:9
LH:9
BRDA:19,0,0,1
BRDA:20,1,0,1
BRDA:21,2,0,1
BRDA:22,3,0,1
BRDA:23,4,0,1
BRDA:24,5,0,1
BRDA:25,6,0,1
BRDA:26,7,0,1
BRDA:38,8,0,1
BRDA:39,9,0,1
BRDA:40,10,0,1
BRDA:41,11,0,1
BRDA:42,12,0,1
BRDA:43,13,0,1
BRDA:44,14,0,2
BRF:15
BRH:15
end_of_record
TN:
SF:/home/ajt/workspace/module.kopaxgroup.com/styled-components/bootstrap-styled-mixins/src/utilities/borders.js
FN:8,getBordersUtilities
FN:29,rounded
FN:37,roundedTop
FN:45,roundedRight
FN:53,roundedBottom
FN:61,roundedLeft
FN:69,roundedCircle
FN:77,resetBorder
FN:85,resetBorderTop
FN:93,resetBorderRight
FN:102,resetBorderBottom
FN:110,resetBorderLeft
FN:118,resetRounded
FN:126,resetRoundedTop
FN:135,resetRoundedBottom
FN:144,resetRoundedLeft
FN:153,resetRoundedRight
FNF:17
FNH:17
FNDA:3,getBordersUtilities
FNDA:6,rounded
FNDA:6,roundedTop
FNDA:6,roundedRight
FNDA:6,roundedBottom
FNDA:6,roundedLeft
FNDA:5,roundedCircle
FNDA:4,resetBorder
FNDA:4,resetBorderTop
FNDA:4,resetBorderRight
FNDA:4,resetBorderBottom
FNDA:4,resetBorderLeft
FNDA:4,resetRounded
FNDA:4,resetRoundedTop
FNDA:4,resetRoundedBottom
FNDA:4,resetRoundedLeft
FNDA:4,resetRoundedRight
DA:3,2
DA:9,3
DA:30,6
DA:38,6
DA:46,6
DA:54,6
DA:62,6
DA:70,5
DA:78,4
DA:86,4
DA:94,4
DA:103,4
DA:111,4
DA:119,4
DA:127,4
DA:136,4
DA:145,4
DA:154,4
LF:18
LH:18
BRDA:8,0,0,1
BRDA:8,1,0,1
BRDA:29,2,0,1
BRDA:29,3,0,1
BRDA:37,4,0,1
BRDA:37,5,0,1
BRDA:45,6,0,1
BRDA:45,7,0,1
BRDA:53,8,0,1
BRDA:53,9,0,1
BRDA:61,10,0,1
BRDA:61,11,0,1
BRF:12
BRH:12
end_of_record
TN:
SF:/home/ajt/workspace/module.kopaxgroup.com/styled-components/bootstrap-styled-mixins/src/utilities/clearfix.js
FN:3,getClearfixUtilities
FN:9,getClearfix
FNF:2
FNH:2
FNDA:1,getClearfixUtilities
FNDA:2,getClearfix
DA:4,1
DA:10,2
LF:2
LH:2
BRF:0
BRH:0
end_of_record
TN:
SF:/home/ajt/workspace/module.kopaxgroup.com/styled-components/bootstrap-styled-mixins/src/utilities/cursor.js
FN:1,getCursorUtilities
FNF:1
FNH:1
FNDA:1,getCursorUtilities
DA:2,1
LF:1
LH:1
BRF:0
BRH:0
end_of_record
TN:
SF:/home/ajt/workspace/module.kopaxgroup.com/styled-components/bootstrap-styled-mixins/src/utilities/display.js
FN:13,getDisplayUtilities
FN:15,(anonymous_1)
FNF:2
FNH:2
FNDA:2,getDisplayUtilities
FNDA:10,(anonymous_1)
DA:3,2
DA:14,2
DA:15,2
DA:16,10
DA:17,10
DA:30,2
DA:61,2
LF:7
LH:7
BRDA:13,0,0,1
BRF:1
BRH:1
end_of_record
TN:
SF:/home/ajt/workspace/module.kopaxgroup.com/styled-components/bootstrap-styled-mixins/src/utilities/flex.js
FN:13,getFlexUtilities
FN:15,(anonymous_1)
FNF:2
FNH:2
FNDA:2,getFlexUtilities
FNDA:10,(anonymous_1)
DA:3,2
DA:14,2
DA:15,2
DA:16,10
DA:17,10
DA:76,2
LF:6
LH:6
BRDA:13,0,0,1
BRF:1
BRH:1
end_of_record
TN:
SF:/home/ajt/workspace/module.kopaxgroup.com/styled-components/bootstrap-styled-mixins/src/utilities/float.js
FN:14,getFloatUtilities
FN:16,(anonymous_1)
FNF:2
FNH:2
FNDA:2,getFloatUtilities
FNDA:10,(anonymous_1)
DA:4,2
DA:15,2
DA:16,2
DA:17,10
DA:18,10
DA:29,10
DA:32,2
LF:7
LH:7
BRDA:14,0,0,1
BRF:1
BRH:1
end_of_record
TN:
SF:/home/ajt/workspace/module.kopaxgroup.com/styled-components/bootstrap-styled-mixins/src/utilities/position.js
FN:6,getPositionUtilities
FN:17,fixedTop
FN:29,fixedBottom
FN:41,stickTop
FNF:4
FNH:4
FNDA:2,getPositionUtilities
FNDA:4,fixedTop
FNDA:4,fixedBottom
FNDA:4,stickTop
DA:1,2
DA:10,2
DA:18,4
DA:30,4
DA:42,4
LF:5
LH:5
BRDA:7,0,0,1
BRDA:8,1,0,1
BRDA:17,2,0,1
BRDA:29,3,0,1
BRDA:41,4,0,1
BRF:5
BRH:5
end_of_record
TN:
SF:/home/ajt/workspace/module.kopaxgroup.com/styled-components/bootstrap-styled-mixins/src/utilities/reboot.js
FN:16,getGlobalStyles
FN:35,getGlobalStyleNoBootstrapProvider
FN:66,html
FN:78,boxSizing
FN:85,ie10FixViewport
FN:95,body
FN:129,bodyUtils
FN:142,tabIndex
FN:149,svg
FN:157,ie10FixHidden
FN:163,webkitFileUploadButton
FNF:11
FNH:11
FNDA:3,getGlobalStyles
FNDA:1,getGlobalStyleNoBootstrapProvider
FNDA:4,html
FNDA:4,boxSizing
FNDA:4,ie10FixViewport
FNDA:3,body
FNDA:7,bodyUtils
FNDA:4,tabIndex
FNDA:4,svg
FNDA:4,ie10FixHidden
FNDA:4,webkitFileUploadButton
DA:1,2
DA:17,3
DA:43,1
DA:67,4
DA:79,4
DA:86,4
DA:103,3
DA:130,7
DA:143,4
DA:150,4
DA:158,4
DA:164,4
LF:12
LH:12
BRDA:36,0,0,0
BRDA:37,1,0,0
BRDA:38,2,0,0
BRDA:39,3,0,0
BRDA:40,4,0,0
BRDA:41,5,0,0
BRDA:96,6,0,1
BRDA:97,7,0,1
BRDA:98,8,0,1
BRDA:99,9,0,1
BRDA:100,10,0,1
BRDA:101,11,0,1
BRF:12
BRH:6
end_of_record
TN:
SF:/home/ajt/workspace/module.kopaxgroup.com/styled-components/bootstrap-styled-mixins/src/utilities/screenreaders.js
FN:3,getScreenReadersUtilities
FNF:1
FNH:1
FNDA:1,getScreenReadersUtilities
DA:4,1
LF:1
LH:1
BRF:0
BRH:0
end_of_record
TN:
SF:/home/ajt/workspace/module.kopaxgroup.com/styled-components/bootstrap-styled-mixins/src/utilities/sizing.js
FN:10,getSizingUtilities
FN:17,(anonymous_1)
FN:18,(anonymous_2)
FNF:3
FNH:3
FNDA:2,getSizingUtilities
FNDA:4,(anonymous_1)
FNDA:16,(anonymous_2)
DA:1,2
DA:11,2
DA:16,2
DA:17,2
DA:18,4
DA:19,16
DA:25,2
LF:7
LH:7
BRDA:10,0,0,1
BRF:1
BRH:1
end_of_record
TN:
SF:/home/ajt/workspace/module.kopaxgroup.com/styled-components/bootstrap-styled-mixins/src/utilities/spacing.js
FN:39,getSpacingUtilities
FN:50,(anonymous_1)
FN:54,(anonymous_2)
FN:56,(anonymous_3)
FN:77,(anonymous_4)
FNF:5
FNH:5
FNDA:2,getSpacingUtilities
FNDA:10,(anonymous_1)
FNDA:20,(anonymous_2)
FNDA:120,(anonymous_3)
FNDA:10,(anonymous_4)
DA:3,2
DA:43,2
DA:48,2
DA:49,2
DA:50,2
DA:51,10
DA:52,10
DA:54,10
DA:55,20
DA:56,20
DA:57,120
DA:58,120
DA:77,10
DA:93,2
LF:14
LH:14
BRDA:40,0,0,1
BRDA:41,1,0,1
BRF:2
BRH:2
end_of_record
TN:
SF:/home/ajt/workspace/module.kopaxgroup.com/styled-components/bootstrap-styled-mixins/src/utilities/text.js
FN:26,getTextUtilities
FN:40,(anonymous_1)
FNF:2
FNH:2
FNDA:2,getTextUtilities
FNDA:10,(anonymous_1)
DA:6,2
DA:39,2
DA:40,2
DA:41,10
DA:42,10
DA:47,10
DA:49,2
LF:7
LH:7
BRDA:27,0,0,1
BRDA:28,1,0,1
BRDA:29,2,0,1
BRDA:30,3,0,1
BRDA:31,4,0,1
BRDA:32,5,0,1
BRDA:33,6,0,1
BRDA:34,7,0,1
BRDA:35,8,0,1
BRDA:36,9,0,1
BRDA:37,10,0,1
BRF:11
BRH:11
end_of_record
TN:
SF:/home/ajt/workspace/module.kopaxgroup.com/styled-components/bootstrap-styled-mixins/src/utilities/transition.js
FN:10,getTransitionUtilities
FN:21,fade
FN:35,collapse
FN:67,getReactTransition
FNF:4
FNH:4
FNDA:2,getTransitionUtilities
FNDA:5,fade
FNDA:5,collapse
FNDA:2,getReactTransition
DA:4,2
DA:15,2
DA:22,5
DA:36,5
DA:68,2
DA:74,2
DA:75,2
LF:7
LH:7
BRDA:11,0,0,1
BRDA:12,1,0,1
BRDA:13,2,0,1
BRDA:21,3,0,1
BRDA:21,4,0,1
BRDA:35,5,0,1
BRDA:35,6,0,1
BRF:7
BRH:7
end_of_record
TN:
SF:/home/ajt/workspace/module.kopaxgroup.com/styled-components/bootstrap-styled-mixins/src/utilities/visibility.js
FN:4,getVisibilityUtilities
FNF:1
FNH:1
FNDA:1,getVisibilityUtilities
DA:5,1
LF:1
LH:1
BRF:0
BRH:0
end_of_record
